#
# A fatal error has been detected by the Java Runtime Environment:
#
#  EXCEPTION_ACCESS_VIOLATION (0xc0000005) at pc=0x00007ffe6a68d266, pid=9108, tid=4544
#
# JRE version: OpenJDK Runtime Environment (11.0.11+9) (build 11.0.11+9-b60-7590822)
# Java VM: OpenJDK 64-Bit Server VM (11.0.11+9-b60-7590822, mixed mode, tiered, compressed oops, g1 gc, windows-amd64)
# Problematic frame:
# V  [jvm.dll+0x18d266]
#
# No core dump will be written. Minidumps are not enabled by default on client versions of Windows
#
# If you would like to submit a bug report, please visit:
#   https://bugreport.java.com/bugreport/crash.jsp
#

---------------  S U M M A R Y ------------

Command Line: --add-opens=java.base/java.util=ALL-UNNAMED --add-opens=java.base/java.lang=ALL-UNNAMED --add-opens=java.base/java.lang.invoke=ALL-UNNAMED --add-opens=java.base/java.util=ALL-UNNAMED --add-opens=java.prefs/java.util.prefs=ALL-UNNAMED --add-opens=java.prefs/java.util.prefs=ALL-UNNAMED --add-opens=java.base/java.nio.charset=ALL-UNNAMED --add-opens=java.base/java.net=ALL-UNNAMED --add-opens=java.base/java.util.concurrent.atomic=ALL-UNNAMED -Xmx2048m -Dfile.encoding=UTF-8 -Duser.country=BR -Duser.language=pt -Duser.variant org.gradle.launcher.daemon.bootstrap.GradleDaemon 7.2

Host: Intel(R) Core(TM) i5-2310 CPU @ 2.90GHz, 4 cores, 7G,  Windows 10 , 64 bit Build 19041 (10.0.19041.1645)
Time: Tue Apr 26 18:36:18 2022 Hora oficial do Brasil elapsed time: 14.118495 seconds (0d 0h 0m 14s)

---------------  T H R E A D  ---------------

Current thread (0x000001e7eff37000):  GCTaskThread "GC Thread#3" [stack: 0x00000077b2300000,0x00000077b2400000] [id=4544]

Stack: [0x00000077b2300000,0x00000077b2400000],  sp=0x00000077b23ff248,  free space=1020k
Native frames: (J=compiled Java code, j=interpreted, Vv=VM code, C=native code)
V  [jvm.dll+0x18d266]


siginfo: EXCEPTION_ACCESS_VIOLATION (0xc0000005), reading address 0x0000000140000828


Register to memory mapping:

RIP=0x00007ffe6a68d266 jvm.dll
RAX=0x0000000000000001 is an unknown value
RBX=0x0000000086ef8bfc is pointing into object: java.lang.String 
{0x0000000086ef8bf0} - klass: 'java/lang/String'
RCX=
[error occurred during error reporting (printing register info), id 0xc0000005, EXCEPTION_ACCESS_VIOLATION (0xc0000005) at pc=0x00007ffe6a68d266]

Registers:
RAX=0x0000000000000001, RBX=0x0000000086ef8bfc, RCX=0x000000008afea4a0, RDX=0x000000008afea4a0
RSP=0x00000077b23ff248, RBP=0x0000000000000001, RSI=0x000001e7f81b18c0, RDI=0x000001e7f81b18c0
R8 =0x000000008afea4a0, R9 =0x0000000140000820, R10=0x000000008afea4a0, R11=0x000001e7f81b1a30
R12=0x0000000000000000, R13=0x0000000000000001, R14=0x000001e7d3db7a10, R15=0x000000008afea4a0
RIP=0x00007ffe6a68d266, EFLAGS=0x0000000000010202

Top of Stack: (sp=0x00000077b23ff248)
0x00000077b23ff248:   00007ffe6a8003bc 0000000086ef8b01
0x00000077b23ff258:   0000000000000005 000001e7f81b18c0
0x00000077b23ff268:   00007ffe6a7d124e 000001e7d3db7990
0x00000077b23ff278:   0000000080fc51f0 00000014f81b1a30
0x00000077b23ff288:   000000000000000d 0000000000000001
0x00000077b23ff298:   000001e7f81b18c0 0000000000000040
0x00000077b23ff2a8:   000001e7d3db7a10 0000000000000000
0x00000077b23ff2b8:   000001e7f81b18c0 00000077b23ff501
0x00000077b23ff2c8:   00007ffe6a7d20d2 000001e7f81b18c0
0x00000077b23ff2d8:   00007ffe6a80ab01 0000000000000080
0x00000077b23ff2e8:   0000000086ef8bfc 000001e7d3db7990
0x00000077b23ff2f8:   00007ffe6a7fe91b 0000000000000506
0x00000077b23ff308:   00000000000003a1 00000077b23ff501
0x00000077b23ff318:   00000000814fae00 0000000080fc5008
0x00000077b23ff328:   000001e7d3e08678 0000000000000000
0x00000077b23ff338:   00007ffe6aaec19f 00000077b23ff3e0 

Instructions: (pc=0x00007ffe6a68d266)
0x00007ffe6a68d166:   82 00 48 d3 e0 48 03 05 1e 6b 82 00 eb 04 48 8b
0x00007ffe6a68d176:   43 08 81 78 08 00 00 00 c0 73 7d 48 8b 4f 38 48
0x00007ffe6a68d186:   8b d3 48 8b 01 ff 50 20 84 c0 75 6c 38 05 e0 f6
0x00007ffe6a68d196:   86 00 74 15 8b 53 08 8b 0d f5 6a 82 00 48 d3 e2
0x00007ffe6a68d1a6:   48 03 15 e3 6a 82 00 eb 04 48 8b 53 08 48 8b cb
0x00007ffe6a68d1b6:   48 89 5c 24 20 e8 a0 00 00 00 80 7f 30 00 48 63
0x00007ffe6a68d1c6:   c8 48 89 4c 24 28 0f 28 44 24 20 74 17 0f 11 86
0x00007ffe6a68d1d6:   98 03 00 00 48 8b 5c 24 40 48 8b 74 24 48 48 83
0x00007ffe6a68d1e6:   c4 30 5f c3 48 8b 07 48 8d 54 24 20 48 8b cf 66
0x00007ffe6a68d1f6:   0f 7f 44 24 20 ff 50 38 48 8b 5c 24 40 48 8b 74
0x00007ffe6a68d206:   24 48 48 83 c4 30 5f c3 cc cc 48 8b 49 38 48 8b
0x00007ffe6a68d216:   01 48 ff 60 28 cc cc cc cc cc 80 3d 51 f6 86 00
0x00007ffe6a68d226:   00 48 8b c1 74 1b 8b 51 08 8b 0d 63 6a 82 00 48
0x00007ffe6a68d236:   d3 e2 48 8b c8 48 03 15 4e 6a 82 00 e9 19 00 00
0x00007ffe6a68d246:   00 48 8b 51 08 48 8b c8 e9 0d 00 00 00 cc cc cc
0x00007ffe6a68d256:   cc cc cc cc cc cc cc cc cc cc 4c 8b ca 48 8b d1
0x00007ffe6a68d266:   45 8b 41 08 45 85 c0 7e 0e 41 f6 c0 01 75 59 41
0x00007ffe6a68d276:   c1 f8 03 41 8b c0 c3 79 4f 80 3d f2 f5 86 00 00
0x00007ffe6a68d286:   b8 0c 00 00 00 b9 10 00 00 00 0f 45 c8 8b 05 2b
0x00007ffe6a68d296:   b4 80 00 ff c8 4c 63 c8 48 63 c1 41 8b c8 83 e1
0x00007ffe6a68d2a6:   3f 48 63 14 10 41 8b c0 48 c1 f8 10 0f b6 c0 48
0x00007ffe6a68d2b6:   d3 e2 49 8d 0c 11 49 f7 d1 48 03 c1 49 c1 e9 03
0x00007ffe6a68d2c6:   48 c1 e8 03 41 23 c1 c3 49 8b 01 49 8b c9 48 ff
0x00007ffe6a68d2d6:   a0 10 01 00 00 cc cc cc cc cc 48 83 ec 38 0f 10
0x00007ffe6a68d2e6:   02 48 8b 49 38 48 8d 54 24 20 0f 29 44 24 20 e8
0x00007ffe6a68d2f6:   66 f0 ff ff 48 83 c4 38 c3 cc 48 89 5c 24 08 55
0x00007ffe6a68d306:   56 57 41 54 41 55 41 56 41 57 48 8d 6c 24 e0 48
0x00007ffe6a68d316:   81 ec 20 01 00 00 48 8b 05 1d ef 83 00 48 33 c4
0x00007ffe6a68d326:   48 89 45 10 48 8b 05 5f 60 86 00 45 33 ed 4c 8b
0x00007ffe6a68d336:   b5 80 00 00 00 4c 8b fa 48 8b bd 88 00 00 00 4d
0x00007ffe6a68d346:   8b c6 49 8b d6 49 8b f1 48 8b 48 38 48 8b 59 48
0x00007ffe6a68d356:   49 8b cf c7 45 c0 ff ff ff ff 44 89 6d d4 4c 89 


Stack slot to memory mapping:
stack at sp + 0 slots: 0x00007ffe6a8003bc jvm.dll
stack at sp + 1 slots: 0x0000000086ef8b01 is pointing into object: java.util.ArrayList 
{0x0000000086ef8af0} - klass: 'java/util/ArrayList'
stack at sp + 2 slots: 0x0000000000000005 is an unknown value
stack at sp + 3 slots: 0x000001e7f81b18c0 points into unknown readable memory: 0x00007ffe6ad271a8 | a8 71 d2 6a fe 7f 00 00
stack at sp + 4 slots: 0x00007ffe6a7d124e jvm.dll
stack at sp + 5 slots: 0x000001e7d3db7990 points into unknown readable memory: 0x0000000000000506 | 06 05 00 00 00 00 00 00
stack at sp + 6 slots: 0x0000000080fc51f0 is an oop: java.util.concurrent.ConcurrentHashMap$Node 
{0x0000000080fc51f0} - klass: 'java/util/concurrent/ConcurrentHashMap$Node'
stack at sp + 7 slots: 0x00000014f81b1a30 is an unknown value


---------------  P R O C E S S  ---------------

Threads class SMR info:
_java_thread_list=0x000001e7f60ad3a0, length=79, elements={
0x000001e7d3d9d000, 0x000001e7ee0c2800, 0x000001e7ee0cc000, 0x000001e7ee0e0000,
0x000001e7ee0e1000, 0x000001e7ee0e3000, 0x000001e7ee0e6000, 0x000001e7ee0ec800,
0x000001e7ee0f5800, 0x000001e7eebbb800, 0x000001e7f0f3c000, 0x000001e7eee18800,
0x000001e7f0fa6000, 0x000001e7f14a6000, 0x000001e7efc65800, 0x000001e7eff36000,
0x000001e7efc4d000, 0x000001e7efe94000, 0x000001e7f129d800, 0x000001e7f1760000,
0x000001e7f175f000, 0x000001e7f175b000, 0x000001e7f175a000, 0x000001e7f1760800,
0x000001e7f175b800, 0x000001e7f175c800, 0x000001e7f175d800, 0x000001e7f175e000,
0x000001e7f1d45800, 0x000001e7f1d42000, 0x000001e7f1d43000, 0x000001e7f1d46800,
0x000001e7f1d48000, 0x000001e7f1d4a800, 0x000001e7f1d51000, 0x000001e7f1d4b000,
0x000001e7f1d4c000, 0x000001e7f1d4d800, 0x000001e7f1d4e800, 0x000001e7f1d4f800,
0x000001e7f1d50000, 0x000001e7f1d4d000, 0x000001e7eee1c800, 0x000001e7eee1f000,
0x000001e7eee1e000, 0x000001e7eee1b800, 0x000001e7eee1f800, 0x000001e7eee20800,
0x000001e7eee21800, 0x000001e7eee22000, 0x000001e7eee23000, 0x000001e7eee1d800,
0x000001e7eee27000, 0x000001e7eee28000, 0x000001e7eee28800, 0x000001e7eee25800,
0x000001e7eee29800, 0x000001e7eee24000, 0x000001e7eee2a800, 0x000001e7eee24800,
0x000001e7eee26800, 0x000001e7f3ccf000, 0x000001e7f3ccc000, 0x000001e7f3ccd800,
0x000001e7f3cd0000, 0x000001e7f3cd1800, 0x000001e7f3cce800, 0x000001e7f3cd0800,
0x000001e7f3cd2800, 0x000001e7f3ccc800, 0x000001e7f3cd7800, 0x000001e7f3cd8000,
0x000001e7f3cd9000, 0x000001e7f3cd3000, 0x000001e7f3cd9800, 0x000001e7f3cd4000,
0x000001e7f3cda800, 0x000001e7f3cd5800, 0x000001e7f3cd6800
}

Java Threads: ( => current thread )
  0x000001e7d3d9d000 JavaThread "main" [_thread_blocked, id=6736, stack(0x00000077b0600000,0x00000077b0700000)]
  0x000001e7ee0c2800 JavaThread "Reference Handler" daemon [_thread_blocked, id=12056, stack(0x00000077b0d00000,0x00000077b0e00000)]
  0x000001e7ee0cc000 JavaThread "Finalizer" daemon [_thread_blocked, id=2152, stack(0x00000077b0e00000,0x00000077b0f00000)]
  0x000001e7ee0e0000 JavaThread "Signal Dispatcher" daemon [_thread_blocked, id=6328, stack(0x00000077b0f00000,0x00000077b1000000)]
  0x000001e7ee0e1000 JavaThread "Attach Listener" daemon [_thread_blocked, id=1140, stack(0x00000077b1000000,0x00000077b1100000)]
  0x000001e7ee0e3000 JavaThread "Service Thread" daemon [_thread_blocked, id=11948, stack(0x00000077b1100000,0x00000077b1200000)]
  0x000001e7ee0e6000 JavaThread "C2 CompilerThread0" daemon [_thread_blocked, id=7436, stack(0x00000077b1200000,0x00000077b1300000)]
  0x000001e7ee0ec800 JavaThread "C1 CompilerThread0" daemon [_thread_blocked, id=5940, stack(0x00000077b1300000,0x00000077b1400000)]
  0x000001e7ee0f5800 JavaThread "Sweeper thread" daemon [_thread_blocked, id=9300, stack(0x00000077b1400000,0x00000077b1500000)]
  0x000001e7eebbb800 JavaThread "Common-Cleaner" daemon [_thread_blocked, id=5448, stack(0x00000077b1500000,0x00000077b1600000)]
  0x000001e7f0f3c000 JavaThread "Daemon health stats" [_thread_blocked, id=1700, stack(0x00000077b1a00000,0x00000077b1b00000)]
  0x000001e7eee18800 JavaThread "Incoming local TCP Connector on port 59085" [_thread_in_native, id=8392, stack(0x00000077b1700000,0x00000077b1800000)]
  0x000001e7f0fa6000 JavaThread "Daemon periodic checks" [_thread_blocked, id=10028, stack(0x00000077b1b00000,0x00000077b1c00000)]
  0x000001e7f14a6000 JavaThread "Daemon" [_thread_blocked, id=10404, stack(0x00000077b1c00000,0x00000077b1d00000)]
  0x000001e7efc65800 JavaThread "Handler for socket connection from /127.0.0.1:59085 to /127.0.0.1:59086" [_thread_in_native, id=9200, stack(0x00000077b1d00000,0x00000077b1e00000)]
  0x000001e7eff36000 JavaThread "Cancel handler" [_thread_blocked, id=668, stack(0x00000077b1e00000,0x00000077b1f00000)]
  0x000001e7efc4d000 JavaThread "Daemon worker" [_thread_blocked, id=6084, stack(0x00000077b1f00000,0x00000077b2000000)]
  0x000001e7efe94000 JavaThread "Asynchronous log dispatcher for DefaultDaemonConnection: socket connection from /127.0.0.1:59085 to /127.0.0.1:59086" [_thread_blocked, id=1264, stack(0x00000077b2000000,0x00000077b2100000)]
  0x000001e7f129d800 JavaThread "Stdin handler" [_thread_blocked, id=1912, stack(0x00000077b2100000,0x00000077b2200000)]
  0x000001e7f1760000 JavaThread "Daemon client event forwarder" [_thread_blocked, id=6168, stack(0x00000077b2200000,0x00000077b2300000)]
  0x000001e7f175f000 JavaThread "Cache worker for journal cache (C:\Users\VINICIUS\.gradle\caches\journal-1)" [_thread_blocked, id=396, stack(0x00000077b2400000,0x00000077b2500000)]
  0x000001e7f175b000 JavaThread "File lock request listener" [_thread_in_native, id=1188, stack(0x00000077b2500000,0x00000077b2600000)]
  0x000001e7f175a000 JavaThread "Cache worker for file hash cache (C:\Users\VINICIUS\.gradle\caches\7.2\fileHashes)" [_thread_blocked, id=11908, stack(0x00000077b2600000,0x00000077b2700000)]
  0x000001e7f1760800 JavaThread "Cache worker for file hash cache (C:\Users\VINICIUS\AndroidStudioProjects\Testesuasorte\.gradle\7.2\fileHashes)" [_thread_blocked, id=11812, stack(0x00000077b2700000,0x00000077b2800000)]
  0x000001e7f175b800 JavaThread "C2 CompilerThread1" daemon [_thread_blocked, id=2488, stack(0x00000077b2800000,0x00000077b2900000)]
  0x000001e7f175c800 JavaThread "File watcher server" daemon [_thread_in_native, id=3068, stack(0x00000077b2900000,0x00000077b2a00000)]
  0x000001e7f175d800 JavaThread "File watcher consumer" daemon [_thread_blocked, id=9552, stack(0x00000077b2a00000,0x00000077b2b00000)]
  0x000001e7f175e000 JavaThread "Cache worker for checksums cache (C:\Users\VINICIUS\AndroidStudioProjects\Testesuasorte\.gradle\checksums)" [_thread_blocked, id=9836, stack(0x00000077b2b00000,0x00000077b2c00000)]
  0x000001e7f1d45800 JavaThread "Cache worker for cache directory md-supplier (C:\Users\VINICIUS\.gradle\caches\7.2\md-supplier)" [_thread_blocked, id=6896, stack(0x00000077b2c00000,0x00000077b2d00000)]
  0x000001e7f1d42000 JavaThread "Cache worker for cache directory md-rule (C:\Users\VINICIUS\.gradle\caches\7.2\md-rule)" [_thread_blocked, id=10612, stack(0x00000077b2d00000,0x00000077b2e00000)]
  0x000001e7f1d43000 JavaThread "Cache worker for execution history cache (C:\Users\VINICIUS\.gradle\caches\7.2\executionHistory)" [_thread_blocked, id=7228, stack(0x00000077b2e00000,0x00000077b2f00000)]
  0x000001e7f1d46800 JavaThread "jar transforms" [_thread_blocked, id=4460, stack(0x00000077b2f00000,0x00000077b3000000)]
  0x000001e7f1d48000 JavaThread "Cache worker for file content cache (C:\Users\VINICIUS\.gradle\caches\7.2\fileContent)" [_thread_blocked, id=8576, stack(0x00000077b3000000,0x00000077b3100000)]
  0x000001e7f1d4a800 JavaThread "jar transforms Thread 2" [_thread_blocked, id=5444, stack(0x00000077b3100000,0x00000077b3200000)]
  0x000001e7f1d51000 JavaThread "Cache worker for dependencies-accessors (C:\Users\VINICIUS\AndroidStudioProjects\Testesuasorte\.gradle\7.2\dependencies-accessors)" [_thread_blocked, id=1184, stack(0x00000077b3200000,0x00000077b3300000)]
  0x000001e7f1d4b000 JavaThread "jar transforms Thread 3" [_thread_blocked, id=2456, stack(0x00000077b3300000,0x00000077b3400000)]
  0x000001e7f1d4c000 JavaThread "Cache worker for Build Output Cleanup Cache (C:\Users\VINICIUS\AndroidStudioProjects\Testesuasorte\.gradle\buildOutputCleanup)" [_thread_blocked, id=4860, stack(0x00000077b3400000,0x00000077b3500000)]
  0x000001e7f1d4d800 JavaThread "Unconstrained build operations" [_thread_blocked, id=12272, stack(0x00000077b3500000,0x00000077b3600000)]
  0x000001e7f1d4e800 JavaThread "Unconstrained build operations Thread 2" [_thread_blocked, id=6560, stack(0x00000077b3600000,0x00000077b3700000)]
  0x000001e7f1d4f800 JavaThread "Unconstrained build operations Thread 3" [_thread_blocked, id=6216, stack(0x00000077b3700000,0x00000077b3800000)]
  0x000001e7f1d50000 JavaThread "Unconstrained build operations Thread 4" [_thread_blocked, id=5548, stack(0x00000077b3800000,0x00000077b3900000)]
  0x000001e7f1d4d000 JavaThread "Unconstrained build operations Thread 5" [_thread_blocked, id=6092, stack(0x00000077b3900000,0x00000077b3a00000)]
  0x000001e7eee1c800 JavaThread "Unconstrained build operations Thread 6" [_thread_blocked, id=10376, stack(0x00000077b3a00000,0x00000077b3b00000)]
  0x000001e7eee1f000 JavaThread "Unconstrained build operations Thread 7" [_thread_blocked, id=8472, stack(0x00000077b3b00000,0x00000077b3c00000)]
  0x000001e7eee1e000 JavaThread "Unconstrained build operations Thread 8" [_thread_blocked, id=11192, stack(0x00000077b3c00000,0x00000077b3d00000)]
  0x000001e7eee1b800 JavaThread "Unconstrained build operations Thread 9" [_thread_blocked, id=5860, stack(0x00000077b3d00000,0x00000077b3e00000)]
  0x000001e7eee1f800 JavaThread "Unconstrained build operations Thread 10" [_thread_blocked, id=2928, stack(0x00000077b3e00000,0x00000077b3f00000)]
  0x000001e7eee20800 JavaThread "Unconstrained build operations Thread 11" [_thread_blocked, id=4020, stack(0x00000077b3f00000,0x00000077b4000000)]
  0x000001e7eee21800 JavaThread "Unconstrained build operations Thread 12" [_thread_blocked, id=368, stack(0x00000077b4000000,0x00000077b4100000)]
  0x000001e7eee22000 JavaThread "Unconstrained build operations Thread 13" [_thread_blocked, id=6816, stack(0x00000077b4100000,0x00000077b4200000)]
  0x000001e7eee23000 JavaThread "Unconstrained build operations Thread 14" [_thread_blocked, id=2116, stack(0x00000077b4200000,0x00000077b4300000)]
  0x000001e7eee1d800 JavaThread "Unconstrained build operations Thread 15" [_thread_blocked, id=3624, stack(0x00000077b4300000,0x00000077b4400000)]
  0x000001e7eee27000 JavaThread "Unconstrained build operations Thread 16" [_thread_blocked, id=12216, stack(0x00000077b4400000,0x00000077b4500000)]
  0x000001e7eee28000 JavaThread "Unconstrained build operations Thread 17" [_thread_blocked, id=8600, stack(0x00000077b4500000,0x00000077b4600000)]
  0x000001e7eee28800 JavaThread "Unconstrained build operations Thread 18" [_thread_blocked, id=7244, stack(0x00000077b4600000,0x00000077b4700000)]
  0x000001e7eee25800 JavaThread "Unconstrained build operations Thread 19" [_thread_blocked, id=7732, stack(0x00000077b4700000,0x00000077b4800000)]
  0x000001e7eee29800 JavaThread "Unconstrained build operations Thread 20" [_thread_blocked, id=5656, stack(0x00000077b4800000,0x00000077b4900000)]
  0x000001e7eee24000 JavaThread "Unconstrained build operations Thread 21" [_thread_blocked, id=2612, stack(0x00000077b4900000,0x00000077b4a00000)]
  0x000001e7eee2a800 JavaThread "Unconstrained build operations Thread 22" [_thread_blocked, id=3312, stack(0x00000077b4a00000,0x00000077b4b00000)]
  0x000001e7eee24800 JavaThread "Unconstrained build operations Thread 23" [_thread_blocked, id=3788, stack(0x00000077b4b00000,0x00000077b4c00000)]
  0x000001e7eee26800 JavaThread "Unconstrained build operations Thread 24" [_thread_blocked, id=10032, stack(0x00000077b4c00000,0x00000077b4d00000)]
  0x000001e7f3ccf000 JavaThread "Unconstrained build operations Thread 25" [_thread_blocked, id=1540, stack(0x00000077b4d00000,0x00000077b4e00000)]
  0x000001e7f3ccc000 JavaThread "Unconstrained build operations Thread 26" [_thread_blocked, id=11280, stack(0x00000077b4e00000,0x00000077b4f00000)]
  0x000001e7f3ccd800 JavaThread "Unconstrained build operations Thread 27" [_thread_blocked, id=4120, stack(0x00000077b4f00000,0x00000077b5000000)]
  0x000001e7f3cd0000 JavaThread "Unconstrained build operations Thread 28" [_thread_blocked, id=7576, stack(0x00000077b5000000,0x00000077b5100000)]
  0x000001e7f3cd1800 JavaThread "Unconstrained build operations Thread 29" [_thread_blocked, id=7248, stack(0x00000077b5100000,0x00000077b5200000)]
  0x000001e7f3cce800 JavaThread "Unconstrained build operations Thread 30" [_thread_blocked, id=248, stack(0x00000077b5200000,0x00000077b5300000)]
  0x000001e7f3cd0800 JavaThread "Unconstrained build operations Thread 31" [_thread_blocked, id=8064, stack(0x00000077b5300000,0x00000077b5400000)]
  0x000001e7f3cd2800 JavaThread "Unconstrained build operations Thread 32" [_thread_blocked, id=7880, stack(0x00000077b5400000,0x00000077b5500000)]
  0x000001e7f3ccc800 JavaThread "Unconstrained build operations Thread 33" [_thread_blocked, id=10916, stack(0x00000077b5500000,0x00000077b5600000)]
  0x000001e7f3cd7800 JavaThread "Unconstrained build operations Thread 34" [_thread_blocked, id=12192, stack(0x00000077b5600000,0x00000077b5700000)]
  0x000001e7f3cd8000 JavaThread "Unconstrained build operations Thread 35" [_thread_blocked, id=5076, stack(0x00000077b5700000,0x00000077b5800000)]
  0x000001e7f3cd9000 JavaThread "Unconstrained build operations Thread 36" [_thread_blocked, id=3508, stack(0x00000077b5800000,0x00000077b5900000)]
  0x000001e7f3cd3000 JavaThread "Unconstrained build operations Thread 37" [_thread_blocked, id=9084, stack(0x00000077b5900000,0x00000077b5a00000)]
  0x000001e7f3cd9800 JavaThread "Unconstrained build operations Thread 38" [_thread_blocked, id=8024, stack(0x00000077b5a00000,0x00000077b5b00000)]
  0x000001e7f3cd4000 JavaThread "Unconstrained build operations Thread 39" [_thread_blocked, id=9192, stack(0x00000077b5b00000,0x00000077b5c00000)]
  0x000001e7f3cda800 JavaThread "Unconstrained build operations Thread 40" [_thread_blocked, id=7028, stack(0x00000077b5c00000,0x00000077b5d00000)]
  0x000001e7f3cd5800 JavaThread "jar transforms Thread 4" [_thread_blocked, id=1064, stack(0x00000077b5d00000,0x00000077b5e00000)]
  0x000001e7f3cd6800 JavaThread "Memory manager" [_thread_blocked, id=1376, stack(0x00000077b5e00000,0x00000077b5f00000)]

Other Threads:
  0x000001e7ee0be000 VMThread "VM Thread" [stack: 0x00000077b0c00000,0x00000077b0d00000] [id=5844]
  0x000001e7eebd8800 WatcherThread [stack: 0x00000077b1600000,0x00000077b1700000] [id=3276]
  0x000001e7d3db6800 GCTaskThread "GC Thread#0" [stack: 0x00000077b0700000,0x00000077b0800000] [id=11352]
  0x000001e7ef437800 GCTaskThread "GC Thread#1" [stack: 0x00000077b1800000,0x00000077b1900000] [id=8368]
  0x000001e7ef426000 GCTaskThread "GC Thread#2" [stack: 0x00000077b1900000,0x00000077b1a00000] [id=1500]
=>0x000001e7eff37000 GCTaskThread "GC Thread#3" [stack: 0x00000077b2300000,0x00000077b2400000] [id=4544]
  0x000001e7d3de7000 ConcurrentGCThread "G1 Main Marker" [stack: 0x00000077b0800000,0x00000077b0900000] [id=9220]
  0x000001e7d3de8800 ConcurrentGCThread "G1 Conc#0" [stack: 0x00000077b0900000,0x00000077b0a00000] [id=7404]
  0x000001e7d3e7c800 ConcurrentGCThread "G1 Refine#0" [stack: 0x00000077b0a00000,0x00000077b0b00000] [id=3368]
  0x000001e7d3e7d800 ConcurrentGCThread "G1 Young RemSet Sampling" [stack: 0x00000077b0b00000,0x00000077b0c00000] [id=2664]

Threads with active compile tasks:
C2 CompilerThread0  14146 7582       4       java.lang.Class::annotationData (44 bytes)
C2 CompilerThread1  14147 7578   !   4       java.util.concurrent.ConcurrentHashMap::putVal (432 bytes)

VM state:at safepoint (normal execution)

VM Mutex/Monitor currently owned by a thread:  ([mutex/lock_event])
[0x000001e7d3d98410] Threads_lock - owner thread: 0x000001e7ee0be000
[0x000001e7d3d97cc0] Heap_lock - owner thread: 0x000001e7efc4d000

Heap address: 0x0000000080000000, size: 2048 MB, Compressed Oops mode: 32-bit
Narrow klass base: 0x0000000000000000, Narrow klass shift: 3
Compressed class space size: 1073741824 Address: 0x0000000100000000

Heap:
 garbage-first heap   total 189440K, used 137633K [0x0000000080000000, 0x0000000100000000)
  region size 1024K, 81 young (82944K), 10 survivors (10240K)
 Metaspace       used 77141K, capacity 78727K, committed 78888K, reserved 1118208K
  class space    used 10074K, capacity 10707K, committed 10752K, reserved 1048576K
Heap Regions: E=young(eden), S=young(survivor), O=old, HS=humongous(starts), HC=humongous(continues), CS=collection set, F=free, A=archive, TAMS=top-at-mark-start (previous, next)
|   0|0x0000000080000000, 0x0000000080100000, 0x0000000080100000|100%| O|  |TAMS 0x0000000080100000, 0x0000000080000000| Untracked 
|   1|0x0000000080100000, 0x0000000080200000, 0x0000000080200000|100%| O|  |TAMS 0x0000000080200000, 0x0000000080100000| Untracked 
|   2|0x0000000080200000, 0x0000000080300000, 0x0000000080300000|100%| O|  |TAMS 0x0000000080300000, 0x0000000080200000| Untracked 
|   3|0x0000000080300000, 0x0000000080400000, 0x0000000080400000|100%|HS|  |TAMS 0x0000000080400000, 0x0000000080300000| Complete 
|   4|0x0000000080400000, 0x0000000080500000, 0x0000000080500000|100%|HC|  |TAMS 0x0000000080500000, 0x0000000080400000| Complete 
|   5|0x0000000080500000, 0x0000000080600000, 0x0000000080600000|100%|HC|  |TAMS 0x0000000080600000, 0x0000000080500000| Complete 
|   6|0x0000000080600000, 0x0000000080700000, 0x0000000080700000|100%| O|  |TAMS 0x0000000080700000, 0x0000000080600000| Untracked 
|   7|0x0000000080700000, 0x0000000080800000, 0x0000000080800000|100%| O|  |TAMS 0x0000000080800000, 0x0000000080700000| Untracked 
|   8|0x0000000080800000, 0x0000000080900000, 0x0000000080900000|100%| O|  |TAMS 0x0000000080900000, 0x0000000080800000| Untracked 
|   9|0x0000000080900000, 0x0000000080a00000, 0x0000000080a00000|100%| O|  |TAMS 0x0000000080a00000, 0x0000000080900000| Untracked 
|  10|0x0000000080a00000, 0x0000000080b00000, 0x0000000080b00000|100%| O|  |TAMS 0x0000000080b00000, 0x0000000080a00000| Untracked 
|  11|0x0000000080b00000, 0x0000000080c00000, 0x0000000080c00000|100%| O|  |TAMS 0x0000000080c00000, 0x0000000080b00000| Untracked 
|  12|0x0000000080c00000, 0x0000000080d00000, 0x0000000080d00000|100%| O|  |TAMS 0x0000000080d00000, 0x0000000080c00000| Untracked 
|  13|0x0000000080d00000, 0x0000000080e00000, 0x0000000080e00000|100%| O|  |TAMS 0x0000000080e00000, 0x0000000080d00000| Untracked 
|  14|0x0000000080e00000, 0x0000000080f00000, 0x0000000080f00000|100%| O|  |TAMS 0x0000000080f00000, 0x0000000080e00000| Untracked 
|  15|0x0000000080f00000, 0x0000000081000000, 0x0000000081000000|100%| O|  |TAMS 0x0000000081000000, 0x0000000080f00000| Untracked 
|  16|0x0000000081000000, 0x0000000081100000, 0x0000000081100000|100%| O|  |TAMS 0x0000000081100000, 0x0000000081000000| Untracked 
|  17|0x0000000081100000, 0x0000000081200000, 0x0000000081200000|100%|HS|  |TAMS 0x0000000081200000, 0x0000000081100000| Complete 
|  18|0x0000000081200000, 0x0000000081300000, 0x0000000081300000|100%| O|  |TAMS 0x0000000081300000, 0x0000000081200000| Untracked 
|  19|0x0000000081300000, 0x0000000081400000, 0x0000000081400000|100%| O|  |TAMS 0x0000000081400000, 0x0000000081300000| Untracked 
|  20|0x0000000081400000, 0x0000000081500000, 0x0000000081500000|100%| O|  |TAMS 0x0000000081500000, 0x0000000081400000| Untracked 
|  21|0x0000000081500000, 0x0000000081600000, 0x0000000081600000|100%| O|  |TAMS 0x0000000081600000, 0x0000000081500000| Untracked 
|  22|0x0000000081600000, 0x0000000081700000, 0x0000000081700000|100%| O|  |TAMS 0x0000000081700000, 0x0000000081600000| Untracked 
|  23|0x0000000081700000, 0x0000000081800000, 0x0000000081800000|100%| O|  |TAMS 0x0000000081800000, 0x0000000081700000| Untracked 
|  24|0x0000000081800000, 0x0000000081900000, 0x0000000081900000|100%|HS|  |TAMS 0x0000000081900000, 0x0000000081800000| Complete 
|  25|0x0000000081900000, 0x0000000081a00000, 0x0000000081a00000|100%|HS|  |TAMS 0x0000000081a00000, 0x0000000081900000| Complete 
|  26|0x0000000081a00000, 0x0000000081b00000, 0x0000000081b00000|100%|HS|  |TAMS 0x0000000081b00000, 0x0000000081a00000| Complete 
|  27|0x0000000081b00000, 0x0000000081c00000, 0x0000000081c00000|100%|HS|  |TAMS 0x0000000081c00000, 0x0000000081b00000| Complete 
|  28|0x0000000081c00000, 0x0000000081d00000, 0x0000000081d00000|100%|HC|  |TAMS 0x0000000081d00000, 0x0000000081c00000| Complete 
|  29|0x0000000081d00000, 0x0000000081e00000, 0x0000000081e00000|100%|HC|  |TAMS 0x0000000081e00000, 0x0000000081d00000| Complete 
|  30|0x0000000081e00000, 0x0000000081f00000, 0x0000000081f00000|100%|HS|  |TAMS 0x0000000081f00000, 0x0000000081e00000| Complete 
|  31|0x0000000081f00000, 0x0000000082000000, 0x0000000082000000|100%|HC|  |TAMS 0x0000000082000000, 0x0000000081f00000| Complete 
|  32|0x0000000082000000, 0x0000000082100000, 0x0000000082100000|100%| O|  |TAMS 0x0000000082100000, 0x0000000082000000| Untracked 
|  33|0x0000000082100000, 0x0000000082200000, 0x0000000082200000|100%| O|  |TAMS 0x0000000082200000, 0x0000000082100000| Untracked 
|  34|0x0000000082200000, 0x0000000082300000, 0x0000000082300000|100%| O|  |TAMS 0x0000000082300000, 0x0000000082200000| Untracked 
|  35|0x0000000082300000, 0x0000000082400000, 0x0000000082400000|100%| O|  |TAMS 0x0000000082400000, 0x0000000082300000| Untracked 
|  36|0x0000000082400000, 0x0000000082500000, 0x0000000082500000|100%| O|  |TAMS 0x0000000082500000, 0x0000000082400000| Untracked 
|  37|0x0000000082500000, 0x0000000082600000, 0x0000000082600000|100%| O|  |TAMS 0x0000000082600000, 0x0000000082500000| Untracked 
|  38|0x0000000082600000, 0x0000000082700000, 0x0000000082700000|100%| O|  |TAMS 0x0000000082700000, 0x0000000082600000| Untracked 
|  39|0x0000000082700000, 0x0000000082800000, 0x0000000082800000|100%| O|  |TAMS 0x0000000082800000, 0x0000000082700000| Untracked 
|  40|0x0000000082800000, 0x0000000082900000, 0x0000000082900000|100%| O|  |TAMS 0x0000000082900000, 0x0000000082800000| Untracked 
|  41|0x0000000082900000, 0x0000000082a00000, 0x0000000082a00000|100%| O|  |TAMS 0x0000000082a00000, 0x0000000082900000| Untracked 
|  42|0x0000000082a00000, 0x0000000082b00000, 0x0000000082b00000|100%| O|  |TAMS 0x0000000082b00000, 0x0000000082a00000| Untracked 
|  43|0x0000000082b00000, 0x0000000082c00000, 0x0000000082c00000|100%| O|  |TAMS 0x0000000082c00000, 0x0000000082b00000| Untracked 
|  44|0x0000000082c00000, 0x0000000082d00000, 0x0000000082d00000|100%| O|  |TAMS 0x0000000082d00000, 0x0000000082c00000| Untracked 
|  45|0x0000000082d00000, 0x0000000082e00000, 0x0000000082e00000|100%| O|  |TAMS 0x0000000082e00000, 0x0000000082d00000| Untracked 
|  46|0x0000000082e00000, 0x0000000082f00000, 0x0000000082f00000|100%| O|  |TAMS 0x0000000082f00000, 0x0000000082e00000| Untracked 
|  47|0x0000000082f00000, 0x0000000083000000, 0x0000000083000000|100%| O|  |TAMS 0x0000000083000000, 0x0000000082f00000| Untracked 
|  48|0x0000000083000000, 0x0000000083100000, 0x0000000083100000|100%| O|  |TAMS 0x0000000083100000, 0x0000000083000000| Untracked 
|  49|0x0000000083100000, 0x0000000083200000, 0x0000000083200000|100%| O|  |TAMS 0x0000000083200000, 0x0000000083100000| Untracked 
|  50|0x0000000083200000, 0x0000000083300000, 0x0000000083300000|100%| O|  |TAMS 0x00000000832f5000, 0x0000000083200000| Untracked 
|  51|0x0000000083300000, 0x0000000083400000, 0x0000000083400000|100%| O|  |TAMS 0x0000000083300000, 0x0000000083300000| Untracked 
|  52|0x0000000083400000, 0x0000000083500000, 0x0000000083500000|100%| O|  |TAMS 0x0000000083400000, 0x0000000083400000| Untracked 
|  53|0x0000000083500000, 0x0000000083600000, 0x0000000083600000|100%| O|  |TAMS 0x0000000083500000, 0x0000000083500000| Untracked 
|  54|0x0000000083600000, 0x0000000083700000, 0x0000000083700000|100%| O|  |TAMS 0x0000000083600000, 0x0000000083600000| Untracked 
|  55|0x0000000083700000, 0x0000000083800000, 0x0000000083800000|100%| O|  |TAMS 0x0000000083700000, 0x0000000083700000| Untracked 
|  56|0x0000000083800000, 0x0000000083900000, 0x0000000083900000|100%| O|  |TAMS 0x0000000083800000, 0x0000000083800000| Untracked 
|  57|0x0000000083900000, 0x0000000083a00000, 0x0000000083a00000|100%| O|  |TAMS 0x0000000083900000, 0x0000000083900000| Untracked 
|  58|0x0000000083a00000, 0x0000000083a53d48, 0x0000000083b00000| 32%| O|  |TAMS 0x0000000083a00000, 0x0000000083a00000| Untracked 
|  59|0x0000000083b00000, 0x0000000083b00000, 0x0000000083c00000|  0%| F|  |TAMS 0x0000000083b00000, 0x0000000083b00000| Untracked 
|  60|0x0000000083c00000, 0x0000000083c00000, 0x0000000083d00000|  0%| F|  |TAMS 0x0000000083c00000, 0x0000000083c00000| Untracked 
|  61|0x0000000083d00000, 0x0000000083d00000, 0x0000000083e00000|  0%| F|  |TAMS 0x0000000083d00000, 0x0000000083d00000| Untracked 
|  62|0x0000000083e00000, 0x0000000083e00000, 0x0000000083f00000|  0%| F|  |TAMS 0x0000000083e00000, 0x0000000083e00000| Untracked 
|  63|0x0000000083f00000, 0x0000000083f00000, 0x0000000084000000|  0%| F|  |TAMS 0x0000000083f00000, 0x0000000083f00000| Untracked 
|  64|0x0000000084000000, 0x0000000084000000, 0x0000000084100000|  0%| F|  |TAMS 0x0000000084000000, 0x0000000084000000| Untracked 
|  65|0x0000000084100000, 0x0000000084100000, 0x0000000084200000|  0%| F|  |TAMS 0x0000000084100000, 0x0000000084100000| Untracked 
|  66|0x0000000084200000, 0x0000000084200000, 0x0000000084300000|  0%| F|  |TAMS 0x0000000084200000, 0x0000000084200000| Untracked 
|  67|0x0000000084300000, 0x0000000084300000, 0x0000000084400000|  0%| F|  |TAMS 0x0000000084300000, 0x0000000084300000| Untracked 
|  68|0x0000000084400000, 0x0000000084400000, 0x0000000084500000|  0%| F|  |TAMS 0x0000000084400000, 0x0000000084400000| Untracked 
|  69|0x0000000084500000, 0x0000000084500000, 0x0000000084600000|  0%| F|  |TAMS 0x0000000084500000, 0x0000000084500000| Untracked 
|  70|0x0000000084600000, 0x0000000084600000, 0x0000000084700000|  0%| F|  |TAMS 0x0000000084600000, 0x0000000084600000| Untracked 
|  71|0x0000000084700000, 0x0000000084700000, 0x0000000084800000|  0%| F|  |TAMS 0x0000000084700000, 0x0000000084700000| Untracked 
|  72|0x0000000084800000, 0x0000000084800000, 0x0000000084900000|  0%| F|  |TAMS 0x0000000084800000, 0x0000000084800000| Untracked 
|  73|0x0000000084900000, 0x0000000084900000, 0x0000000084a00000|  0%| F|  |TAMS 0x0000000084900000, 0x0000000084900000| Untracked 
|  74|0x0000000084a00000, 0x0000000084a00000, 0x0000000084b00000|  0%| F|  |TAMS 0x0000000084a00000, 0x0000000084a00000| Untracked 
|  75|0x0000000084b00000, 0x0000000084b00000, 0x0000000084c00000|  0%| F|  |TAMS 0x0000000084b00000, 0x0000000084b00000| Untracked 
|  76|0x0000000084c00000, 0x0000000084c00000, 0x0000000084d00000|  0%| F|  |TAMS 0x0000000084c00000, 0x0000000084c00000| Untracked 
|  77|0x0000000084d00000, 0x0000000084d00000, 0x0000000084e00000|  0%| F|  |TAMS 0x0000000084d00000, 0x0000000084d00000| Untracked 
|  78|0x0000000084e00000, 0x0000000084e00000, 0x0000000084f00000|  0%| F|  |TAMS 0x0000000084e00000, 0x0000000084e00000| Untracked 
|  79|0x0000000084f00000, 0x0000000084f00000, 0x0000000085000000|  0%| F|  |TAMS 0x0000000084f00000, 0x0000000084f00000| Untracked 
|  80|0x0000000085000000, 0x0000000085000000, 0x0000000085100000|  0%| F|  |TAMS 0x0000000085000000, 0x0000000085000000| Untracked 
|  81|0x0000000085100000, 0x0000000085100000, 0x0000000085200000|  0%| F|  |TAMS 0x0000000085100000, 0x0000000085100000| Untracked 
|  82|0x0000000085200000, 0x0000000085200000, 0x0000000085300000|  0%| F|  |TAMS 0x0000000085200000, 0x0000000085200000| Untracked 
|  83|0x0000000085300000, 0x0000000085300000, 0x0000000085400000|  0%| F|  |TAMS 0x0000000085300000, 0x0000000085300000| Untracked 
|  84|0x0000000085400000, 0x0000000085400000, 0x0000000085500000|  0%| F|  |TAMS 0x0000000085400000, 0x0000000085400000| Untracked 
|  85|0x0000000085500000, 0x0000000085500000, 0x0000000085600000|  0%| F|  |TAMS 0x0000000085500000, 0x0000000085500000| Untracked 
|  86|0x0000000085600000, 0x0000000085600000, 0x0000000085700000|  0%| F|  |TAMS 0x0000000085600000, 0x0000000085600000| Untracked 
|  87|0x0000000085700000, 0x0000000085700000, 0x0000000085800000|  0%| F|  |TAMS 0x0000000085700000, 0x0000000085700000| Untracked 
|  88|0x0000000085800000, 0x0000000085800000, 0x0000000085900000|  0%| F|  |TAMS 0x0000000085800000, 0x0000000085800000| Untracked 
|  89|0x0000000085900000, 0x0000000085900000, 0x0000000085a00000|  0%| F|  |TAMS 0x0000000085900000, 0x0000000085900000| Untracked 
|  90|0x0000000085a00000, 0x0000000085a00000, 0x0000000085b00000|  0%| F|  |TAMS 0x0000000085a00000, 0x0000000085a00000| Untracked 
|  91|0x0000000085b00000, 0x0000000085b00000, 0x0000000085c00000|  0%| F|  |TAMS 0x0000000085b00000, 0x0000000085b00000| Untracked 
|  92|0x0000000085c00000, 0x0000000085c00000, 0x0000000085d00000|  0%| F|  |TAMS 0x0000000085c00000, 0x0000000085c00000| Untracked 
|  93|0x0000000085d00000, 0x0000000085d00000, 0x0000000085e00000|  0%| F|  |TAMS 0x0000000085d00000, 0x0000000085d00000| Untracked 
|  94|0x0000000085e00000, 0x0000000085ee5cd0, 0x0000000085f00000| 89%| S|  |TAMS 0x0000000085e00000, 0x0000000085e00000| Complete 
|  95|0x0000000085f00000, 0x0000000086000000, 0x0000000086000000|100%| S|  |TAMS 0x0000000085f00000, 0x0000000085f00000| Complete 
|  96|0x0000000086000000, 0x0000000086100000, 0x0000000086100000|100%| E|CS|TAMS 0x0000000086000000, 0x0000000086000000| Complete 
|  97|0x0000000086100000, 0x0000000086200000, 0x0000000086200000|100%| E|CS|TAMS 0x0000000086100000, 0x0000000086100000| Complete 
|  98|0x0000000086200000, 0x0000000086300000, 0x0000000086300000|100%| E|CS|TAMS 0x0000000086200000, 0x0000000086200000| Complete 
|  99|0x0000000086300000, 0x0000000086400000, 0x0000000086400000|100%| E|CS|TAMS 0x0000000086300000, 0x0000000086300000| Complete 
| 100|0x0000000086400000, 0x0000000086500000, 0x0000000086500000|100%| E|CS|TAMS 0x0000000086400000, 0x0000000086400000| Complete 
| 101|0x0000000086500000, 0x0000000086600000, 0x0000000086600000|100%| E|CS|TAMS 0x0000000086500000, 0x0000000086500000| Complete 
| 102|0x0000000086600000, 0x0000000086700000, 0x0000000086700000|100%| E|CS|TAMS 0x0000000086600000, 0x0000000086600000| Complete 
| 103|0x0000000086700000, 0x0000000086800000, 0x0000000086800000|100%| E|CS|TAMS 0x0000000086700000, 0x0000000086700000| Complete 
| 104|0x0000000086800000, 0x0000000086900000, 0x0000000086900000|100%| E|CS|TAMS 0x0000000086800000, 0x0000000086800000| Complete 
| 105|0x0000000086900000, 0x0000000086a00000, 0x0000000086a00000|100%| E|CS|TAMS 0x0000000086900000, 0x0000000086900000| Complete 
| 106|0x0000000086a00000, 0x0000000086b00000, 0x0000000086b00000|100%| S|  |TAMS 0x0000000086a00000, 0x0000000086a00000| Complete 
| 107|0x0000000086b00000, 0x0000000086c00000, 0x0000000086c00000|100%| S|  |TAMS 0x0000000086b00000, 0x0000000086b00000| Complete 
| 108|0x0000000086c00000, 0x0000000086d00000, 0x0000000086d00000|100%| S|  |TAMS 0x0000000086c00000, 0x0000000086c00000| Complete 
| 109|0x0000000086d00000, 0x0000000086e00000, 0x0000000086e00000|100%| S|  |TAMS 0x0000000086d00000, 0x0000000086d00000| Complete 
| 110|0x0000000086e00000, 0x0000000086f00000, 0x0000000086f00000|100%| S|  |TAMS 0x0000000086e00000, 0x0000000086e00000| Complete 
| 111|0x0000000086f00000, 0x0000000087000000, 0x0000000087000000|100%| S|  |TAMS 0x0000000086f00000, 0x0000000086f00000| Complete 
| 112|0x0000000087000000, 0x0000000087100000, 0x0000000087100000|100%| S|  |TAMS 0x0000000087000000, 0x0000000087000000| Complete 
| 113|0x0000000087100000, 0x0000000087200000, 0x0000000087200000|100%| S|  |TAMS 0x0000000087100000, 0x0000000087100000| Complete 
| 114|0x0000000087200000, 0x0000000087300000, 0x0000000087300000|100%| E|CS|TAMS 0x0000000087200000, 0x0000000087200000| Complete 
| 115|0x0000000087300000, 0x0000000087400000, 0x0000000087400000|100%| E|CS|TAMS 0x0000000087300000, 0x0000000087300000| Complete 
| 116|0x0000000087400000, 0x0000000087500000, 0x0000000087500000|100%| E|CS|TAMS 0x0000000087400000, 0x0000000087400000| Complete 
| 117|0x0000000087500000, 0x0000000087600000, 0x0000000087600000|100%| E|CS|TAMS 0x0000000087500000, 0x0000000087500000| Complete 
| 118|0x0000000087600000, 0x0000000087700000, 0x0000000087700000|100%| E|CS|TAMS 0x0000000087600000, 0x0000000087600000| Complete 
| 119|0x0000000087700000, 0x0000000087800000, 0x0000000087800000|100%| E|CS|TAMS 0x0000000087700000, 0x0000000087700000| Complete 
| 120|0x0000000087800000, 0x0000000087900000, 0x0000000087900000|100%| E|CS|TAMS 0x0000000087800000, 0x0000000087800000| Complete 
| 121|0x0000000087900000, 0x0000000087a00000, 0x0000000087a00000|100%| E|CS|TAMS 0x0000000087900000, 0x0000000087900000| Complete 
| 122|0x0000000087a00000, 0x0000000087b00000, 0x0000000087b00000|100%| E|CS|TAMS 0x0000000087a00000, 0x0000000087a00000| Complete 
| 123|0x0000000087b00000, 0x0000000087c00000, 0x0000000087c00000|100%| E|CS|TAMS 0x0000000087b00000, 0x0000000087b00000| Complete 
| 124|0x0000000087c00000, 0x0000000087d00000, 0x0000000087d00000|100%| E|CS|TAMS 0x0000000087c00000, 0x0000000087c00000| Complete 
| 125|0x0000000087d00000, 0x0000000087e00000, 0x0000000087e00000|100%| E|CS|TAMS 0x0000000087d00000, 0x0000000087d00000| Complete 
| 126|0x0000000087e00000, 0x0000000087f00000, 0x0000000087f00000|100%| E|CS|TAMS 0x0000000087e00000, 0x0000000087e00000| Complete 
| 127|0x0000000087f00000, 0x0000000088000000, 0x0000000088000000|100%| E|CS|TAMS 0x0000000087f00000, 0x0000000087f00000| Complete 
| 128|0x0000000088000000, 0x0000000088100000, 0x0000000088100000|100%| E|CS|TAMS 0x0000000088000000, 0x0000000088000000| Complete 
| 129|0x0000000088100000, 0x0000000088200000, 0x0000000088200000|100%| E|CS|TAMS 0x0000000088100000, 0x0000000088100000| Complete 
| 130|0x0000000088200000, 0x0000000088300000, 0x0000000088300000|100%| E|CS|TAMS 0x0000000088200000, 0x0000000088200000| Complete 
| 131|0x0000000088300000, 0x0000000088400000, 0x0000000088400000|100%| E|CS|TAMS 0x0000000088300000, 0x0000000088300000| Complete 
| 132|0x0000000088400000, 0x0000000088500000, 0x0000000088500000|100%| E|CS|TAMS 0x0000000088400000, 0x0000000088400000| Complete 
| 133|0x0000000088500000, 0x0000000088600000, 0x0000000088600000|100%| E|CS|TAMS 0x0000000088500000, 0x0000000088500000| Complete 
| 134|0x0000000088600000, 0x0000000088700000, 0x0000000088700000|100%| E|CS|TAMS 0x0000000088600000, 0x0000000088600000| Complete 
| 135|0x0000000088700000, 0x0000000088800000, 0x0000000088800000|100%| E|CS|TAMS 0x0000000088700000, 0x0000000088700000| Complete 
| 136|0x0000000088800000, 0x0000000088900000, 0x0000000088900000|100%| E|CS|TAMS 0x0000000088800000, 0x0000000088800000| Complete 
| 137|0x0000000088900000, 0x0000000088a00000, 0x0000000088a00000|100%| E|CS|TAMS 0x0000000088900000, 0x0000000088900000| Complete 
| 138|0x0000000088a00000, 0x0000000088b00000, 0x0000000088b00000|100%| E|CS|TAMS 0x0000000088a00000, 0x0000000088a00000| Complete 
| 139|0x0000000088b00000, 0x0000000088c00000, 0x0000000088c00000|100%| E|CS|TAMS 0x0000000088b00000, 0x0000000088b00000| Complete 
| 140|0x0000000088c00000, 0x0000000088d00000, 0x0000000088d00000|100%| E|CS|TAMS 0x0000000088c00000, 0x0000000088c00000| Complete 
| 141|0x0000000088d00000, 0x0000000088e00000, 0x0000000088e00000|100%| E|CS|TAMS 0x0000000088d00000, 0x0000000088d00000| Complete 
| 142|0x0000000088e00000, 0x0000000088f00000, 0x0000000088f00000|100%| E|CS|TAMS 0x0000000088e00000, 0x0000000088e00000| Complete 
| 143|0x0000000088f00000, 0x0000000089000000, 0x0000000089000000|100%| E|CS|TAMS 0x0000000088f00000, 0x0000000088f00000| Complete 
| 144|0x0000000089000000, 0x0000000089100000, 0x0000000089100000|100%| E|CS|TAMS 0x0000000089000000, 0x0000000089000000| Complete 
| 145|0x0000000089100000, 0x0000000089200000, 0x0000000089200000|100%| E|CS|TAMS 0x0000000089100000, 0x0000000089100000| Complete 
| 146|0x0000000089200000, 0x0000000089300000, 0x0000000089300000|100%| E|CS|TAMS 0x0000000089200000, 0x0000000089200000| Complete 
| 147|0x0000000089300000, 0x0000000089400000, 0x0000000089400000|100%| E|CS|TAMS 0x0000000089300000, 0x0000000089300000| Complete 
| 148|0x0000000089400000, 0x0000000089500000, 0x0000000089500000|100%| E|CS|TAMS 0x0000000089400000, 0x0000000089400000| Complete 
| 149|0x0000000089500000, 0x0000000089600000, 0x0000000089600000|100%| E|CS|TAMS 0x0000000089500000, 0x0000000089500000| Complete 
| 150|0x0000000089600000, 0x0000000089700000, 0x0000000089700000|100%| E|CS|TAMS 0x0000000089600000, 0x0000000089600000| Complete 
| 151|0x0000000089700000, 0x0000000089800000, 0x0000000089800000|100%| E|CS|TAMS 0x0000000089700000, 0x0000000089700000| Complete 
| 152|0x0000000089800000, 0x0000000089900000, 0x0000000089900000|100%| E|CS|TAMS 0x0000000089800000, 0x0000000089800000| Complete 
| 153|0x0000000089900000, 0x0000000089a00000, 0x0000000089a00000|100%| E|CS|TAMS 0x0000000089900000, 0x0000000089900000| Complete 
| 154|0x0000000089a00000, 0x0000000089b00000, 0x0000000089b00000|100%| E|CS|TAMS 0x0000000089a00000, 0x0000000089a00000| Complete 
| 155|0x0000000089b00000, 0x0000000089c00000, 0x0000000089c00000|100%| E|CS|TAMS 0x0000000089b00000, 0x0000000089b00000| Complete 
| 156|0x0000000089c00000, 0x0000000089d00000, 0x0000000089d00000|100%| E|CS|TAMS 0x0000000089c00000, 0x0000000089c00000| Complete 
| 157|0x0000000089d00000, 0x0000000089e00000, 0x0000000089e00000|100%| E|CS|TAMS 0x0000000089d00000, 0x0000000089d00000| Complete 
| 158|0x0000000089e00000, 0x0000000089f00000, 0x0000000089f00000|100%| E|CS|TAMS 0x0000000089e00000, 0x0000000089e00000| Complete 
| 159|0x0000000089f00000, 0x000000008a000000, 0x000000008a000000|100%| E|CS|TAMS 0x0000000089f00000, 0x0000000089f00000| Complete 
| 160|0x000000008a000000, 0x000000008a100000, 0x000000008a100000|100%| E|CS|TAMS 0x000000008a000000, 0x000000008a000000| Complete 
| 161|0x000000008a100000, 0x000000008a200000, 0x000000008a200000|100%| E|CS|TAMS 0x000000008a100000, 0x000000008a100000| Complete 
| 162|0x000000008a200000, 0x000000008a300000, 0x000000008a300000|100%| E|CS|TAMS 0x000000008a200000, 0x000000008a200000| Complete 
| 163|0x000000008a300000, 0x000000008a400000, 0x000000008a400000|100%| E|CS|TAMS 0x000000008a300000, 0x000000008a300000| Complete 
| 164|0x000000008a400000, 0x000000008a500000, 0x000000008a500000|100%| E|CS|TAMS 0x000000008a400000, 0x000000008a400000| Complete 
| 165|0x000000008a500000, 0x000000008a600000, 0x000000008a600000|100%| E|CS|TAMS 0x000000008a500000, 0x000000008a500000| Complete 
| 166|0x000000008a600000, 0x000000008a700000, 0x000000008a700000|100%| E|CS|TAMS 0x000000008a600000, 0x000000008a600000| Complete 
| 167|0x000000008a700000, 0x000000008a800000, 0x000000008a800000|100%| E|CS|TAMS 0x000000008a700000, 0x000000008a700000| Complete 
| 168|0x000000008a800000, 0x000000008a900000, 0x000000008a900000|100%| E|CS|TAMS 0x000000008a800000, 0x000000008a800000| Complete 
| 169|0x000000008a900000, 0x000000008aa00000, 0x000000008aa00000|100%| E|CS|TAMS 0x000000008a900000, 0x000000008a900000| Complete 
| 170|0x000000008aa00000, 0x000000008ab00000, 0x000000008ab00000|100%| E|CS|TAMS 0x000000008aa00000, 0x000000008aa00000| Complete 
| 171|0x000000008ab00000, 0x000000008ac00000, 0x000000008ac00000|100%| E|CS|TAMS 0x000000008ab00000, 0x000000008ab00000| Complete 
| 172|0x000000008ac00000, 0x000000008ad00000, 0x000000008ad00000|100%| E|CS|TAMS 0x000000008ac00000, 0x000000008ac00000| Complete 
| 173|0x000000008ad00000, 0x000000008ae00000, 0x000000008ae00000|100%| E|CS|TAMS 0x000000008ad00000, 0x000000008ad00000| Complete 
| 174|0x000000008ae00000, 0x000000008af00000, 0x000000008af00000|100%| E|CS|TAMS 0x000000008ae00000, 0x000000008ae00000| Complete 
| 175|0x000000008af00000, 0x000000008b000000, 0x000000008b000000|100%| E|CS|TAMS 0x000000008af00000, 0x000000008af00000| Complete 
| 176|0x000000008b000000, 0x000000008b100000, 0x000000008b100000|100%| E|CS|TAMS 0x000000008b000000, 0x000000008b000000| Complete 
| 177|0x000000008b100000, 0x000000008b200000, 0x000000008b200000|100%| E|CS|TAMS 0x000000008b100000, 0x000000008b100000| Complete 
| 178|0x000000008b200000, 0x000000008b300000, 0x000000008b300000|100%| E|CS|TAMS 0x000000008b200000, 0x000000008b200000| Complete 
| 179|0x000000008b300000, 0x000000008b400000, 0x000000008b400000|100%| E|CS|TAMS 0x000000008b300000, 0x000000008b300000| Complete 
| 180|0x000000008b400000, 0x000000008b500000, 0x000000008b500000|100%| E|CS|TAMS 0x000000008b400000, 0x000000008b400000| Complete 
| 181|0x000000008b500000, 0x000000008b600000, 0x000000008b600000|100%| E|CS|TAMS 0x000000008b500000, 0x000000008b500000| Complete 
| 182|0x000000008b600000, 0x000000008b700000, 0x000000008b700000|100%| E|CS|TAMS 0x000000008b600000, 0x000000008b600000| Complete 
| 183|0x000000008b700000, 0x000000008b800000, 0x000000008b800000|100%| E|CS|TAMS 0x000000008b700000, 0x000000008b700000| Complete 
| 184|0x000000008b800000, 0x000000008b900000, 0x000000008b900000|100%| E|CS|TAMS 0x000000008b800000, 0x000000008b800000| Complete 

Card table byte_map: [0x000001e7e72d0000,0x000001e7e76d0000] _byte_map_base: 0x000001e7e6ed0000

Marking Bits (Prev, Next): (CMBitMap*) 0x000001e7d3dde448, (CMBitMap*) 0x000001e7d3dde480
 Prev Bits: [0x000001e7e7ad0000, 0x000001e7e9ad0000)
 Next Bits: [0x000001e7e9ad0000, 0x000001e7ebad0000)

Polling page: 0x000001e7d2520000

Metaspace:

Usage:
  Non-class:     66.43 MB capacity,    65.49 MB ( 99%) used,   763.75 KB (  1%) free+waste,   189.44 KB ( <1%) overhead. 
      Class:     10.46 MB capacity,     9.84 MB ( 94%) used,   544.16 KB (  5%) free+waste,    88.06 KB ( <1%) overhead. 
       Both:     76.88 MB capacity,    75.33 MB ( 98%) used,     1.28 MB (  2%) free+waste,   277.50 KB ( <1%) overhead. 

Virtual space:
  Non-class space:       68.00 MB reserved,      66.54 MB ( 98%) committed 
      Class space:        1.00 GB reserved,      10.50 MB (  1%) committed 
             Both:        1.07 GB reserved,      77.04 MB (  7%) committed 

Chunk freelists:
   Non-Class:  52.00 KB
       Class:  13.00 KB
        Both:  65.00 KB

MaxMetaspaceSize: 17179869184.00 GB
CompressedClassSpaceSize: 1.00 GB

CodeHeap 'non-profiled nmethods': size=120064Kb used=4628Kb max_used=4628Kb free=115435Kb
 bounds [0x000001e7df360000, 0x000001e7df7f0000, 0x000001e7e68a0000]
CodeHeap 'profiled nmethods': size=120000Kb used=16206Kb max_used=16206Kb free=103793Kb
 bounds [0x000001e7d7e30000, 0x000001e7d8e10000, 0x000001e7df360000]
CodeHeap 'non-nmethods': size=5696Kb used=2270Kb max_used=2319Kb free=3425Kb
 bounds [0x000001e7d78a0000, 0x000001e7d7b10000, 0x000001e7d7e30000]
 total_blobs=8434 nmethods=7567 adapters=778
 compilation: enabled
              stopped_count=0, restarted_count=0
 full_count=0

Compilation events (20 events):
Event: 14.009 Thread 0x000001e7ee0ec800 nmethod 7572 0x000001e7d8dfdd90 code [0x000001e7d8dfdf40, 0x000001e7d8dfe098]
Event: 14.009 Thread 0x000001e7ee0ec800 7573  s!   3       java.lang.StackTraceElement::computeFormat (71 bytes)
Event: 14.010 Thread 0x000001e7ee0ec800 nmethod 7573 0x000001e7d8dfe190 code [0x000001e7d8dfe3c0, 0x000001e7d8dfecf8]
Event: 14.010 Thread 0x000001e7ee0ec800 7574       3       java.lang.StackTraceElement::isHashedInJavaBase (31 bytes)
Event: 14.010 Thread 0x000001e7ee0ec800 nmethod 7574 0x000001e7d8dfef90 code [0x000001e7d8dff1a0, 0x000001e7d8dff678]
Event: 14.036 Thread 0x000001e7ee0ec800 7575       3       java.util.jar.JarFile$JarFileEntry::getRealName (5 bytes)
Event: 14.036 Thread 0x000001e7ee0ec800 nmethod 7575 0x000001e7d8dff810 code [0x000001e7d8dff9c0, 0x000001e7d8dffad8]
Event: 14.038 Thread 0x000001e7f175b800 7576       4       java.lang.String::regionMatches (150 bytes)
Event: 14.045 Thread 0x000001e7ee0ec800 7577       3       java.lang.reflect.ProxyGenerator::addProxyMethod (233 bytes)
Event: 14.048 Thread 0x000001e7ee0ec800 nmethod 7577 0x000001e7d8dffb90 code [0x000001e7d8dfff60, 0x000001e7d8e01b88]
Event: 14.051 Thread 0x000001e7f175b800 nmethod 7576 0x000001e7df7da610 code [0x000001e7df7da7c0, 0x000001e7df7daeb8]
Event: 14.057 Thread 0x000001e7ee0e6000 nmethod 7199% 0x000001e7df7db490 code [0x000001e7df7db940, 0x000001e7df7e1a10]
Event: 14.068 Thread 0x000001e7f175b800 7578   !   4       java.util.concurrent.ConcurrentHashMap::putVal (432 bytes)
Event: 14.078 Thread 0x000001e7ee0ec800 7579       3       java.lang.Short::<init> (10 bytes)
Event: 14.078 Thread 0x000001e7ee0ec800 nmethod 7579 0x000001e7d8e02490 code [0x000001e7d8e02640, 0x000001e7d8e027f8]
Event: 14.079 Thread 0x000001e7ee0ec800 7580       3       java.lang.Module::getLayer (43 bytes)
Event: 14.079 Thread 0x000001e7ee0ec800 nmethod 7580 0x000001e7d8e02910 code [0x000001e7d8e02b00, 0x000001e7d8e02e88]
Event: 14.084 Thread 0x000001e7ee0ec800 7581       3       java.lang.reflect.Field::getAnnotation (23 bytes)
Event: 14.085 Thread 0x000001e7ee0ec800 nmethod 7581 0x000001e7d8e02f90 code [0x000001e7d8e031c0, 0x000001e7d8e03828]
Event: 14.089 Thread 0x000001e7ee0e6000 7582       4       java.lang.Class::annotationData (44 bytes)

GC Heap History (20 events):
Event: 2.834 GC heap after
{Heap after GC invocations=5 (full 0):
 garbage-first heap   total 131072K, used 17513K [0x0000000080000000, 0x0000000100000000)
  region size 1024K, 5 young (5120K), 5 survivors (5120K)
 Metaspace       used 20644K, capacity 21104K, committed 21296K, reserved 1069056K
  class space    used 2533K, capacity 2660K, committed 2688K, reserved 1048576K
}
Event: 3.701 GC heap before
{Heap before GC invocations=6 (full 0):
 garbage-first heap   total 131072K, used 68713K [0x0000000080000000, 0x0000000100000000)
  region size 1024K, 55 young (56320K), 5 survivors (5120K)
 Metaspace       used 25917K, capacity 26508K, committed 26752K, reserved 1073152K
  class space    used 3391K, capacity 3617K, committed 3712K, reserved 1048576K
}
Event: 3.708 GC heap after
{Heap after GC invocations=7 (full 0):
 garbage-first heap   total 131072K, used 19709K [0x0000000080000000, 0x0000000100000000)
  region size 1024K, 3 young (3072K), 3 survivors (3072K)
 Metaspace       used 25917K, capacity 26508K, committed 26752K, reserved 1073152K
  class space    used 3391K, capacity 3617K, committed 3712K, reserved 1048576K
}
Event: 4.550 GC heap before
{Heap before GC invocations=7 (full 0):
 garbage-first heap   total 131072K, used 73981K [0x0000000080000000, 0x0000000100000000)
  region size 1024K, 56 young (57344K), 3 survivors (3072K)
 Metaspace       used 32295K, capacity 33090K, committed 33280K, reserved 1077248K
  class space    used 4261K, capacity 4538K, committed 4608K, reserved 1048576K
}
Event: 4.557 GC heap after
{Heap after GC invocations=8 (full 0):
 garbage-first heap   total 157696K, used 21921K [0x0000000080000000, 0x0000000100000000)
  region size 1024K, 6 young (6144K), 6 survivors (6144K)
 Metaspace       used 32295K, capacity 33090K, committed 33280K, reserved 1077248K
  class space    used 4261K, capacity 4538K, committed 4608K, reserved 1048576K
}
Event: 4.776 GC heap before
{Heap before GC invocations=8 (full 0):
 garbage-first heap   total 157696K, used 28065K [0x0000000080000000, 0x0000000100000000)
  region size 1024K, 13 young (13312K), 6 survivors (6144K)
 Metaspace       used 35039K, capacity 35845K, committed 36048K, reserved 1081344K
  class space    used 4560K, capacity 4863K, committed 4864K, reserved 1048576K
}
Event: 4.784 GC heap after
{Heap after GC invocations=9 (full 0):
 garbage-first heap   total 157696K, used 23251K [0x0000000080000000, 0x0000000100000000)
  region size 1024K, 6 young (6144K), 6 survivors (6144K)
 Metaspace       used 35039K, capacity 35845K, committed 36048K, reserved 1081344K
  class space    used 4560K, capacity 4863K, committed 4864K, reserved 1048576K
}
Event: 5.769 GC heap before
{Heap before GC invocations=10 (full 0):
 garbage-first heap   total 157696K, used 94931K [0x0000000080000000, 0x0000000100000000)
  region size 1024K, 74 young (75776K), 6 survivors (6144K)
 Metaspace       used 40218K, capacity 41112K, committed 41244K, reserved 1085440K
  class space    used 5153K, capacity 5504K, committed 5504K, reserved 1048576K
}
Event: 5.780 GC heap after
{Heap after GC invocations=11 (full 0):
 garbage-first heap   total 157696K, used 28460K [0x0000000080000000, 0x0000000100000000)
  region size 1024K, 9 young (9216K), 9 survivors (9216K)
 Metaspace       used 40218K, capacity 41112K, committed 41244K, reserved 1085440K
  class space    used 5153K, capacity 5504K, committed 5504K, reserved 1048576K
}
Event: 6.910 GC heap before
{Heap before GC invocations=11 (full 0):
 garbage-first heap   total 157696K, used 103212K [0x0000000080000000, 0x0000000100000000)
  region size 1024K, 82 young (83968K), 9 survivors (9216K)
 Metaspace       used 46752K, capacity 47925K, committed 48156K, reserved 1091584K
  class space    used 6018K, capacity 6467K, committed 6528K, reserved 1048576K
}
Event: 6.921 GC heap after
{Heap after GC invocations=12 (full 0):
 garbage-first heap   total 157696K, used 30772K [0x0000000080000000, 0x0000000100000000)
  region size 1024K, 8 young (8192K), 8 survivors (8192K)
 Metaspace       used 46752K, capacity 47925K, committed 48156K, reserved 1091584K
  class space    used 6018K, capacity 6467K, committed 6528K, reserved 1048576K
}
Event: 9.324 GC heap before
{Heap before GC invocations=12 (full 0):
 garbage-first heap   total 157696K, used 118836K [0x0000000080000000, 0x0000000100000000)
  region size 1024K, 86 young (88064K), 8 survivors (8192K)
 Metaspace       used 51376K, capacity 52665K, committed 52892K, reserved 1095680K
  class space    used 6550K, capacity 7044K, committed 7168K, reserved 1048576K
}
Event: 9.340 GC heap after
{Heap after GC invocations=13 (full 0):
 garbage-first heap   total 157696K, used 51200K [0x0000000080000000, 0x0000000100000000)
  region size 1024K, 11 young (11264K), 11 survivors (11264K)
 Metaspace       used 51376K, capacity 52665K, committed 52892K, reserved 1095680K
  class space    used 6550K, capacity 7044K, committed 7168K, reserved 1048576K
}
Event: 10.424 GC heap before
{Heap before GC invocations=13 (full 0):
 garbage-first heap   total 157696K, used 103424K [0x0000000080000000, 0x0000000100000000)
  region size 1024K, 63 young (64512K), 11 survivors (11264K)
 Metaspace       used 58995K, capacity 60462K, committed 60572K, reserved 1101824K
  class space    used 7511K, capacity 8084K, committed 8192K, reserved 1048576K
}
Event: 10.442 GC heap after
{Heap after GC invocations=14 (full 0):
 garbage-first heap   total 189440K, used 55252K [0x0000000080000000, 0x0000000100000000)
  region size 1024K, 3 young (3072K), 3 survivors (3072K)
 Metaspace       used 58995K, capacity 60462K, committed 60572K, reserved 1101824K
  class space    used 7511K, capacity 8084K, committed 8192K, reserved 1048576K
}
Event: 12.091 GC heap before
{Heap before GC invocations=15 (full 0):
 garbage-first heap   total 189440K, used 127956K [0x0000000080000000, 0x0000000100000000)
  region size 1024K, 74 young (75776K), 3 survivors (3072K)
 Metaspace       used 66247K, capacity 67704K, committed 68008K, reserved 1107968K
  class space    used 8405K, capacity 8969K, committed 9088K, reserved 1048576K
}
Event: 12.101 GC heap after
{Heap after GC invocations=16 (full 0):
 garbage-first heap   total 189440K, used 59557K [0x0000000080000000, 0x0000000100000000)
  region size 1024K, 8 young (8192K), 8 survivors (8192K)
 Metaspace       used 66247K, capacity 67704K, committed 68008K, reserved 1107968K
  class space    used 8405K, capacity 8969K, committed 9088K, reserved 1048576K
}
Event: 13.014 GC heap before
{Heap before GC invocations=17 (full 0):
 garbage-first heap   total 189440K, used 132261K [0x0000000080000000, 0x0000000100000000)
  region size 1024K, 79 young (80896K), 8 survivors (8192K)
 Metaspace       used 70017K, capacity 71482K, committed 71592K, reserved 1112064K
  class space    used 8954K, capacity 9523K, committed 9600K, reserved 1048576K
}
Event: 13.027 GC heap after
{Heap after GC invocations=18 (full 0):
 garbage-first heap   total 189440K, used 64929K [0x0000000080000000, 0x0000000100000000)
  region size 1024K, 10 young (10240K), 10 survivors (10240K)
 Metaspace       used 70017K, capacity 71482K, committed 71592K, reserved 1112064K
  class space    used 8954K, capacity 9523K, committed 9600K, reserved 1048576K
}
Event: 14.090 GC heap before
{Heap before GC invocations=18 (full 0):
 garbage-first heap   total 189440K, used 137633K [0x0000000080000000, 0x0000000100000000)
  region size 1024K, 81 young (82944K), 10 survivors (10240K)
 Metaspace       used 77141K, capacity 78727K, committed 78888K, reserved 1118208K
  class space    used 10074K, capacity 10707K, committed 10752K, reserved 1048576K
}

Deoptimization events (20 events):
Event: 13.911 Thread 0x000001e7efc4d000 Uncommon trap: trap_request=0xffffff4d fr.pc=0x000001e7df5f34b0 relative=0x0000000000001a10
Event: 13.911 Thread 0x000001e7efc4d000 Uncommon trap: reason=unstable_if action=reinterpret pc=0x000001e7df5f34b0 method=sun.nio.fs.WindowsPathParser.normalize(Ljava/lang/StringBuilder;Ljava/lang/String;I)Ljava/lang/String; @ 172 c2
Event: 13.911 Thread 0x000001e7efc4d000 DEOPT PACKING pc=0x000001e7df5f34b0 sp=0x00000077b1ff90a0
Event: 13.911 Thread 0x000001e7efc4d000 DEOPT UNPACKING pc=0x000001e7d78c65af sp=0x00000077b1ff9090 mode 2
Event: 13.940 Thread 0x000001e7efc4d000 Uncommon trap: trap_request=0xffffff4d fr.pc=0x000001e7df474610 relative=0x0000000000000790
Event: 13.940 Thread 0x000001e7efc4d000 Uncommon trap: reason=unstable_if action=reinterpret pc=0x000001e7df474610 method=java.util.jar.JarFile.getVersionedEntry(Ljava/lang/String;Ljava/util/jar/JarEntry;)Ljava/util/jar/JarEntry; @ 67 c2
Event: 13.940 Thread 0x000001e7efc4d000 DEOPT PACKING pc=0x000001e7df474610 sp=0x00000077b1ff74a0
Event: 13.940 Thread 0x000001e7efc4d000 DEOPT UNPACKING pc=0x000001e7d78c65af sp=0x00000077b1ff7488 mode 2
Event: 14.052 Thread 0x000001e7efc4d000 Uncommon trap: trap_request=0xffffffde fr.pc=0x000001e7df7346a8 relative=0x00000000000083e8
Event: 14.052 Thread 0x000001e7efc4d000 Uncommon trap: reason=class_check action=maybe_recompile pc=0x000001e7df7346a8 method=java.lang.Class.createAnnotationData(I)Ljava/lang/Class$AnnotationData; @ 103 c2
Event: 14.052 Thread 0x000001e7efc4d000 DEOPT PACKING pc=0x000001e7df7346a8 sp=0x00000077b1ff8390
Event: 14.052 Thread 0x000001e7efc4d000 DEOPT UNPACKING pc=0x000001e7d78c65af sp=0x00000077b1ff83b0 mode 2
Event: 14.052 Thread 0x000001e7efc4d000 Uncommon trap: trap_request=0xffffffde fr.pc=0x000001e7df7346a8 relative=0x00000000000083e8
Event: 14.052 Thread 0x000001e7efc4d000 Uncommon trap: reason=class_check action=maybe_recompile pc=0x000001e7df7346a8 method=java.lang.Class.createAnnotationData(I)Ljava/lang/Class$AnnotationData; @ 103 c2
Event: 14.052 Thread 0x000001e7efc4d000 DEOPT PACKING pc=0x000001e7df7346a8 sp=0x00000077b1ff8510
Event: 14.052 Thread 0x000001e7efc4d000 DEOPT UNPACKING pc=0x000001e7d78c65af sp=0x00000077b1ff8530 mode 2
Event: 14.083 Thread 0x000001e7efc4d000 Uncommon trap: trap_request=0xfffffff4 fr.pc=0x000001e7df734f04 relative=0x0000000000008c44
Event: 14.083 Thread 0x000001e7efc4d000 Uncommon trap: reason=null_check action=make_not_entrant pc=0x000001e7df734f04 method=java.lang.Class.createAnnotationData(I)Ljava/lang/Class$AnnotationData; @ 14 c2
Event: 14.083 Thread 0x000001e7efc4d000 DEOPT PACKING pc=0x000001e7df734f04 sp=0x00000077b1ff7ce0
Event: 14.083 Thread 0x000001e7efc4d000 DEOPT UNPACKING pc=0x000001e7d78c65af sp=0x00000077b1ff7d10 mode 2

Classes redefined (0 events):
No events

Internal exceptions (20 events):
Event: 12.580 Thread 0x000001e7efc4d000 Exception <a 'java/lang/ClassNotFoundException'{0x0000000088a5ef28}: com/android/build/gradle/internal/dsl/ApplicationBuildFeaturesImplCustomizer> (0x0000000088a5ef28) thrown at [./src/hotspot/share/classfile/systemDictionary.cpp, line 231]
Event: 12.581 Thread 0x000001e7efc4d000 Exception <a 'java/lang/ClassNotFoundException'{0x0000000088a85338}: com/android/build/gradle/internal/dsl/ApplicationBuildFeaturesImpl_DecoratedCustomizer> (0x0000000088a85338) thrown at [./src/hotspot/share/classfile/systemDictionary.cpp, line 231]
Event: 12.589 Thread 0x000001e7efc4d000 Exception <a 'java/lang/ClassNotFoundException'{0x0000000088956948}: org/gradle/api/internal/artifacts/dsl/dependencies/DefaultDependencyHandler_DecoratedBeanInfo> (0x0000000088956948) thrown at [./src/hotspot/share/classfile/systemDictionary.cpp, line 231]
Event: 12.590 Thread 0x000001e7efc4d000 Exception <a 'java/lang/ClassNotFoundException'{0x00000000889a0770}: org/gradle/api/internal/artifacts/dsl/dependencies/DefaultDependencyHandlerBeanInfo> (0x00000000889a0770) thrown at [./src/hotspot/share/classfile/systemDictionary.cpp, line 231]
Event: 12.591 Thread 0x000001e7efc4d000 Exception <a 'java/lang/ClassNotFoundException'{0x00000000889e9fa0}: org/gradle/api/internal/artifacts/dsl/dependencies/DefaultDependencyHandlerCustomizer> (0x00000000889e9fa0) thrown at [./src/hotspot/share/classfile/systemDictionary.cpp, line 231]
Event: 12.594 Thread 0x000001e7efc4d000 Exception <a 'java/lang/ClassNotFoundException'{0x000000008885d410}: org/gradle/api/internal/artifacts/dsl/dependencies/DefaultDependencyHandler_DecoratedCustomizer> (0x000000008885d410) thrown at [./src/hotspot/share/classfile/systemDictionary.cpp, line 231]
Event: 13.364 Thread 0x000001e7efc4d000 Exception <a 'java/lang/ClassNotFoundException'{0x000000008a363410}: com/android/build/gradle/internal/api/ApkVariantOutputImpl_DecoratedBeanInfo> (0x000000008a363410) thrown at [./src/hotspot/share/classfile/systemDictionary.cpp, line 231]
Event: 13.364 Thread 0x000001e7efc4d000 Exception <a 'java/lang/ClassNotFoundException'{0x000000008a37ed70}: com/android/build/gradle/internal/api/ApkVariantOutputImplBeanInfo> (0x000000008a37ed70) thrown at [./src/hotspot/share/classfile/systemDictionary.cpp, line 231]
Event: 13.365 Thread 0x000001e7efc4d000 Exception <a 'java/lang/ClassNotFoundException'{0x000000008a39b220}: com/android/build/gradle/internal/api/BaseVariantOutputImplBeanInfo> (0x000000008a39b220) thrown at [./src/hotspot/share/classfile/systemDictionary.cpp, line 231]
Event: 13.365 Thread 0x000001e7efc4d000 Exception <a 'java/lang/ClassNotFoundException'{0x000000008a3b74d8}: com/android/build/gradle/internal/api/BaseVariantOutputImplCustomizer> (0x000000008a3b74d8) thrown at [./src/hotspot/share/classfile/systemDictionary.cpp, line 231]
Event: 13.367 Thread 0x000001e7efc4d000 Exception <a 'java/lang/ClassNotFoundException'{0x000000008a3e5e28}: com/android/build/gradle/internal/api/ApkVariantOutputImplCustomizer> (0x000000008a3e5e28) thrown at [./src/hotspot/share/classfile/systemDictionary.cpp, line 231]
Event: 13.368 Thread 0x000001e7efc4d000 Exception <a 'java/lang/ClassNotFoundException'{0x000000008a2112e8}: com/android/build/gradle/internal/api/ApkVariantOutputImpl_DecoratedCustomizer> (0x000000008a2112e8) thrown at [./src/hotspot/share/classfile/systemDictionary.cpp, line 231]
Event: 13.406 Thread 0x000001e7efc4d000 Exception <a 'java/lang/ClassNotFoundException'{0x000000008a04ebc8}: com/android/build/gradle/internal/api/ReadOnlyBuildTypeBeanInfo> (0x000000008a04ebc8) thrown at [./src/hotspot/share/classfile/systemDictionary.cpp, line 231]
Event: 13.407 Thread 0x000001e7efc4d000 Exception <a 'java/lang/ClassNotFoundException'{0x000000008a069e68}: com/android/build/gradle/internal/api/ReadOnlyBaseConfigBeanInfo> (0x000000008a069e68) thrown at [./src/hotspot/share/classfile/systemDictionary.cpp, line 231]
Event: 13.407 Thread 0x000001e7efc4d000 Exception <a 'java/lang/ClassNotFoundException'{0x000000008a085a00}: com/android/build/gradle/internal/api/ReadOnlyBaseConfigCustomizer> (0x000000008a085a00) thrown at [./src/hotspot/share/classfile/systemDictionary.cpp, line 231]
Event: 13.408 Thread 0x000001e7efc4d000 Exception <a 'java/lang/ClassNotFoundException'{0x000000008a0b1138}: com/android/build/gradle/internal/api/ReadOnlyBuildTypeCustomizer> (0x000000008a0b1138) thrown at [./src/hotspot/share/classfile/systemDictionary.cpp, line 231]
Event: 13.854 Thread 0x000001e7efc4d000 Exception <a 'sun/nio/fs/WindowsException'{0x000000008839dee0}> (0x000000008839dee0) thrown at [./src/hotspot/share/prims/jni.cpp, line 615]
Event: 13.855 Thread 0x000001e7efc4d000 Exception <a 'sun/nio/fs/WindowsException'{0x000000008839e2c0}> (0x000000008839e2c0) thrown at [./src/hotspot/share/prims/jni.cpp, line 615]
Event: 13.998 Thread 0x000001e7efc4d000 Exception <a 'java/lang/NullPointerException'{0x00000000879a8640}> (0x00000000879a8640) thrown at [./src/hotspot/share/interpreter/linkResolver.cpp, line 1440]
Event: 14.083 Thread 0x000001e7efc4d000 Implicit null exception at 0x000001e7df72c388 to 0x000001e7df734ef0

Events (20 events):
Event: 14.083 loading class com/sun/xml/bind/v2/model/core/ID done
Event: 14.084 loading class javax/xml/bind/annotation/XmlSchemaTypes
Event: 14.084 loading class javax/xml/bind/annotation/XmlSchemaTypes done
Event: 14.084 loading class com/sun/xml/bind/v2/model/impl/ElementPropertyInfoImpl$1
Event: 14.084 loading class com/sun/xml/bind/v2/model/impl/ElementPropertyInfoImpl$1 done
Event: 14.084 loading class com/sun/xml/bind/annotation/XmlLocation
Event: 14.084 loading class com/sun/xml/bind/annotation/XmlLocation done
Event: 14.085 loading class com/sun/xml/bind/v2/model/nav/ReflectionNavigator$10
Event: 14.085 loading class com/sun/xml/bind/v2/model/nav/ReflectionNavigator$10 done
Event: 14.085 loading class com/sun/xml/bind/v2/model/impl/ClassInfoImpl$PropertySorter
Event: 14.085 loading class com/sun/xml/bind/v2/model/impl/ClassInfoImpl$PropertySorter done
Event: 14.086 loading class com/sun/xml/bind/v2/TODO
Event: 14.086 loading class com/sun/xml/bind/v2/TODO done
Event: 14.086 loading class com/sun/xml/bind/v2/model/impl/PropertyInfoImpl$1
Event: 14.086 loading class com/sun/xml/bind/v2/model/impl/PropertyInfoImpl$1 done
Event: 14.088 loading class com/sun/xml/bind/v2/model/impl/AttributePropertyInfoImpl$1
Event: 14.088 loading class com/sun/xml/bind/v2/model/impl/AttributePropertyInfoImpl$1 done
Event: 14.090 loading class javax/xml/bind/annotation/XmlElementDecl$GLOBAL
Event: 14.090 loading class javax/xml/bind/annotation/XmlElementDecl$GLOBAL done
Event: 14.090 Executing VM operation: G1CollectForAllocation


Dynamic libraries:
0x00007ff745e50000 - 0x00007ff745e5a000 	C:\Program Files\Android\Android Studio\jre\bin\java.exe
0x00007ffecc6b0000 - 0x00007ffecc8a5000 	C:\WINDOWS\SYSTEM32\ntdll.dll
0x00007ffecbec0000 - 0x00007ffecbf7e000 	C:\WINDOWS\System32\KERNEL32.DLL
0x00007ffec9f90000 - 0x00007ffeca258000 	C:\WINDOWS\System32\KERNELBASE.dll
0x00007ffec9dd0000 - 0x00007ffec9ed0000 	C:\WINDOWS\System32\ucrtbase.dll
0x00007ffeab940000 - 0x00007ffeab957000 	C:\Program Files\Android\Android Studio\jre\bin\VCRUNTIME140.dll
0x00007ffeab920000 - 0x00007ffeab939000 	C:\Program Files\Android\Android Studio\jre\bin\jli.dll
0x00007ffecbd20000 - 0x00007ffecbec0000 	C:\WINDOWS\System32\USER32.dll
0x00007ffec9ed0000 - 0x00007ffec9ef2000 	C:\WINDOWS\System32\win32u.dll
0x00007ffecc100000 - 0x00007ffecc12a000 	C:\WINDOWS\System32\GDI32.dll
0x00007ffeca590000 - 0x00007ffeca69b000 	C:\WINDOWS\System32\gdi32full.dll
0x00007ffeca4f0000 - 0x00007ffeca58d000 	C:\WINDOWS\System32\msvcp_win.dll
0x00007ffeb3b90000 - 0x00007ffeb3e2a000 	C:\WINDOWS\WinSxS\amd64_microsoft.windows.common-controls_6595b64144ccf1df_6.0.19041.1110_none_60b5254171f9507e\COMCTL32.dll
0x00007ffecc5d0000 - 0x00007ffecc66e000 	C:\WINDOWS\System32\msvcrt.dll
0x00007ffecc130000 - 0x00007ffecc160000 	C:\WINDOWS\System32\IMM32.DLL
0x00007ffe7aa80000 - 0x00007ffe7ab1d000 	C:\Program Files\Android\Android Studio\jre\bin\msvcp140.dll
0x00007ffe6a500000 - 0x00007ffe6afd5000 	C:\Program Files\Android\Android Studio\jre\bin\server\jvm.dll
0x00007ffecae10000 - 0x00007ffecaebe000 	C:\WINDOWS\System32\ADVAPI32.dll
0x00007ffecbc80000 - 0x00007ffecbd1c000 	C:\WINDOWS\System32\sechost.dll
0x00007ffeca710000 - 0x00007ffeca835000 	C:\WINDOWS\System32\RPCRT4.dll
0x00007ffecb460000 - 0x00007ffecb468000 	C:\WINDOWS\System32\PSAPI.DLL
0x00007ffebee60000 - 0x00007ffebee87000 	C:\WINDOWS\SYSTEM32\WINMM.dll
0x00007ffec0990000 - 0x00007ffec0999000 	C:\WINDOWS\SYSTEM32\WSOCK32.dll
0x00007ffec45d0000 - 0x00007ffec45da000 	C:\WINDOWS\SYSTEM32\VERSION.dll
0x00007ffecab40000 - 0x00007ffecabab000 	C:\WINDOWS\System32\WS2_32.dll
0x00007ffec7d10000 - 0x00007ffec7d22000 	C:\WINDOWS\SYSTEM32\kernel.appcore.dll
0x00007ffeae4d0000 - 0x00007ffeae4e1000 	C:\Program Files\Android\Android Studio\jre\bin\verify.dll
0x00007ffebd290000 - 0x00007ffebd474000 	C:\WINDOWS\SYSTEM32\DBGHELP.DLL
0x00007ffec09a0000 - 0x00007ffec09cc000 	C:\WINDOWS\SYSTEM32\dbgcore.DLL
0x00007ffec9f00000 - 0x00007ffec9f82000 	C:\WINDOWS\System32\bcryptPrimitives.dll
0x00007ffeae170000 - 0x00007ffeae199000 	C:\Program Files\Android\Android Studio\jre\bin\java.dll
0x00007ffeaea40000 - 0x00007ffeaea4b000 	C:\Program Files\Android\Android Studio\jre\bin\jimage.dll
0x00007ffead740000 - 0x00007ffead758000 	C:\Program Files\Android\Android Studio\jre\bin\zip.dll
0x00007ffecb520000 - 0x00007ffecbc64000 	C:\WINDOWS\System32\SHELL32.dll
0x00007ffec7f10000 - 0x00007ffec86a4000 	C:\WINDOWS\SYSTEM32\windows.storage.dll
0x00007ffecb070000 - 0x00007ffecb3c4000 	C:\WINDOWS\System32\combase.dll
0x00007ffec9770000 - 0x00007ffec979c000 	C:\WINDOWS\SYSTEM32\Wldp.dll
0x00007ffecad60000 - 0x00007ffecae0d000 	C:\WINDOWS\System32\SHCORE.dll
0x00007ffecb3f0000 - 0x00007ffecb445000 	C:\WINDOWS\System32\shlwapi.dll
0x00007ffec9d10000 - 0x00007ffec9d2f000 	C:\WINDOWS\SYSTEM32\profapi.dll
0x00007ffeac000000 - 0x00007ffeac01a000 	C:\Program Files\Android\Android Studio\jre\bin\net.dll
0x00007ffec1f10000 - 0x00007ffec201a000 	C:\WINDOWS\SYSTEM32\WINHTTP.dll
0x00007ffec94d0000 - 0x00007ffec953a000 	C:\WINDOWS\system32\mswsock.dll
0x00007ffeabb90000 - 0x00007ffeabba4000 	C:\Program Files\Android\Android Studio\jre\bin\nio.dll
0x00007ffeab960000 - 0x00007ffeab987000 	C:\Users\VINICIUS\.gradle\native\e1d6ef7f7dcc3fd88c89a11ec53ec762bb8ba0a96d01ffa2cd45eb1d1d8dd5c5\windows-amd64\native-platform.dll
0x00007ffe62d80000 - 0x00007ffe62ec4000 	C:\Users\VINICIUS\.gradle\native\5664cfc778a61ccfe75a443a1ab52a65af34e5dc3c78e0209fed803814484fcb\windows-amd64\native-platform-file-events.dll
0x00007ffeae990000 - 0x00007ffeae99a000 	C:\Program Files\Android\Android Studio\jre\bin\management.dll
0x00007ffeab8c0000 - 0x00007ffeab8cd000 	C:\Program Files\Android\Android Studio\jre\bin\management_ext.dll
0x00007ffec96d0000 - 0x00007ffec96e8000 	C:\WINDOWS\SYSTEM32\CRYPTSP.dll
0x00007ffec8e50000 - 0x00007ffec8e84000 	C:\WINDOWS\system32\rsaenh.dll
0x00007ffeca410000 - 0x00007ffeca437000 	C:\WINDOWS\System32\bcrypt.dll
0x00007ffec9cd0000 - 0x00007ffec9cfe000 	C:\WINDOWS\SYSTEM32\USERENV.dll
0x00007ffec96c0000 - 0x00007ffec96cc000 	C:\WINDOWS\SYSTEM32\CRYPTBASE.dll
0x00007ffec91c0000 - 0x00007ffec91fb000 	C:\WINDOWS\SYSTEM32\IPHLPAPI.DLL
0x00007ffecb450000 - 0x00007ffecb458000 	C:\WINDOWS\System32\NSI.dll
0x00007ffec4790000 - 0x00007ffec47a7000 	C:\WINDOWS\SYSTEM32\dhcpcsvc6.DLL
0x00007ffec4770000 - 0x00007ffec478d000 	C:\WINDOWS\SYSTEM32\dhcpcsvc.DLL
0x00007ffec9200000 - 0x00007ffec92cb000 	C:\WINDOWS\SYSTEM32\DNSAPI.dll

dbghelp: loaded successfully - version: 4.0.5 - missing functions: none
symbol engine: initialized successfully - sym options: 0x614 - pdb path: .;C:\Program Files\Android\Android Studio\jre\bin;C:\WINDOWS\SYSTEM32;C:\WINDOWS\WinSxS\amd64_microsoft.windows.common-controls_6595b64144ccf1df_6.0.19041.1110_none_60b5254171f9507e;C:\Program Files\Android\Android Studio\jre\bin\server;C:\Users\VINICIUS\.gradle\native\e1d6ef7f7dcc3fd88c89a11ec53ec762bb8ba0a96d01ffa2cd45eb1d1d8dd5c5\windows-amd64;C:\Users\VINICIUS\.gradle\native\5664cfc778a61ccfe75a443a1ab52a65af34e5dc3c78e0209fed803814484fcb\windows-amd64

VM Arguments:
jvm_args: --add-opens=java.base/java.util=ALL-UNNAMED --add-opens=java.base/java.lang=ALL-UNNAMED --add-opens=java.base/java.lang.invoke=ALL-UNNAMED --add-opens=java.base/java.util=ALL-UNNAMED --add-opens=java.prefs/java.util.prefs=ALL-UNNAMED --add-opens=java.prefs/java.util.prefs=ALL-UNNAMED --add-opens=java.base/java.nio.charset=ALL-UNNAMED --add-opens=java.base/java.net=ALL-UNNAMED --add-opens=java.base/java.util.concurrent.atomic=ALL-UNNAMED -Xmx2048m -Dfile.encoding=UTF-8 -Duser.country=BR -Duser.language=pt -Duser.variant 
java_command: org.gradle.launcher.daemon.bootstrap.GradleDaemon 7.2
java_class_path (initial): C:\Users\VINICIUS\.gradle\wrapper\dists\gradle-7.2-bin\2dnblmf4td7x66yl1d74lt32g\gradle-7.2\lib\gradle-launcher-7.2.jar
Launcher Type: SUN_STANDARD

[Global flags]
     intx CICompilerCount                          = 3                                         {product} {ergonomic}
     uint ConcGCThreads                            = 1                                         {product} {ergonomic}
     uint G1ConcRefinementThreads                  = 4                                         {product} {ergonomic}
   size_t G1HeapRegionSize                         = 1048576                                   {product} {ergonomic}
    uintx GCDrainStackTargetSize                   = 64                                        {product} {ergonomic}
   size_t InitialHeapSize                          = 134217728                                 {product} {ergonomic}
   size_t MarkStackSize                            = 4194304                                   {product} {ergonomic}
   size_t MaxHeapSize                              = 2147483648                                {product} {command line}
   size_t MaxNewSize                               = 1287651328                                {product} {ergonomic}
   size_t MinHeapDeltaBytes                        = 1048576                                   {product} {ergonomic}
    uintx NonNMethodCodeHeapSize                   = 5830732                                {pd product} {ergonomic}
    uintx NonProfiledCodeHeapSize                  = 122913754                              {pd product} {ergonomic}
    uintx ProfiledCodeHeapSize                     = 122913754                              {pd product} {ergonomic}
    uintx ReservedCodeCacheSize                    = 251658240                              {pd product} {ergonomic}
     bool SegmentedCodeCache                       = true                                      {product} {ergonomic}
     bool UseCompressedClassPointers               = true                                 {lp64_product} {ergonomic}
     bool UseCompressedOops                        = true                                 {lp64_product} {ergonomic}
     bool UseG1GC                                  = true                                      {product} {ergonomic}
     bool UseLargePagesIndividualAllocation        = false                                  {pd product} {ergonomic}

Logging:
Log output configuration:
 #0: stdout all=warning uptime,level,tags
 #1: stderr all=off uptime,level,tags

Environment Variables:
JAVA_HOME=D:\java
PATH=C:\Python310\Scripts\;C:\Python310\;C:\Program Files (x86)\Common Files\Oracle\Java\javapath;C:\Windows\system32;C:\Windows;C:\Windows\System32\Wbem;C:\Windows\System32\WindowsPowerShell\v1.0\;C:\Windows\System32\OpenSSH\;C:\Program Files (x86)\NVIDIA Corporation\PhysX\Common;D:\java\bin;C:\WINDOWS\system32;C:\WINDOWS;C:\WINDOWS\System32\Wbem;C:\WINDOWS\System32\WindowsPowerShell\v1.0\;C:\WINDOWS\System32\OpenSSH\;C:\Program Files\NVIDIA Corporation\NVIDIA NvDLISR;C:\WINDOWS\system32;C:\WINDOWS;C:\WINDOWS\System32\Wbem;C:\WINDOWS\System32\WindowsPowerShell\v1.0\;C:\WINDOWS\System32\OpenSSH\;C:\Program Files\Git\cmd;C:\Program Files\Microsoft SQL Server\120\Tools\Binn\;C:\Program Files\Common Files\Autodesk Shared\;C:\Program Files\nodejs\;C:\ProgramData\chocolatey\bin;C:\Users\VINICIUS\AppData\Local\Microsoft\WindowsApps;C:\Users\VINICIUS\AppData\Roaming\npm
USERNAME=VINICIUS
OS=Windows_NT
PROCESSOR_IDENTIFIER=Intel64 Family 6 Model 42 Stepping 7, GenuineIntel



---------------  S Y S T E M  ---------------

OS: Windows 10 , 64 bit Build 19041 (10.0.19041.1645)
OS uptime: 0 days 8:08 hours

CPU:total 4 (initial active 4) (4 cores per cpu, 1 threads per core) family 6 model 42 stepping 7 microcode 0x2f, cmov, cx8, fxsr, mmx, sse, sse2, sse3, ssse3, sse4.1, sse4.2, popcnt, avx, aes, clmul, tsc, tscinvbit

Memory: 4k page, system-wide physical 8136M (374M free)
TotalPageFile size 15048M (AvailPageFile size 3255M)
current process WorkingSet (physical memory assigned to process): 401M, peak: 405M
current process commit charge ("private bytes"): 442M, peak: 449M

vm_info: OpenJDK 64-Bit Server VM (11.0.11+9-b60-7590822) for windows-amd64 JRE (11.0.11+9-b60-7590822), built on Jul 29 2021 21:43:44 by "builder" with MS VC++ 14.0 (VS2015)

END.
