#
# A fatal error has been detected by the Java Runtime Environment:
#
#  EXCEPTION_ACCESS_VIOLATION (0xc0000005) at pc=0x00007fff467ebfdd, pid=1468, tid=2464
#
# JRE version: OpenJDK Runtime Environment (11.0.12+7) (build 11.0.12+7-b1504.28-7817840)
# Java VM: OpenJDK 64-Bit Server VM (11.0.12+7-b1504.28-7817840, mixed mode, tiered, compressed oops, g1 gc, windows-amd64)
# Problematic frame:
# V  [jvm.dll+0x2dbfdd]
#
# No core dump will be written. Minidumps are not enabled by default on client versions of Windows
#
# If you would like to submit a bug report, please visit:
#   https://bugreport.java.com/bugreport/crash.jsp
#

---------------  S U M M A R Y ------------

Command Line: --add-opens=java.base/java.util=ALL-UNNAMED --add-opens=java.base/java.lang=ALL-UNNAMED --add-opens=java.base/java.lang.invoke=ALL-UNNAMED --add-opens=java.base/java.util=ALL-UNNAMED --add-opens=java.prefs/java.util.prefs=ALL-UNNAMED --add-opens=java.prefs/java.util.prefs=ALL-UNNAMED --add-opens=java.base/java.nio.charset=ALL-UNNAMED --add-opens=java.base/java.net=ALL-UNNAMED --add-opens=java.base/java.util.concurrent.atomic=ALL-UNNAMED -Xmx2048m -Dfile.encoding=UTF-8 -Duser.country=BR -Duser.language=pt -Duser.variant org.gradle.launcher.daemon.bootstrap.GradleDaemon 7.3.3

Host: Intel(R) Core(TM) i5-2310 CPU @ 2.90GHz, 4 cores, 7G,  Windows 10 , 64 bit Build 19041 (10.0.19041.1706)
Time: Mon May 16 19:43:55 2022 Hora oficial do Brasil elapsed time: 16329.974942 seconds (0d 4h 32m 9s)

---------------  T H R E A D  ---------------

Current thread (0x0000027325644000):  GCTaskThread "GC Thread#1" [stack: 0x000000def1a00000,0x000000def1b00000] [id=2464]

Stack: [0x000000def1a00000,0x000000def1b00000],  sp=0x000000def1aff6c0,  free space=1021k
Native frames: (J=compiled Java code, j=interpreted, Vv=VM code, C=native code)
V  [jvm.dll+0x2dbfdd]
V  [jvm.dll+0x30633f]
V  [jvm.dll+0x3075d8]
V  [jvm.dll+0x2d9052]
V  [jvm.dll+0x3057ab]
V  [jvm.dll+0x307b2a]
V  [jvm.dll+0x2e4b75]
V  [jvm.dll+0x2e527b]
V  [jvm.dll+0x757cd0]
V  [jvm.dll+0x6f26a5]
V  [jvm.dll+0x5fabf6]
C  [ucrtbase.dll+0x21bb2]
C  [KERNEL32.DLL+0x17034]
C  [ntdll.dll+0x52651]


siginfo: EXCEPTION_ACCESS_VIOLATION (0xc0000005), reading address 0x00000000000000f8


Register to memory mapping:

RIP=0x00007fff467ebfdd jvm.dll
RAX=0x000002730a527f00 points into unknown readable memory: 0x0000000000000000 | 00 00 00 00 00 00 00 00
RBX=0x000002732df23730 points into unknown readable memory: 0x00007fff46d444e8 | e8 44 d4 46 ff 7f 00 00
RCX=0x0 is NULL
RDX=0x000002732a5e0ae0 points into unknown readable memory: 0x00007fff46d4be90 | 90 be d4 46 ff 7f 00 00
RSP=0x000000def1aff6c0 points into unknown readable memory: 0x0000000000000004 | 04 00 00 00 00 00 00 00
RBP=0x000002732df238a0 points into unknown readable memory: 0x00007fff46d444a0 | a0 44 d4 46 ff 7f 00 00
RSI=0x000000010001ba50 is pointing into metadata
RDI=0x000000008be6c6a8 is pointing into object: java.util.concurrent.ConcurrentHashMap$Node 
{0x000000008be6c698} - klass: 'java/util/concurrent/ConcurrentHashMap$Node'
R8 =0x000000008be6c6b0 is pointing into object: java.util.concurrent.ConcurrentHashMap$Node 
{0x000000008be6c698} - klass: 'java/util/concurrent/ConcurrentHashMap$Node'
R9 =0x0000000000000080 is an unknown value
R10=0x000000008be6c6b0 is pointing into object: java.util.concurrent.ConcurrentHashMap$Node 
{0x000000008be6c698} - klass: 'java/util/concurrent/ConcurrentHashMap$Node'
R11=0x000002732df238a0 points into unknown readable memory: 0x00007fff46d444a0 | a0 44 d4 46 ff 7f 00 00
R12=0x0000000000000004 is an unknown value
R13=0x0 is NULL
R14=0x000000010001ba50 is pointing into metadata
R15=0x000000008be6c698 is an oop: java.util.concurrent.ConcurrentHashMap$Node 
{0x000000008be6c698} - klass: 'java/util/concurrent/ConcurrentHashMap$Node'


Registers:
RAX=0x000002730a527f00, RBX=0x000002732df23730, RCX=0x0000000000000000, RDX=0x000002732a5e0ae0
RSP=0x000000def1aff6c0, RBP=0x000002732df238a0, RSI=0x000000010001ba50, RDI=0x000000008be6c6a8
R8 =0x000000008be6c6b0, R9 =0x0000000000000080, R10=0x000000008be6c6b0, R11=0x000002732df238a0
R12=0x0000000000000004, R13=0x0000000000000000, R14=0x000000010001ba50, R15=0x000000008be6c698
RIP=0x00007fff467ebfdd, EFLAGS=0x0000000000010202

Top of Stack: (sp=0x000000def1aff6c0)
0x000000def1aff6c0:   0000000000000004 000000008be6c689
0x000000def1aff6d0:   000002730830c750 000000008be6c635
0x000000def1aff6e0:   000000008be6c6b0 00007fff4681633f
0x000000def1aff6f0:   000000008be6c688 00007fff46817862
0x000000def1aff700:   000000008be6c634 0000000000000000
0x000000def1aff710:   000000008dfa5490 0000000000000000
0x000000def1aff720:   000000008be6c698 00007fff468175d8
0x000000def1aff730:   0000000000000002 0000000000000001
0x000000def1aff740:   000002732df23730 00007fff467e81be
0x000000def1aff750:   000002730830c750 0000000000000000
0x000000def1aff760:   0000002e2df238a0 0000000000000001
0x000000def1aff770:   0000000000000000 000002732df23730
0x000000def1aff780:   0000000000000000 000002730830c7d0
0x000000def1aff790:   0000000000000000 000002732df23730
0x000000def1aff7a0:   000000def0efefc0 00007fff467e9052
0x000000def1aff7b0:   000002732df23730 00007fff46816301 

Instructions: (pc=0x00007fff467ebfdd)
0x00007fff467ebedd:   74 24 38 48 83 c4 20 5f c3 cc cc cc cc cc cc cc
0x00007fff467ebeed:   cc cc cc 48 89 5c 24 08 57 48 83 ec 20 48 8b 41
0x00007fff467ebefd:   18 48 8b da 48 83 cb 01 48 8b d3 48 8b 78 10 48
0x00007fff467ebf0d:   8b cf e8 cc 7b 00 00 84 c0 75 29 48 81 c7 90 00
0x00007fff467ebf1d:   00 00 48 8b 47 08 48 39 47 20 75 08 48 8b cf e8
0x00007fff467ebf2d:   0f 21 07 00 48 8b 4f 20 48 8b 47 38 48 89 1c c8
0x00007fff467ebf3d:   48 ff 47 20 48 8b 5c 24 30 48 83 c4 20 5f c3 cc
0x00007fff467ebf4d:   cc cc cc 48 89 5c 24 08 57 48 83 ec 20 48 8b 79
0x00007fff467ebf5d:   10 48 8b da 48 83 cb 01 48 8b cf 48 8b d3 e8 70
0x00007fff467ebf6d:   7b 00 00 84 c0 75 29 48 81 c7 90 00 00 00 48 8b
0x00007fff467ebf7d:   47 08 48 39 47 20 75 08 48 8b cf e8 b3 20 07 00
0x00007fff467ebf8d:   48 8b 4f 20 48 8b 47 38 48 89 1c c8 48 ff 47 20
0x00007fff467ebf9d:   48 8b 5c 24 30 48 83 c4 20 5f c3 cc cc cc cc cc
0x00007fff467ebfad:   cc cc cc 40 53 48 83 ec 20 8b 82 04 01 00 00 48
0x00007fff467ebfbd:   8b d9 d1 e8 a8 01 75 6b 48 8b 41 08 8b 88 c0 02
0x00007fff467ebfcd:   00 00 48 8b 80 b0 02 00 00 49 d3 e9 4a 8b 0c c8
0x00007fff467ebfdd:   48 8b 81 f8 00 00 00 83 b8 18 01 00 00 00 74 43
0x00007fff467ebfed:   48 8b 4b 50 48 89 7c 24 30 49 c1 e8 09 48 8b 79
0x00007fff467ebffd:   48 48 2b 79 40 49 03 f8 48 8b d7 e8 83 c1 ff ff
0x00007fff467ec00d:   84 c0 74 1a 80 7b 28 00 48 8d 4b 18 74 10 48 8b
0x00007fff467ec01d:   43 50 48 8b 50 40 48 03 d7 e8 35 9b 36 00 48 8b
0x00007fff467ec02d:   7c 24 30 48 83 c4 20 5b c3 cc cc cc cc cc cc cc
0x00007fff467ec03d:   cc cc cc 48 89 5c 24 08 48 89 74 24 10 57 48 83
0x00007fff467ec04d:   ec 20 48 63 fa 48 8d 05 e7 26 55 00 45 33 c0 48
0x00007fff467ec05d:   89 01 48 8b f1 89 79 08 48 8b df 48 8d 0c fd 00
0x00007fff467ec06d:   00 00 00 41 8d 50 05 e8 47 b5 dd ff 45 33 db 48
0x00007fff467ec07d:   89 46 10 4c 8d 4e 10 4c 8b d0 45 8b c3 85 ff 7e
0x00007fff467ec08d:   56 83 ff 02 72 51 8d 4f ff 48 63 d1 48 8d 04 d0
0x00007fff467ec09d:   4d 3b d1 77 05 49 3b c1 73 3d 8b c7 25 01 00 00
0x00007fff467ec0ad:   80 7d 07 ff c8 83 c8 fe ff c0 2b f8 0f 1f 80 00
0x00007fff467ec0bd:   00 00 00 41 83 c0 02 44 3b c7 7c f7 8d 47 01 49
0x00007fff467ec0cd:   8b fa 99 2b c2 d1 f8 48 63 c8 48 c1 e1 04 48 c1 


Stack slot to memory mapping:
stack at sp + 0 slots: 0x0000000000000004 is an unknown value
stack at sp + 1 slots: 0x000000008be6c689 is pointing into object: java.util.concurrent.ConcurrentHashMap$Node 
{0x000000008be6c678} - klass: 'java/util/concurrent/ConcurrentHashMap$Node'
stack at sp + 2 slots: 0x000002730830c750 points into unknown readable memory: 0x0000000000002845 | 45 28 00 00 00 00 00 00
stack at sp + 3 slots: 0x000000008be6c635 is pointing into object: [Lcom.android.tools.r8.graph.d1; 
{0x000000008be6c620} - klass: 'com/android/tools/r8/graph/d1'[]
 - length: 2
stack at sp + 4 slots: 0x000000008be6c6b0 is pointing into object: java.util.concurrent.ConcurrentHashMap$Node 
{0x000000008be6c698} - klass: 'java/util/concurrent/ConcurrentHashMap$Node'
stack at sp + 5 slots: 0x00007fff4681633f jvm.dll
stack at sp + 6 slots: 0x000000008be6c688 is pointing into object: java.util.concurrent.ConcurrentHashMap$Node 
{0x000000008be6c678} - klass: 'java/util/concurrent/ConcurrentHashMap$Node'
stack at sp + 7 slots: 0x00007fff46817862 jvm.dll


---------------  P R O C E S S  ---------------

Threads class SMR info:
_java_thread_list=0x000002732716a330, length=95, elements={
0x000002730a4fe800, 0x00000273240f3000, 0x00000273240fe000, 0x0000027324aa3000,
0x0000027324110800, 0x0000027324112800, 0x0000027324118000, 0x000002732411c000,
0x0000027324125000, 0x0000027324bed000, 0x0000027325c2a800, 0x0000027325c2b800,
0x0000027325c29800, 0x0000027326118800, 0x0000027326116000, 0x0000027326119000,
0x000002732611a000, 0x0000027326114800, 0x000002732611c800, 0x000002732611f000,
0x0000027326120000, 0x0000027326121800, 0x0000027326123000, 0x0000027327ed2000,
0x0000027327ed4800, 0x0000027330d76800, 0x0000027330d7a000, 0x0000027330d7c800,
0x00000273316c3800, 0x0000027325c2c000, 0x0000027325c2f800, 0x0000027325c30000,
0x0000027325c2d000, 0x0000027325c2d800, 0x0000027325c2e800, 0x0000027330fcd800,
0x0000027330fd3000, 0x0000027330fce000, 0x0000027330fcf000, 0x0000027330fd4000,
0x0000027330fd0800, 0x0000027330fd5800, 0x0000027330fd2000, 0x0000027330fcf800,
0x0000027330fd8800, 0x0000027330fd6000, 0x0000027330fd8000, 0x0000027330fdb000,
0x0000027330fd9800, 0x0000027330fd7000, 0x0000027330fda800, 0x0000027330fdc000,
0x00000273316ba800, 0x00000273316b8800, 0x00000273316b6800, 0x00000273316b7000,
0x00000273316b9800, 0x00000273316b8000, 0x00000273316bd000, 0x00000273316c1000,
0x00000273316be800, 0x00000273316c0000, 0x00000273316bf000, 0x00000273316bb000,
0x00000273316bd800, 0x00000273316c1800, 0x00000273316bc000, 0x00000273316c2800,
0x00000273316c4000, 0x0000027327ed5800, 0x0000027327ed8800, 0x0000027327ed3000,
0x0000027327ed9800, 0x0000027327ed3800, 0x0000027327ed7800, 0x0000027327eda000,
0x0000027327ed6000, 0x0000027327edd800, 0x0000027327edf000, 0x0000027327edb000,
0x0000027327edc000, 0x0000027327edc800, 0x0000027326115000, 0x0000027326117000,
0x000002732611d800, 0x0000027326117800, 0x0000027326122000, 0x0000027330d7a800,
0x0000027330d77800, 0x0000027330d78000, 0x0000027330fd4800, 0x0000027335685000,
0x0000027335680000, 0x0000027335685800, 0x0000027335684000
}

Java Threads: ( => current thread )
  0x000002730a4fe800 JavaThread "main" [_thread_blocked, id=10684, stack(0x000000def0800000,0x000000def0900000)]
  0x00000273240f3000 JavaThread "Reference Handler" daemon [_thread_blocked, id=4192, stack(0x000000def0f00000,0x000000def1000000)]
  0x00000273240fe000 JavaThread "Finalizer" daemon [_thread_blocked, id=10392, stack(0x000000def1000000,0x000000def1100000)]
  0x0000027324aa3000 JavaThread "Signal Dispatcher" daemon [_thread_blocked, id=1472, stack(0x000000def1100000,0x000000def1200000)]
  0x0000027324110800 JavaThread "Attach Listener" daemon [_thread_blocked, id=4228, stack(0x000000def1200000,0x000000def1300000)]
  0x0000027324112800 JavaThread "Service Thread" daemon [_thread_blocked, id=6200, stack(0x000000def1300000,0x000000def1400000)]
  0x0000027324118000 JavaThread "C2 CompilerThread0" daemon [_thread_blocked, id=8064, stack(0x000000def1400000,0x000000def1500000)]
  0x000002732411c000 JavaThread "C1 CompilerThread0" daemon [_thread_blocked, id=6116, stack(0x000000def1500000,0x000000def1600000)]
  0x0000027324125000 JavaThread "Sweeper thread" daemon [_thread_blocked, id=3736, stack(0x000000def1600000,0x000000def1700000)]
  0x0000027324bed000 JavaThread "Common-Cleaner" daemon [_thread_blocked, id=12800, stack(0x000000def1700000,0x000000def1800000)]
  0x0000027325c2a800 JavaThread "Daemon health stats" [_thread_blocked, id=868, stack(0x000000def1c00000,0x000000def1d00000)]
  0x0000027325c2b800 JavaThread "Incoming local TCP Connector on port 52526" [_thread_in_native, id=6684, stack(0x000000def1d00000,0x000000def1e00000)]
  0x0000027325c29800 JavaThread "Daemon periodic checks" [_thread_blocked, id=9552, stack(0x000000def1e00000,0x000000def1f00000)]
  0x0000027326118800 JavaThread "Cache worker for journal cache (C:\Users\VINICIUS\.gradle\caches\journal-1)" [_thread_blocked, id=2900, stack(0x000000def2700000,0x000000def2800000)]
  0x0000027326116000 JavaThread "File lock request listener" [_thread_in_native, id=11460, stack(0x000000def2800000,0x000000def2900000)]
  0x0000027326119000 JavaThread "Cache worker for file hash cache (C:\Users\VINICIUS\.gradle\caches\7.3.3\fileHashes)" [_thread_blocked, id=11028, stack(0x000000def2900000,0x000000def2a00000)]
  0x000002732611a000 JavaThread "File watcher server" daemon [_thread_blocked, id=9740, stack(0x000000def2b00000,0x000000def2c00000)]
  0x0000027326114800 JavaThread "File watcher consumer" daemon [_thread_blocked, id=1208, stack(0x000000def2c00000,0x000000def2d00000)]
  0x000002732611c800 JavaThread "Cache worker for execution history cache (C:\Users\VINICIUS\.gradle\caches\7.3.3\executionHistory)" [_thread_blocked, id=72, stack(0x000000def3000000,0x000000def3100000)]
  0x000002732611f000 JavaThread "jar transforms" [_thread_blocked, id=1000, stack(0x000000def3100000,0x000000def3200000)]
  0x0000027326120000 JavaThread "Cache worker for file content cache (C:\Users\VINICIUS\.gradle\caches\7.3.3\fileContent)" [_thread_blocked, id=8684, stack(0x000000def3200000,0x000000def3300000)]
  0x0000027326121800 JavaThread "jar transforms Thread 2" [_thread_blocked, id=12984, stack(0x000000def3300000,0x000000def3400000)]
  0x0000027326123000 JavaThread "jar transforms Thread 3" [_thread_blocked, id=3764, stack(0x000000def3500000,0x000000def3600000)]
  0x0000027327ed2000 JavaThread "jar transforms Thread 4" [_thread_blocked, id=12544, stack(0x000000def5f00000,0x000000def6000000)]
  0x0000027327ed4800 JavaThread "Memory manager" [_thread_blocked, id=12660, stack(0x000000def6000000,0x000000def6100000)]
  0x0000027330d76800 JavaThread "RMI Scheduler(0)" daemon [_thread_blocked, id=12700, stack(0x000000def1900000,0x000000def1a00000)]
  0x0000027330d7a000 JavaThread "RMI TCP Accept-0" daemon [_thread_in_native, id=9680, stack(0x000000def7200000,0x000000def7300000)]
  0x0000027330d7c800 JavaThread "Cache worker for Java compile cache (C:\Users\VINICIUS\.gradle\caches\7.3.3\javaCompile)" [_thread_blocked, id=3368, stack(0x000000def7600000,0x000000def7700000)]
  0x00000273316c3800 JavaThread "ForkJoinPool.commonPool-worker-1" daemon [_thread_blocked, id=6004, stack(0x000000def6800000,0x000000def6900000)]
  0x0000027325c2c000 JavaThread "Daemon Thread 5" [_thread_blocked, id=1828, stack(0x000000def0500000,0x000000def0600000)]
  0x0000027325c2f800 JavaThread "Handler for socket connection from /127.0.0.1:52526 to /127.0.0.1:62077" [_thread_in_native, id=2640, stack(0x000000def0600000,0x000000def0700000)]
  0x0000027325c30000 JavaThread "Cancel handler" [_thread_blocked, id=3820, stack(0x000000def0700000,0x000000def0800000)]
  0x0000027325c2d000 JavaThread "Daemon worker Thread 5" [_thread_blocked, id=8240, stack(0x000000def1f00000,0x000000def2000000)]
  0x0000027325c2d800 JavaThread "Asynchronous log dispatcher for DefaultDaemonConnection: socket connection from /127.0.0.1:52526 to /127.0.0.1:62077" [_thread_blocked, id=1372, stack(0x000000def2000000,0x000000def2100000)]
  0x0000027325c2e800 JavaThread "Stdin handler" [_thread_blocked, id=32, stack(0x000000def2100000,0x000000def2200000)]
  0x0000027330fcd800 JavaThread "Daemon client event forwarder" [_thread_blocked, id=12520, stack(0x000000def2200000,0x000000def2300000)]
  0x0000027330fd3000 JavaThread "Cache worker for file hash cache (C:\Users\VINICIUS\AndroidStudioProjects\Testesuasorte\.gradle\7.3.3\fileHashes)" [_thread_blocked, id=1496, stack(0x000000def2300000,0x000000def2400000)]
  0x0000027330fce000 JavaThread "Cache worker for checksums cache (C:\Users\VINICIUS\AndroidStudioProjects\Testesuasorte\.gradle\7.3.3\checksums)" [_thread_blocked, id=6184, stack(0x000000def2400000,0x000000def2500000)]
  0x0000027330fcf000 JavaThread "Cache worker for cache directory md-supplier (C:\Users\VINICIUS\.gradle\caches\7.3.3\md-supplier)" [_thread_blocked, id=8968, stack(0x000000def2500000,0x000000def2600000)]
  0x0000027330fd4000 JavaThread "Cache worker for cache directory md-rule (C:\Users\VINICIUS\.gradle\caches\7.3.3\md-rule)" [_thread_blocked, id=3724, stack(0x000000def2a00000,0x000000def2b00000)]
  0x0000027330fd0800 JavaThread "Cache worker for dependencies-accessors (C:\Users\VINICIUS\AndroidStudioProjects\Testesuasorte\.gradle\7.3.3\dependencies-accessors)" [_thread_blocked, id=13688, stack(0x000000def2e00000,0x000000def2f00000)]
  0x0000027330fd5800 JavaThread "Cache worker for Build Output Cleanup Cache (C:\Users\VINICIUS\AndroidStudioProjects\Testesuasorte\.gradle\buildOutputCleanup)" [_thread_blocked, id=11772, stack(0x000000def2f00000,0x000000def3000000)]
  0x0000027330fd2000 JavaThread "Unconstrained build operations" [_thread_blocked, id=5948, stack(0x000000def3400000,0x000000def3500000)]
  0x0000027330fcf800 JavaThread "Unconstrained build operations Thread 2" [_thread_blocked, id=8792, stack(0x000000def3600000,0x000000def3700000)]
  0x0000027330fd8800 JavaThread "Unconstrained build operations Thread 3" [_thread_blocked, id=1788, stack(0x000000def3700000,0x000000def3800000)]
  0x0000027330fd6000 JavaThread "Unconstrained build operations Thread 4" [_thread_blocked, id=12680, stack(0x000000def3800000,0x000000def3900000)]
  0x0000027330fd8000 JavaThread "Unconstrained build operations Thread 5" [_thread_blocked, id=3900, stack(0x000000def3900000,0x000000def3a00000)]
  0x0000027330fdb000 JavaThread "Unconstrained build operations Thread 6" [_thread_blocked, id=11824, stack(0x000000def3a00000,0x000000def3b00000)]
  0x0000027330fd9800 JavaThread "Unconstrained build operations Thread 7" [_thread_blocked, id=9940, stack(0x000000def3b00000,0x000000def3c00000)]
  0x0000027330fd7000 JavaThread "Unconstrained build operations Thread 8" [_thread_blocked, id=13176, stack(0x000000def3c00000,0x000000def3d00000)]
  0x0000027330fda800 JavaThread "Unconstrained build operations Thread 9" [_thread_blocked, id=3836, stack(0x000000def3d00000,0x000000def3e00000)]
  0x0000027330fdc000 JavaThread "Unconstrained build operations Thread 10" [_thread_blocked, id=2628, stack(0x000000def3e00000,0x000000def3f00000)]
  0x00000273316ba800 JavaThread "Unconstrained build operations Thread 11" [_thread_blocked, id=2420, stack(0x000000def3f00000,0x000000def4000000)]
  0x00000273316b8800 JavaThread "Unconstrained build operations Thread 12" [_thread_blocked, id=12628, stack(0x000000def4000000,0x000000def4100000)]
  0x00000273316b6800 JavaThread "Unconstrained build operations Thread 13" [_thread_blocked, id=2728, stack(0x000000def4100000,0x000000def4200000)]
  0x00000273316b7000 JavaThread "Unconstrained build operations Thread 14" [_thread_blocked, id=6104, stack(0x000000def4200000,0x000000def4300000)]
  0x00000273316b9800 JavaThread "Unconstrained build operations Thread 15" [_thread_blocked, id=9296, stack(0x000000def4300000,0x000000def4400000)]
  0x00000273316b8000 JavaThread "Unconstrained build operations Thread 16" [_thread_blocked, id=4232, stack(0x000000def4400000,0x000000def4500000)]
  0x00000273316bd000 JavaThread "Unconstrained build operations Thread 17" [_thread_blocked, id=7628, stack(0x000000def4500000,0x000000def4600000)]
  0x00000273316c1000 JavaThread "Unconstrained build operations Thread 18" [_thread_blocked, id=12296, stack(0x000000def4600000,0x000000def4700000)]
  0x00000273316be800 JavaThread "Unconstrained build operations Thread 19" [_thread_blocked, id=5344, stack(0x000000def4700000,0x000000def4800000)]
  0x00000273316c0000 JavaThread "Unconstrained build operations Thread 20" [_thread_blocked, id=12216, stack(0x000000def4800000,0x000000def4900000)]
  0x00000273316bf000 JavaThread "Unconstrained build operations Thread 21" [_thread_blocked, id=3024, stack(0x000000def4900000,0x000000def4a00000)]
  0x00000273316bb000 JavaThread "Unconstrained build operations Thread 22" [_thread_blocked, id=11544, stack(0x000000def4a00000,0x000000def4b00000)]
  0x00000273316bd800 JavaThread "Unconstrained build operations Thread 23" [_thread_blocked, id=7596, stack(0x000000def4b00000,0x000000def4c00000)]
  0x00000273316c1800 JavaThread "Unconstrained build operations Thread 24" [_thread_blocked, id=14140, stack(0x000000def4c00000,0x000000def4d00000)]
  0x00000273316bc000 JavaThread "Unconstrained build operations Thread 25" [_thread_blocked, id=8604, stack(0x000000def4d00000,0x000000def4e00000)]
  0x00000273316c2800 JavaThread "Unconstrained build operations Thread 26" [_thread_blocked, id=7700, stack(0x000000def4e00000,0x000000def4f00000)]
  0x00000273316c4000 JavaThread "Unconstrained build operations Thread 27" [_thread_blocked, id=13864, stack(0x000000def4f00000,0x000000def5000000)]
  0x0000027327ed5800 JavaThread "Unconstrained build operations Thread 28" [_thread_blocked, id=8748, stack(0x000000def5000000,0x000000def5100000)]
  0x0000027327ed8800 JavaThread "Unconstrained build operations Thread 29" [_thread_blocked, id=12912, stack(0x000000def5100000,0x000000def5200000)]
  0x0000027327ed3000 JavaThread "Unconstrained build operations Thread 30" [_thread_blocked, id=9724, stack(0x000000def5200000,0x000000def5300000)]
  0x0000027327ed9800 JavaThread "Unconstrained build operations Thread 31" [_thread_blocked, id=12840, stack(0x000000def5300000,0x000000def5400000)]
  0x0000027327ed3800 JavaThread "Unconstrained build operations Thread 32" [_thread_blocked, id=2404, stack(0x000000def5400000,0x000000def5500000)]
  0x0000027327ed7800 JavaThread "Unconstrained build operations Thread 33" [_thread_blocked, id=240, stack(0x000000def5500000,0x000000def5600000)]
  0x0000027327eda000 JavaThread "Unconstrained build operations Thread 34" [_thread_blocked, id=2100, stack(0x000000def5600000,0x000000def5700000)]
  0x0000027327ed6000 JavaThread "Unconstrained build operations Thread 35" [_thread_blocked, id=9052, stack(0x000000def5700000,0x000000def5800000)]
  0x0000027327edd800 JavaThread "Unconstrained build operations Thread 36" [_thread_blocked, id=13356, stack(0x000000def5800000,0x000000def5900000)]
  0x0000027327edf000 JavaThread "Unconstrained build operations Thread 37" [_thread_blocked, id=14208, stack(0x000000def5900000,0x000000def5a00000)]
  0x0000027327edb000 JavaThread "Unconstrained build operations Thread 38" [_thread_blocked, id=14188, stack(0x000000def5a00000,0x000000def5b00000)]
  0x0000027327edc000 JavaThread "Unconstrained build operations Thread 39" [_thread_blocked, id=8312, stack(0x000000def5b00000,0x000000def5c00000)]
  0x0000027327edc800 JavaThread "Unconstrained build operations Thread 40" [_thread_blocked, id=2796, stack(0x000000def5c00000,0x000000def5d00000)]
  0x0000027326115000 JavaThread "build event listener" [_thread_blocked, id=9820, stack(0x000000def5d00000,0x000000def5e00000)]
  0x0000027326117000 JavaThread "Execution worker for ':'" [_thread_blocked, id=7080, stack(0x000000def5e00000,0x000000def5f00000)]
  0x000002732611d800 JavaThread "Execution worker for ':' Thread 2" [_thread_blocked, id=13832, stack(0x000000def6100000,0x000000def6200000)]
  0x0000027326117800 JavaThread "Execution worker for ':' Thread 3" [_thread_blocked, id=1888, stack(0x000000def6200000,0x000000def6300000)]
  0x0000027326122000 JavaThread "Cache worker for execution history cache (C:\Users\VINICIUS\AndroidStudioProjects\Testesuasorte\.gradle\7.3.3\executionHistory)" [_thread_blocked, id=8980, stack(0x000000def6300000,0x000000def6400000)]
  0x0000027330d7a800 JavaThread "WorkerExecutor Queue" [_thread_blocked, id=12108, stack(0x000000def6400000,0x000000def6500000)]
  0x0000027330d77800 JavaThread "WorkerExecutor Queue Thread 2" [_thread_blocked, id=10896, stack(0x000000def6500000,0x000000def6600000)]
  0x0000027330d78000 JavaThread "WorkerExecutor Queue Thread 3" [_thread_blocked, id=4988, stack(0x000000def6900000,0x000000def6a00000)]
  0x0000027330fd4800 JavaThread "WorkerExecutor Queue Thread 4" [_thread_blocked, id=12972, stack(0x000000def6a00000,0x000000def6b00000)]
  0x0000027335685000 JavaThread "C2 CompilerThread1" daemon [_thread_blocked, id=12104, stack(0x000000def2d00000,0x000000def2e00000)]
  0x0000027335680000 JavaThread "pool-12-thread-1" [_thread_blocked, id=2940, stack(0x000000def6b00000,0x000000def6c00000)]
  0x0000027335685800 JavaThread "stderr" [_thread_in_native, id=1692, stack(0x000000def6c00000,0x000000def6d00000)]
  0x0000027335684000 JavaThread "stdout" [_thread_in_native, id=3000, stack(0x000000def6d00000,0x000000def6e00000)]

Other Threads:
  0x00000273240f0800 VMThread "VM Thread" [stack: 0x000000def0e00000,0x000000def0f00000] [id=11296]
  0x0000027324bef000 WatcherThread [stack: 0x000000def1800000,0x000000def1900000] [id=7328]
  0x000002730a518000 GCTaskThread "GC Thread#0" [stack: 0x000000def0900000,0x000000def0a00000] [id=12472]
=>0x0000027325644000 GCTaskThread "GC Thread#1" [stack: 0x000000def1a00000,0x000000def1b00000] [id=2464]
  0x0000027325644800 GCTaskThread "GC Thread#2" [stack: 0x000000def1b00000,0x000000def1c00000] [id=8920]
  0x000002732660f800 GCTaskThread "GC Thread#3" [stack: 0x000000def2600000,0x000000def2700000] [id=7764]
  0x000002730a548800 ConcurrentGCThread "G1 Main Marker" [stack: 0x000000def0a00000,0x000000def0b00000] [id=12328]
  0x000002730a549800 ConcurrentGCThread "G1 Conc#0" [stack: 0x000000def0b00000,0x000000def0c00000] [id=11384]
  0x000002730a5d8800 ConcurrentGCThread "G1 Refine#0" [stack: 0x000000def0c00000,0x000000def0d00000] [id=13076]
  0x0000027329a31800 ConcurrentGCThread "G1 Refine#1" [stack: 0x000000def6600000,0x000000def6700000] [id=4640]
  0x000002732da62800 ConcurrentGCThread "G1 Refine#2" [stack: 0x000000def6700000,0x000000def6800000] [id=696]
  0x000002730a5d9800 ConcurrentGCThread "G1 Young RemSet Sampling" [stack: 0x000000def0d00000,0x000000def0e00000] [id=10716]

Threads with active compile tasks:
C2 CompilerThread016330052 28293       4       com.android.tools.r8.internal.Xt::b (639 bytes)
C2 CompilerThread116330052 28298       4       com.android.tools.r8.internal.Iq::a (175 bytes)

VM state:at safepoint (normal execution)

VM Mutex/Monitor currently owned by a thread:  ([mutex/lock_event])
[0x000002730a4fabc0] Threads_lock - owner thread: 0x00000273240f0800
[0x000002730a4fa6b0] Heap_lock - owner thread: 0x0000027330d7a800

Heap address: 0x0000000080000000, size: 2048 MB, Compressed Oops mode: 32-bit
Narrow klass base: 0x0000000000000000, Narrow klass shift: 3
Compressed class space size: 1073741824 Address: 0x0000000100000000

Heap:
 garbage-first heap   total 273408K, used 240119K [0x0000000080000000, 0x0000000100000000)
  region size 1024K, 54 young (55296K), 7 survivors (7168K)
 Metaspace       used 156191K, capacity 159844K, committed 160588K, reserved 1189888K
  class space    used 19248K, capacity 20728K, committed 20864K, reserved 1048576K
Heap Regions: E=young(eden), S=young(survivor), O=old, HS=humongous(starts), HC=humongous(continues), CS=collection set, F=free, A=archive, TAMS=top-at-mark-start (previous, next)
|   0|0x0000000080000000, 0x0000000080100000, 0x0000000080100000|100%| O|  |TAMS 0x0000000080100000, 0x0000000080000000| Untracked 
|   1|0x0000000080100000, 0x0000000080200000, 0x0000000080200000|100%| O|  |TAMS 0x0000000080200000, 0x0000000080100000| Untracked 
|   2|0x0000000080200000, 0x0000000080300000, 0x0000000080300000|100%| O|  |TAMS 0x0000000080300000, 0x0000000080200000| Untracked 
|   3|0x0000000080300000, 0x0000000080400000, 0x0000000080400000|100%|HS|  |TAMS 0x0000000080400000, 0x0000000080300000| Complete 
|   4|0x0000000080400000, 0x0000000080500000, 0x0000000080500000|100%|HC|  |TAMS 0x0000000080500000, 0x0000000080400000| Complete 
|   5|0x0000000080500000, 0x0000000080600000, 0x0000000080600000|100%|HC|  |TAMS 0x0000000080600000, 0x0000000080500000| Complete 
|   6|0x0000000080600000, 0x0000000080700000, 0x0000000080700000|100%| O|  |TAMS 0x0000000080700000, 0x0000000080600000| Untracked 
|   7|0x0000000080700000, 0x0000000080800000, 0x0000000080800000|100%| O|  |TAMS 0x0000000080800000, 0x0000000080700000| Untracked 
|   8|0x0000000080800000, 0x0000000080900000, 0x0000000080900000|100%| O|  |TAMS 0x0000000080900000, 0x0000000080800000| Untracked 
|   9|0x0000000080900000, 0x0000000080a00000, 0x0000000080a00000|100%| O|  |TAMS 0x0000000080a00000, 0x0000000080900000| Complete 
|  10|0x0000000080a00000, 0x0000000080b00000, 0x0000000080b00000|100%| O|  |TAMS 0x0000000080b00000, 0x0000000080a00000| Complete 
|  11|0x0000000080b00000, 0x0000000080c00000, 0x0000000080c00000|100%| O|  |TAMS 0x0000000080c00000, 0x0000000080b00000| Complete 
|  12|0x0000000080c00000, 0x0000000080d00000, 0x0000000080d00000|100%| O|  |TAMS 0x0000000080d00000, 0x0000000080c00000| Untracked 
|  13|0x0000000080d00000, 0x0000000080e00000, 0x0000000080e00000|100%| O|  |TAMS 0x0000000080e00000, 0x0000000080d00000| Untracked 
|  14|0x0000000080e00000, 0x0000000080f00000, 0x0000000080f00000|100%| O|  |TAMS 0x0000000080f00000, 0x0000000080e00000| Untracked 
|  15|0x0000000080f00000, 0x0000000081000000, 0x0000000081000000|100%| O|  |TAMS 0x0000000081000000, 0x0000000080f00000| Complete 
|  16|0x0000000081000000, 0x0000000081100000, 0x0000000081100000|100%| O|  |TAMS 0x0000000081100000, 0x0000000081000000| Complete 
|  17|0x0000000081100000, 0x0000000081200000, 0x0000000081200000|100%|HS|  |TAMS 0x0000000081200000, 0x0000000081100000| Complete 
|  18|0x0000000081200000, 0x0000000081300000, 0x0000000081300000|100%| O|  |TAMS 0x0000000081300000, 0x0000000081200000| Complete 
|  19|0x0000000081300000, 0x0000000081400000, 0x0000000081400000|100%| O|  |TAMS 0x0000000081400000, 0x0000000081300000| Complete 
|  20|0x0000000081400000, 0x0000000081500000, 0x0000000081500000|100%| O|  |TAMS 0x0000000081500000, 0x0000000081400000| Untracked 
|  21|0x0000000081500000, 0x0000000081600000, 0x0000000081600000|100%| O|  |TAMS 0x0000000081600000, 0x0000000081500000| Complete 
|  22|0x0000000081600000, 0x0000000081700000, 0x0000000081700000|100%| O|  |TAMS 0x0000000081700000, 0x0000000081600000| Complete 
|  23|0x0000000081700000, 0x0000000081800000, 0x0000000081800000|100%| O|  |TAMS 0x0000000081800000, 0x0000000081700000| Complete 
|  24|0x0000000081800000, 0x0000000081900000, 0x0000000081900000|100%| O|  |TAMS 0x0000000081900000, 0x0000000081800000| Untracked 
|  25|0x0000000081900000, 0x0000000081a00000, 0x0000000081a00000|100%| O|  |TAMS 0x0000000081a00000, 0x0000000081900000| Complete 
|  26|0x0000000081a00000, 0x0000000081b00000, 0x0000000081b00000|100%| O|  |TAMS 0x0000000081b00000, 0x0000000081a00000| Complete 
|  27|0x0000000081b00000, 0x0000000081c00000, 0x0000000081c00000|100%|HS|  |TAMS 0x0000000081c00000, 0x0000000081b00000| Complete 
|  28|0x0000000081c00000, 0x0000000081d00000, 0x0000000081d00000|100%|HS|  |TAMS 0x0000000081d00000, 0x0000000081c00000| Complete 
|  29|0x0000000081d00000, 0x0000000081e00000, 0x0000000081e00000|100%|HS|  |TAMS 0x0000000081e00000, 0x0000000081d00000| Complete 
|  30|0x0000000081e00000, 0x0000000081f00000, 0x0000000081f00000|100%|HS|  |TAMS 0x0000000081f00000, 0x0000000081e00000| Complete 
|  31|0x0000000081f00000, 0x0000000082000000, 0x0000000082000000|100%|HC|  |TAMS 0x0000000082000000, 0x0000000081f00000| Complete 
|  32|0x0000000082000000, 0x0000000082100000, 0x0000000082100000|100%|HC|  |TAMS 0x0000000082100000, 0x0000000082000000| Complete 
|  33|0x0000000082100000, 0x0000000082200000, 0x0000000082200000|100%|HS|  |TAMS 0x0000000082200000, 0x0000000082100000| Complete 
|  34|0x0000000082200000, 0x0000000082300000, 0x0000000082300000|100%|HC|  |TAMS 0x0000000082300000, 0x0000000082200000| Complete 
|  35|0x0000000082300000, 0x0000000082400000, 0x0000000082400000|100%| O|  |TAMS 0x0000000082400000, 0x0000000082300000| Untracked 
|  36|0x0000000082400000, 0x0000000082500000, 0x0000000082500000|100%| O|  |TAMS 0x0000000082500000, 0x0000000082400000| Complete 
|  37|0x0000000082500000, 0x0000000082600000, 0x0000000082600000|100%| O|  |TAMS 0x0000000082600000, 0x0000000082500000| Untracked 
|  38|0x0000000082600000, 0x0000000082700000, 0x0000000082700000|100%| O|  |TAMS 0x0000000082700000, 0x0000000082600000| Untracked 
|  39|0x0000000082700000, 0x0000000082800000, 0x0000000082800000|100%| O|  |TAMS 0x0000000082800000, 0x0000000082700000| Untracked 
|  40|0x0000000082800000, 0x0000000082900000, 0x0000000082900000|100%| O|  |TAMS 0x0000000082900000, 0x0000000082800000| Untracked 
|  41|0x0000000082900000, 0x0000000082a00000, 0x0000000082a00000|100%| O|  |TAMS 0x0000000082a00000, 0x0000000082900000| Untracked 
|  42|0x0000000082a00000, 0x0000000082b00000, 0x0000000082b00000|100%| O|  |TAMS 0x0000000082b00000, 0x0000000082a00000| Untracked 
|  43|0x0000000082b00000, 0x0000000082c00000, 0x0000000082c00000|100%| O|  |TAMS 0x0000000082c00000, 0x0000000082b00000| Untracked 
|  44|0x0000000082c00000, 0x0000000082d00000, 0x0000000082d00000|100%| O|  |TAMS 0x0000000082d00000, 0x0000000082c00000| Untracked 
|  45|0x0000000082d00000, 0x0000000082e00000, 0x0000000082e00000|100%| O|  |TAMS 0x0000000082e00000, 0x0000000082d00000| Complete 
|  46|0x0000000082e00000, 0x0000000082f00000, 0x0000000082f00000|100%| O|  |TAMS 0x0000000082f00000, 0x0000000082e00000| Complete 
|  47|0x0000000082f00000, 0x0000000083000000, 0x0000000083000000|100%| O|  |TAMS 0x0000000083000000, 0x0000000082f00000| Complete 
|  48|0x0000000083000000, 0x0000000083100000, 0x0000000083100000|100%| O|  |TAMS 0x0000000083100000, 0x0000000083000000| Complete 
|  49|0x0000000083100000, 0x0000000083200000, 0x0000000083200000|100%| O|  |TAMS 0x0000000083200000, 0x0000000083100000| Complete 
|  50|0x0000000083200000, 0x0000000083300000, 0x0000000083300000|100%| O|  |TAMS 0x0000000083300000, 0x0000000083200000| Untracked 
|  51|0x0000000083300000, 0x0000000083400000, 0x0000000083400000|100%| O|  |TAMS 0x0000000083400000, 0x0000000083300000| Untracked 
|  52|0x0000000083400000, 0x0000000083500000, 0x0000000083500000|100%|HS|  |TAMS 0x0000000083400000, 0x0000000083400000| Complete 
|  53|0x0000000083500000, 0x0000000083600000, 0x0000000083600000|100%| O|  |TAMS 0x0000000083600000, 0x0000000083500000| Complete 
|  54|0x0000000083600000, 0x0000000083700000, 0x0000000083700000|100%| O|  |TAMS 0x0000000083700000, 0x0000000083600000| Untracked 
|  55|0x0000000083700000, 0x0000000083800000, 0x0000000083800000|100%| O|  |TAMS 0x0000000083800000, 0x0000000083700000| Complete 
|  56|0x0000000083800000, 0x0000000083900000, 0x0000000083900000|100%| O|  |TAMS 0x0000000083900000, 0x0000000083800000| Complete 
|  57|0x0000000083900000, 0x0000000083a00000, 0x0000000083a00000|100%|HS|  |TAMS 0x0000000083900000, 0x0000000083900000| Complete 
|  58|0x0000000083a00000, 0x0000000083b00000, 0x0000000083b00000|100%|HS|  |TAMS 0x0000000083b00000, 0x0000000083a00000| Complete 
|  59|0x0000000083b00000, 0x0000000083c00000, 0x0000000083c00000|100%|HC|  |TAMS 0x0000000083c00000, 0x0000000083b00000| Complete 
|  60|0x0000000083c00000, 0x0000000083d00000, 0x0000000083d00000|100%| O|  |TAMS 0x0000000083d00000, 0x0000000083c00000| Complete 
|  61|0x0000000083d00000, 0x0000000083e00000, 0x0000000083e00000|100%| O|  |TAMS 0x0000000083e00000, 0x0000000083d00000| Untracked 
|  62|0x0000000083e00000, 0x0000000083f00000, 0x0000000083f00000|100%| O|  |TAMS 0x0000000083f00000, 0x0000000083e00000| Untracked 
|  63|0x0000000083f00000, 0x0000000084000000, 0x0000000084000000|100%| O|  |TAMS 0x0000000084000000, 0x0000000083f00000| Complete 
|  64|0x0000000084000000, 0x0000000084100000, 0x0000000084100000|100%| O|  |TAMS 0x0000000084100000, 0x0000000084000000| Untracked 
|  65|0x0000000084100000, 0x0000000084200000, 0x0000000084200000|100%| O|  |TAMS 0x0000000084200000, 0x0000000084100000| Complete 
|  66|0x0000000084200000, 0x0000000084300000, 0x0000000084300000|100%|HS|  |TAMS 0x0000000084200000, 0x0000000084200000| Complete 
|  67|0x0000000084300000, 0x0000000084400000, 0x0000000084400000|100%|HC|  |TAMS 0x0000000084300000, 0x0000000084300000| Complete 
|  68|0x0000000084400000, 0x0000000084500000, 0x0000000084500000|100%| O|  |TAMS 0x0000000084500000, 0x0000000084400000| Untracked 
|  69|0x0000000084500000, 0x0000000084600000, 0x0000000084600000|100%| O|  |TAMS 0x0000000084600000, 0x0000000084500000| Untracked 
|  70|0x0000000084600000, 0x0000000084700000, 0x0000000084700000|100%|HS|  |TAMS 0x0000000084700000, 0x0000000084600000| Complete 
|  71|0x0000000084700000, 0x0000000084800000, 0x0000000084800000|100%|HC|  |TAMS 0x0000000084800000, 0x0000000084700000| Complete 
|  72|0x0000000084800000, 0x0000000084900000, 0x0000000084900000|100%|HC|  |TAMS 0x0000000084900000, 0x0000000084800000| Complete 
|  73|0x0000000084900000, 0x0000000084a00000, 0x0000000084a00000|100%|HS|  |TAMS 0x0000000084900000, 0x0000000084900000| Complete 
|  74|0x0000000084a00000, 0x0000000084b00000, 0x0000000084b00000|100%| O|  |TAMS 0x0000000084b00000, 0x0000000084a00000| Complete 
|  75|0x0000000084b00000, 0x0000000084c00000, 0x0000000084c00000|100%| O|  |TAMS 0x0000000084c00000, 0x0000000084b00000| Complete 
|  76|0x0000000084c00000, 0x0000000084d00000, 0x0000000084d00000|100%| O|  |TAMS 0x0000000084d00000, 0x0000000084c00000| Untracked 
|  77|0x0000000084d00000, 0x0000000084e00000, 0x0000000084e00000|100%| O|  |TAMS 0x0000000084e00000, 0x0000000084d00000| Complete 
|  78|0x0000000084e00000, 0x0000000084f00000, 0x0000000084f00000|100%| O|  |TAMS 0x0000000084f00000, 0x0000000084e00000| Complete 
|  79|0x0000000084f00000, 0x0000000085000000, 0x0000000085000000|100%|HS|  |TAMS 0x0000000084f00000, 0x0000000084f00000| Complete 
|  80|0x0000000085000000, 0x0000000085100000, 0x0000000085100000|100%|HS|  |TAMS 0x0000000085100000, 0x0000000085000000| Complete 
|  81|0x0000000085100000, 0x0000000085200000, 0x0000000085200000|100%| O|  |TAMS 0x0000000085200000, 0x0000000085100000| Complete 
|  82|0x0000000085200000, 0x0000000085300000, 0x0000000085300000|100%| O|  |TAMS 0x0000000085300000, 0x0000000085200000| Complete 
|  83|0x0000000085300000, 0x0000000085400000, 0x0000000085400000|100%| O|  |TAMS 0x0000000085400000, 0x0000000085300000| Untracked 
|  84|0x0000000085400000, 0x0000000085500000, 0x0000000085500000|100%| O|  |TAMS 0x0000000085500000, 0x0000000085400000| Complete 
|  85|0x0000000085500000, 0x0000000085600000, 0x0000000085600000|100%| O|  |TAMS 0x0000000085600000, 0x0000000085500000| Complete 
|  86|0x0000000085600000, 0x0000000085700000, 0x0000000085700000|100%| O|  |TAMS 0x0000000085700000, 0x0000000085600000| Complete 
|  87|0x0000000085700000, 0x0000000085800000, 0x0000000085800000|100%|HS|  |TAMS 0x0000000085800000, 0x0000000085700000| Complete 
|  88|0x0000000085800000, 0x0000000085900000, 0x0000000085900000|100%| O|  |TAMS 0x0000000085900000, 0x0000000085800000| Complete 
|  89|0x0000000085900000, 0x0000000085a00000, 0x0000000085a00000|100%| O|  |TAMS 0x0000000085a00000, 0x0000000085900000| Complete 
|  90|0x0000000085a00000, 0x0000000085b00000, 0x0000000085b00000|100%| O|  |TAMS 0x0000000085a6dc00, 0x0000000085a00000| Untracked 
|  91|0x0000000085b00000, 0x0000000085c00000, 0x0000000085c00000|100%| O|  |TAMS 0x0000000085c00000, 0x0000000085b00000| Complete 
|  92|0x0000000085c00000, 0x0000000085d00000, 0x0000000085d00000|100%| O|  |TAMS 0x0000000085d00000, 0x0000000085c00000| Complete 
|  93|0x0000000085d00000, 0x0000000085e00000, 0x0000000085e00000|100%|HS|  |TAMS 0x0000000085d00000, 0x0000000085d00000| Complete 
|  94|0x0000000085e00000, 0x0000000085f00000, 0x0000000085f00000|100%|HS|  |TAMS 0x0000000085f00000, 0x0000000085e00000| Complete 
|  95|0x0000000085f00000, 0x0000000086000000, 0x0000000086000000|100%|HC|  |TAMS 0x0000000086000000, 0x0000000085f00000| Complete 
|  96|0x0000000086000000, 0x0000000086100000, 0x0000000086100000|100%|HS|  |TAMS 0x0000000086100000, 0x0000000086000000| Complete 
|  97|0x0000000086100000, 0x0000000086200000, 0x0000000086200000|100%|HC|  |TAMS 0x0000000086200000, 0x0000000086100000| Complete 
|  98|0x0000000086200000, 0x0000000086300000, 0x0000000086300000|100%|HC|  |TAMS 0x0000000086300000, 0x0000000086200000| Complete 
|  99|0x0000000086300000, 0x0000000086400000, 0x0000000086400000|100%|HC|  |TAMS 0x0000000086400000, 0x0000000086300000| Complete 
| 100|0x0000000086400000, 0x0000000086500000, 0x0000000086500000|100%|HS|  |TAMS 0x0000000086400000, 0x0000000086400000| Complete 
| 101|0x0000000086500000, 0x0000000086600000, 0x0000000086600000|100%| O|  |TAMS 0x0000000086600000, 0x0000000086500000| Untracked 
| 102|0x0000000086600000, 0x0000000086700000, 0x0000000086700000|100%| O|  |TAMS 0x0000000086700000, 0x0000000086600000| Untracked 
| 103|0x0000000086700000, 0x0000000086800000, 0x0000000086800000|100%| O|  |TAMS 0x0000000086800000, 0x0000000086700000| Untracked 
| 104|0x0000000086800000, 0x0000000086900000, 0x0000000086900000|100%|HS|  |TAMS 0x0000000086800000, 0x0000000086800000| Complete 
| 105|0x0000000086900000, 0x0000000086a00000, 0x0000000086a00000|100%| O|  |TAMS 0x0000000086a00000, 0x0000000086900000| Untracked 
| 106|0x0000000086a00000, 0x0000000086b00000, 0x0000000086b00000|100%|HS|  |TAMS 0x0000000086a00000, 0x0000000086a00000| Complete 
| 107|0x0000000086b00000, 0x0000000086c00000, 0x0000000086c00000|100%| O|  |TAMS 0x0000000086c00000, 0x0000000086b00000| Untracked 
| 108|0x0000000086c00000, 0x0000000086d00000, 0x0000000086d00000|100%| O|  |TAMS 0x0000000086d00000, 0x0000000086c00000| Complete 
| 109|0x0000000086d00000, 0x0000000086e00000, 0x0000000086e00000|100%| O|  |TAMS 0x0000000086e00000, 0x0000000086d00000| Untracked 
| 110|0x0000000086e00000, 0x0000000086f00000, 0x0000000086f00000|100%|HS|  |TAMS 0x0000000086f00000, 0x0000000086e00000| Complete 
| 111|0x0000000086f00000, 0x0000000087000000, 0x0000000087000000|100%|HC|  |TAMS 0x0000000087000000, 0x0000000086f00000| Complete 
| 112|0x0000000087000000, 0x0000000087100000, 0x0000000087100000|100%|HC|  |TAMS 0x0000000087100000, 0x0000000087000000| Complete 
| 113|0x0000000087100000, 0x0000000087200000, 0x0000000087200000|100%| O|  |TAMS 0x0000000087200000, 0x0000000087100000| Untracked 
| 114|0x0000000087200000, 0x0000000087300000, 0x0000000087300000|100%|HS|  |TAMS 0x0000000087200000, 0x0000000087200000| Complete 
| 115|0x0000000087300000, 0x0000000087400000, 0x0000000087400000|100%| O|  |TAMS 0x0000000087400000, 0x0000000087300000| Complete 
| 116|0x0000000087400000, 0x0000000087500000, 0x0000000087500000|100%| O|  |TAMS 0x0000000087500000, 0x0000000087400000| Untracked 
| 117|0x0000000087500000, 0x0000000087600000, 0x0000000087600000|100%| O|  |TAMS 0x0000000087600000, 0x0000000087500000| Complete 
| 118|0x0000000087600000, 0x0000000087700000, 0x0000000087700000|100%| O|  |TAMS 0x0000000087700000, 0x0000000087600000| Untracked 
| 119|0x0000000087700000, 0x0000000087800000, 0x0000000087800000|100%| O|  |TAMS 0x0000000087800000, 0x0000000087700000| Untracked 
| 120|0x0000000087800000, 0x0000000087900000, 0x0000000087900000|100%| O|  |TAMS 0x0000000087900000, 0x0000000087800000| Untracked 
| 121|0x0000000087900000, 0x0000000087a00000, 0x0000000087a00000|100%| O|  |TAMS 0x0000000087a00000, 0x0000000087900000| Untracked 
| 122|0x0000000087a00000, 0x0000000087b00000, 0x0000000087b00000|100%| O|  |TAMS 0x0000000087b00000, 0x0000000087a00000| Complete 
| 123|0x0000000087b00000, 0x0000000087c00000, 0x0000000087c00000|100%| O|  |TAMS 0x0000000087c00000, 0x0000000087b00000| Complete 
| 124|0x0000000087c00000, 0x0000000087d00000, 0x0000000087d00000|100%| O|  |TAMS 0x0000000087d00000, 0x0000000087c00000| Complete 
| 125|0x0000000087d00000, 0x0000000087e00000, 0x0000000087e00000|100%| O|  |TAMS 0x0000000087e00000, 0x0000000087d00000| Complete 
| 126|0x0000000087e00000, 0x0000000087f00000, 0x0000000087f00000|100%|HS|  |TAMS 0x0000000087f00000, 0x0000000087e00000| Complete 
| 127|0x0000000087f00000, 0x0000000088000000, 0x0000000088000000|100%|HC|  |TAMS 0x0000000088000000, 0x0000000087f00000| Complete 
| 128|0x0000000088000000, 0x0000000088100000, 0x0000000088100000|100%|HC|  |TAMS 0x0000000088100000, 0x0000000088000000| Complete 
| 129|0x0000000088100000, 0x0000000088200000, 0x0000000088200000|100%|HC|  |TAMS 0x0000000088200000, 0x0000000088100000| Complete 
| 130|0x0000000088200000, 0x0000000088300000, 0x0000000088300000|100%|HS|  |TAMS 0x0000000088300000, 0x0000000088200000| Complete 
| 131|0x0000000088300000, 0x0000000088400000, 0x0000000088400000|100%|HC|  |TAMS 0x0000000088400000, 0x0000000088300000| Complete 
| 132|0x0000000088400000, 0x0000000088500000, 0x0000000088500000|100%|HC|  |TAMS 0x0000000088500000, 0x0000000088400000| Complete 
| 133|0x0000000088500000, 0x0000000088600000, 0x0000000088600000|100%|HS|  |TAMS 0x0000000088600000, 0x0000000088500000| Complete 
| 134|0x0000000088600000, 0x0000000088700000, 0x0000000088700000|100%|HC|  |TAMS 0x0000000088700000, 0x0000000088600000| Complete 
| 135|0x0000000088700000, 0x0000000088800000, 0x0000000088800000|100%|HC|  |TAMS 0x0000000088800000, 0x0000000088700000| Complete 
| 136|0x0000000088800000, 0x0000000088900000, 0x0000000088900000|100%|HC|  |TAMS 0x0000000088900000, 0x0000000088800000| Complete 
| 137|0x0000000088900000, 0x0000000088a00000, 0x0000000088a00000|100%|HS|  |TAMS 0x0000000088900000, 0x0000000088900000| Complete 
| 138|0x0000000088a00000, 0x0000000088b00000, 0x0000000088b00000|100%| O|  |TAMS 0x0000000088b00000, 0x0000000088a00000| Untracked 
| 139|0x0000000088b00000, 0x0000000088c00000, 0x0000000088c00000|100%| O|  |TAMS 0x0000000088c00000, 0x0000000088b00000| Untracked 
| 140|0x0000000088c00000, 0x0000000088d00000, 0x0000000088d00000|100%| O|  |TAMS 0x0000000088d00000, 0x0000000088c00000| Complete 
| 141|0x0000000088d00000, 0x0000000088e00000, 0x0000000088e00000|100%| O|  |TAMS 0x0000000088e00000, 0x0000000088d00000| Untracked 
| 142|0x0000000088e00000, 0x0000000088f00000, 0x0000000088f00000|100%| O|  |TAMS 0x0000000088f00000, 0x0000000088e00000| Complete 
| 143|0x0000000088f00000, 0x0000000089000000, 0x0000000089000000|100%| O|  |TAMS 0x0000000089000000, 0x0000000088f00000| Complete 
| 144|0x0000000089000000, 0x0000000089100000, 0x0000000089100000|100%|HS|  |TAMS 0x0000000089000000, 0x0000000089000000| Complete 
| 145|0x0000000089100000, 0x0000000089200000, 0x0000000089200000|100%| O|  |TAMS 0x0000000089200000, 0x0000000089100000| Untracked 
| 146|0x0000000089200000, 0x0000000089300000, 0x0000000089300000|100%| O|  |TAMS 0x0000000089300000, 0x0000000089200000| Untracked 
| 147|0x0000000089300000, 0x0000000089400000, 0x0000000089400000|100%| O|  |TAMS 0x0000000089400000, 0x0000000089300000| Untracked 
| 148|0x0000000089400000, 0x0000000089500000, 0x0000000089500000|100%| O|  |TAMS 0x0000000089500000, 0x0000000089400000| Untracked 
| 149|0x0000000089500000, 0x0000000089600000, 0x0000000089600000|100%| O|  |TAMS 0x0000000089600000, 0x0000000089500000| Untracked 
| 150|0x0000000089600000, 0x0000000089700000, 0x0000000089700000|100%|HS|  |TAMS 0x0000000089600000, 0x0000000089600000| Complete 
| 151|0x0000000089700000, 0x0000000089800000, 0x0000000089800000|100%|HC|  |TAMS 0x0000000089700000, 0x0000000089700000| Complete 
| 152|0x0000000089800000, 0x0000000089900000, 0x0000000089900000|100%|HS|  |TAMS 0x0000000089800000, 0x0000000089800000| Complete 
| 153|0x0000000089900000, 0x0000000089a00000, 0x0000000089a00000|100%|HC|  |TAMS 0x0000000089900000, 0x0000000089900000| Complete 
| 154|0x0000000089a00000, 0x0000000089b00000, 0x0000000089b00000|100%| O|  |TAMS 0x0000000089b00000, 0x0000000089a00000| Untracked 
| 155|0x0000000089b00000, 0x0000000089c00000, 0x0000000089c00000|100%| O|  |TAMS 0x0000000089c00000, 0x0000000089b00000| Untracked 
| 156|0x0000000089c00000, 0x0000000089d00000, 0x0000000089d00000|100%| O|  |TAMS 0x0000000089d00000, 0x0000000089c00000| Untracked 
| 157|0x0000000089d00000, 0x0000000089e00000, 0x0000000089e00000|100%| O|  |TAMS 0x0000000089e00000, 0x0000000089d00000| Untracked 
| 158|0x0000000089e00000, 0x0000000089f00000, 0x0000000089f00000|100%| O|  |TAMS 0x0000000089f00000, 0x0000000089e00000| Complete 
| 159|0x0000000089f00000, 0x000000008a000000, 0x000000008a000000|100%| O|  |TAMS 0x000000008a000000, 0x0000000089f00000| Untracked 
| 160|0x000000008a000000, 0x000000008a100000, 0x000000008a100000|100%|HS|  |TAMS 0x000000008a000000, 0x000000008a000000| Complete 
| 161|0x000000008a100000, 0x000000008a200000, 0x000000008a200000|100%| O|  |TAMS 0x000000008a200000, 0x000000008a100000| Untracked 
| 162|0x000000008a200000, 0x000000008a300000, 0x000000008a300000|100%| O|  |TAMS 0x000000008a300000, 0x000000008a200000| Complete 
| 163|0x000000008a300000, 0x000000008a400000, 0x000000008a400000|100%|HS|  |TAMS 0x000000008a300000, 0x000000008a300000| Complete 
| 164|0x000000008a400000, 0x000000008a500000, 0x000000008a500000|100%|HC|  |TAMS 0x000000008a400000, 0x000000008a400000| Complete 
| 165|0x000000008a500000, 0x000000008a600000, 0x000000008a600000|100%|HC|  |TAMS 0x000000008a500000, 0x000000008a500000| Complete 
| 166|0x000000008a600000, 0x000000008a700000, 0x000000008a700000|100%| O|  |TAMS 0x000000008a700000, 0x000000008a600000| Untracked 
| 167|0x000000008a700000, 0x000000008a800000, 0x000000008a800000|100%| O|  |TAMS 0x000000008a800000, 0x000000008a700000| Complete 
| 168|0x000000008a800000, 0x000000008a900000, 0x000000008a900000|100%| O|  |TAMS 0x000000008a900000, 0x000000008a800000| Untracked 
| 169|0x000000008a900000, 0x000000008aa00000, 0x000000008aa00000|100%|HS|  |TAMS 0x000000008a900000, 0x000000008a900000| Complete 
| 170|0x000000008aa00000, 0x000000008ab00000, 0x000000008ab00000|100%|HC|  |TAMS 0x000000008aa00000, 0x000000008aa00000| Complete 
| 171|0x000000008ab00000, 0x000000008ac00000, 0x000000008ac00000|100%|HS|  |TAMS 0x000000008ab00000, 0x000000008ab00000| Complete 
| 172|0x000000008ac00000, 0x000000008ad00000, 0x000000008ad00000|100%|HC|  |TAMS 0x000000008ac00000, 0x000000008ac00000| Complete 
| 173|0x000000008ad00000, 0x000000008ae00000, 0x000000008ae00000|100%|HS|  |TAMS 0x000000008ad00000, 0x000000008ad00000| Complete 
| 174|0x000000008ae00000, 0x000000008af00000, 0x000000008af00000|100%|HC|  |TAMS 0x000000008ae00000, 0x000000008ae00000| Complete 
| 175|0x000000008af00000, 0x000000008b000000, 0x000000008b000000|100%| O|  |TAMS 0x000000008af00000, 0x000000008af00000| Untracked 
| 176|0x000000008b000000, 0x000000008b100000, 0x000000008b100000|100%| O|  |TAMS 0x000000008b100000, 0x000000008b000000| Complete 
| 177|0x000000008b100000, 0x000000008b200000, 0x000000008b200000|100%| O|  |TAMS 0x000000008b200000, 0x000000008b100000| Untracked 
| 178|0x000000008b200000, 0x000000008b300000, 0x000000008b300000|100%|HS|  |TAMS 0x000000008b200000, 0x000000008b200000| Complete 
| 179|0x000000008b300000, 0x000000008b400000, 0x000000008b400000|100%|HC|  |TAMS 0x000000008b300000, 0x000000008b300000| Complete 
| 180|0x000000008b400000, 0x000000008b500000, 0x000000008b500000|100%| O|  |TAMS 0x000000008b400000, 0x000000008b400000| Untracked 
| 181|0x000000008b500000, 0x000000008b600000, 0x000000008b600000|100%| O|  |TAMS 0x000000008b600000, 0x000000008b500000| Complete 
| 182|0x000000008b600000, 0x000000008b700000, 0x000000008b700000|100%|HS|  |TAMS 0x000000008b600000, 0x000000008b600000| Complete 
| 183|0x000000008b700000, 0x000000008b800000, 0x000000008b800000|100%|HC|  |TAMS 0x000000008b700000, 0x000000008b700000| Complete 
| 184|0x000000008b800000, 0x000000008b900000, 0x000000008b900000|100%|HC|  |TAMS 0x000000008b800000, 0x000000008b800000| Complete 
| 185|0x000000008b900000, 0x000000008ba00000, 0x000000008ba00000|100%|HS|  |TAMS 0x000000008b900000, 0x000000008b900000| Complete 
| 186|0x000000008ba00000, 0x000000008bb00000, 0x000000008bb00000|100%|HC|  |TAMS 0x000000008ba00000, 0x000000008ba00000| Complete 
| 187|0x000000008bb00000, 0x000000008bc00000, 0x000000008bc00000|100%|HC|  |TAMS 0x000000008bb00000, 0x000000008bb00000| Complete 
| 188|0x000000008bc00000, 0x000000008bd00000, 0x000000008bd00000|100%| O|  |TAMS 0x000000008bc00000, 0x000000008bc00000| Untracked 
| 189|0x000000008bd00000, 0x000000008be00000, 0x000000008be00000|100%| O|  |TAMS 0x000000008bd00000, 0x000000008bd00000| Untracked 
| 190|0x000000008be00000, 0x000000008bf00000, 0x000000008bf00000|100%| O|  |TAMS 0x000000008be00000, 0x000000008be00000| Untracked 
| 191|0x000000008bf00000, 0x000000008c000000, 0x000000008c000000|100%| O|  |TAMS 0x000000008bf00000, 0x000000008bf00000| Untracked 
| 192|0x000000008c000000, 0x000000008c100000, 0x000000008c100000|100%| O|  |TAMS 0x000000008c000000, 0x000000008c000000| Untracked 
| 193|0x000000008c100000, 0x000000008c200000, 0x000000008c200000|100%| O|  |TAMS 0x000000008c100000, 0x000000008c100000| Untracked 
| 194|0x000000008c200000, 0x000000008c300000, 0x000000008c300000|100%| O|  |TAMS 0x000000008c200000, 0x000000008c200000| Untracked 
| 195|0x000000008c300000, 0x000000008c400000, 0x000000008c400000|100%| O|  |TAMS 0x000000008c300000, 0x000000008c300000| Untracked 
| 196|0x000000008c400000, 0x000000008c44da60, 0x000000008c500000| 30%| O|  |TAMS 0x000000008c400000, 0x000000008c400000| Untracked 
| 197|0x000000008c500000, 0x000000008c500000, 0x000000008c600000|  0%| F|  |TAMS 0x000000008c500000, 0x000000008c500000| Untracked 
| 198|0x000000008c600000, 0x000000008c600000, 0x000000008c700000|  0%| F|  |TAMS 0x000000008c600000, 0x000000008c600000| Untracked 
| 199|0x000000008c700000, 0x000000008c700000, 0x000000008c800000|  0%| F|  |TAMS 0x000000008c700000, 0x000000008c700000| Untracked 
| 200|0x000000008c800000, 0x000000008c800000, 0x000000008c900000|  0%| F|  |TAMS 0x000000008c800000, 0x000000008c800000| Untracked 
| 201|0x000000008c900000, 0x000000008c900000, 0x000000008ca00000|  0%| F|  |TAMS 0x000000008c900000, 0x000000008c900000| Untracked 
| 202|0x000000008ca00000, 0x000000008ca00000, 0x000000008cb00000|  0%| F|  |TAMS 0x000000008ca00000, 0x000000008ca00000| Untracked 
| 203|0x000000008cb00000, 0x000000008cb00000, 0x000000008cc00000|  0%| F|  |TAMS 0x000000008cb00000, 0x000000008cb00000| Untracked 
| 204|0x000000008cc00000, 0x000000008cc00000, 0x000000008cd00000|  0%| F|  |TAMS 0x000000008cc00000, 0x000000008cc00000| Untracked 
| 205|0x000000008cd00000, 0x000000008cd00000, 0x000000008ce00000|  0%| F|  |TAMS 0x000000008cd00000, 0x000000008cd00000| Untracked 
| 206|0x000000008ce00000, 0x000000008ce00000, 0x000000008cf00000|  0%| F|  |TAMS 0x000000008ce00000, 0x000000008ce00000| Untracked 
| 207|0x000000008cf00000, 0x000000008cf00000, 0x000000008d000000|  0%| F|  |TAMS 0x000000008cf00000, 0x000000008cf00000| Untracked 
| 208|0x000000008d000000, 0x000000008d000000, 0x000000008d100000|  0%| F|  |TAMS 0x000000008d000000, 0x000000008d000000| Untracked 
| 209|0x000000008d100000, 0x000000008d100000, 0x000000008d200000|  0%| F|  |TAMS 0x000000008d100000, 0x000000008d100000| Untracked 
| 210|0x000000008d200000, 0x000000008d300000, 0x000000008d300000|100%| S|  |TAMS 0x000000008d200000, 0x000000008d200000| Complete 
| 211|0x000000008d300000, 0x000000008d400000, 0x000000008d400000|100%| S|  |TAMS 0x000000008d300000, 0x000000008d300000| Complete 
| 212|0x000000008d400000, 0x000000008d500000, 0x000000008d500000|100%| S|  |TAMS 0x000000008d400000, 0x000000008d400000| Complete 
| 213|0x000000008d500000, 0x000000008d600000, 0x000000008d600000|100%| S|  |TAMS 0x000000008d500000, 0x000000008d500000| Complete 
| 214|0x000000008d600000, 0x000000008d700000, 0x000000008d700000|100%| S|  |TAMS 0x000000008d600000, 0x000000008d600000| Complete 
| 215|0x000000008d700000, 0x000000008d800000, 0x000000008d800000|100%| S|  |TAMS 0x000000008d700000, 0x000000008d700000| Complete 
| 216|0x000000008d800000, 0x000000008d900000, 0x000000008d900000|100%| S|  |TAMS 0x000000008d800000, 0x000000008d800000| Complete 
| 217|0x000000008d900000, 0x000000008da00000, 0x000000008da00000|100%| E|CS|TAMS 0x000000008d900000, 0x000000008d900000| Complete 
| 218|0x000000008da00000, 0x000000008db00000, 0x000000008db00000|100%| E|CS|TAMS 0x000000008da00000, 0x000000008da00000| Complete 
| 219|0x000000008db00000, 0x000000008db10378, 0x000000008dc00000|  6%| E|CS|TAMS 0x000000008db00000, 0x000000008db00000| Complete 
| 220|0x000000008dc00000, 0x000000008dd00000, 0x000000008dd00000|100%| E|CS|TAMS 0x000000008dc00000, 0x000000008dc00000| Complete 
| 221|0x000000008dd00000, 0x000000008de00000, 0x000000008de00000|100%| E|CS|TAMS 0x000000008dd00000, 0x000000008dd00000| Complete 
| 222|0x000000008de00000, 0x000000008df00000, 0x000000008df00000|100%| E|CS|TAMS 0x000000008de00000, 0x000000008de00000| Complete 
| 223|0x000000008df00000, 0x000000008e000000, 0x000000008e000000|100%| E|CS|TAMS 0x000000008df00000, 0x000000008df00000| Complete 
| 224|0x000000008e000000, 0x000000008e100000, 0x000000008e100000|100%| E|CS|TAMS 0x000000008e000000, 0x000000008e000000| Complete 
| 225|0x000000008e100000, 0x000000008e200000, 0x000000008e200000|100%| E|CS|TAMS 0x000000008e100000, 0x000000008e100000| Complete 
| 226|0x000000008e200000, 0x000000008e300000, 0x000000008e300000|100%| E|CS|TAMS 0x000000008e200000, 0x000000008e200000| Complete 
| 227|0x000000008e300000, 0x000000008e400000, 0x000000008e400000|100%| E|CS|TAMS 0x000000008e300000, 0x000000008e300000| Complete 
| 228|0x000000008e400000, 0x000000008e500000, 0x000000008e500000|100%| E|CS|TAMS 0x000000008e400000, 0x000000008e400000| Complete 
| 229|0x000000008e500000, 0x000000008e600000, 0x000000008e600000|100%| E|CS|TAMS 0x000000008e500000, 0x000000008e500000| Complete 
| 230|0x000000008e600000, 0x000000008e700000, 0x000000008e700000|100%| E|CS|TAMS 0x000000008e600000, 0x000000008e600000| Complete 
| 231|0x000000008e700000, 0x000000008e800000, 0x000000008e800000|100%| E|CS|TAMS 0x000000008e700000, 0x000000008e700000| Complete 
| 232|0x000000008e800000, 0x000000008e900000, 0x000000008e900000|100%| E|CS|TAMS 0x000000008e800000, 0x000000008e800000| Complete 
| 233|0x000000008e900000, 0x000000008ea00000, 0x000000008ea00000|100%| E|CS|TAMS 0x000000008e900000, 0x000000008e900000| Complete 
| 234|0x000000008ea00000, 0x000000008eb00000, 0x000000008eb00000|100%| E|CS|TAMS 0x000000008ea00000, 0x000000008ea00000| Complete 
| 235|0x000000008eb00000, 0x000000008ec00000, 0x000000008ec00000|100%| E|CS|TAMS 0x000000008eb00000, 0x000000008eb00000| Complete 
| 236|0x000000008ec00000, 0x000000008ed00000, 0x000000008ed00000|100%| E|CS|TAMS 0x000000008ec00000, 0x000000008ec00000| Complete 
| 237|0x000000008ed00000, 0x000000008ee00000, 0x000000008ee00000|100%| E|CS|TAMS 0x000000008ed00000, 0x000000008ed00000| Complete 
| 238|0x000000008ee00000, 0x000000008ef00000, 0x000000008ef00000|100%| E|CS|TAMS 0x000000008ee00000, 0x000000008ee00000| Complete 
| 239|0x000000008ef00000, 0x000000008f000000, 0x000000008f000000|100%| E|CS|TAMS 0x000000008ef00000, 0x000000008ef00000| Complete 
| 240|0x000000008f000000, 0x000000008f100000, 0x000000008f100000|100%| E|CS|TAMS 0x000000008f000000, 0x000000008f000000| Complete 
| 241|0x000000008f100000, 0x000000008f200000, 0x000000008f200000|100%| E|CS|TAMS 0x000000008f100000, 0x000000008f100000| Complete 
| 242|0x000000008f200000, 0x000000008f300000, 0x000000008f300000|100%| E|CS|TAMS 0x000000008f200000, 0x000000008f200000| Complete 
| 243|0x000000008f300000, 0x000000008f400000, 0x000000008f400000|100%| E|CS|TAMS 0x000000008f300000, 0x000000008f300000| Complete 
| 244|0x000000008f400000, 0x000000008f500000, 0x000000008f500000|100%| E|CS|TAMS 0x000000008f400000, 0x000000008f400000| Complete 
| 245|0x000000008f500000, 0x000000008f600000, 0x000000008f600000|100%| E|CS|TAMS 0x000000008f500000, 0x000000008f500000| Complete 
| 246|0x000000008f600000, 0x000000008f700000, 0x000000008f700000|100%| E|CS|TAMS 0x000000008f600000, 0x000000008f600000| Complete 
| 247|0x000000008f700000, 0x000000008f800000, 0x000000008f800000|100%| E|CS|TAMS 0x000000008f700000, 0x000000008f700000| Complete 
| 248|0x000000008f800000, 0x000000008f900000, 0x000000008f900000|100%| E|CS|TAMS 0x000000008f800000, 0x000000008f800000| Complete 
| 249|0x000000008f900000, 0x000000008fa00000, 0x000000008fa00000|100%| E|CS|TAMS 0x000000008f900000, 0x000000008f900000| Complete 
| 250|0x000000008fa00000, 0x000000008fb00000, 0x000000008fb00000|100%| E|CS|TAMS 0x000000008fa00000, 0x000000008fa00000| Complete 
| 251|0x000000008fb00000, 0x000000008fc00000, 0x000000008fc00000|100%| E|CS|TAMS 0x000000008fb00000, 0x000000008fb00000| Complete 
| 252|0x000000008fc00000, 0x000000008fd00000, 0x000000008fd00000|100%| E|CS|TAMS 0x000000008fc00000, 0x000000008fc00000| Complete 
| 253|0x000000008fd00000, 0x000000008fe00000, 0x000000008fe00000|100%| E|CS|TAMS 0x000000008fd00000, 0x000000008fd00000| Complete 
| 254|0x000000008fe00000, 0x000000008ff00000, 0x000000008ff00000|100%| E|CS|TAMS 0x000000008fe00000, 0x000000008fe00000| Complete 
| 255|0x000000008ff00000, 0x0000000090000000, 0x0000000090000000|100%| E|CS|TAMS 0x000000008ff00000, 0x000000008ff00000| Complete 
| 256|0x0000000090000000, 0x0000000090100000, 0x0000000090100000|100%| E|CS|TAMS 0x0000000090000000, 0x0000000090000000| Complete 
| 257|0x0000000090100000, 0x0000000090200000, 0x0000000090200000|100%| E|CS|TAMS 0x0000000090100000, 0x0000000090100000| Complete 
| 258|0x0000000090200000, 0x0000000090300000, 0x0000000090300000|100%| E|CS|TAMS 0x0000000090200000, 0x0000000090200000| Complete 
| 259|0x0000000090300000, 0x0000000090400000, 0x0000000090400000|100%| E|CS|TAMS 0x0000000090300000, 0x0000000090300000| Complete 
| 260|0x0000000090400000, 0x0000000090500000, 0x0000000090500000|100%| E|CS|TAMS 0x0000000090400000, 0x0000000090400000| Complete 
| 261|0x0000000090500000, 0x0000000090600000, 0x0000000090600000|100%| E|CS|TAMS 0x0000000090500000, 0x0000000090500000| Complete 
| 262|0x0000000090600000, 0x0000000090700000, 0x0000000090700000|100%| E|CS|TAMS 0x0000000090600000, 0x0000000090600000| Complete 
| 263|0x0000000090700000, 0x0000000090800000, 0x0000000090800000|100%| E|CS|TAMS 0x0000000090700000, 0x0000000090700000| Complete 
| 264|0x0000000090800000, 0x0000000090900000, 0x0000000090900000|100%| E|CS|TAMS 0x0000000090800000, 0x0000000090800000| Complete 
| 265|0x0000000090900000, 0x0000000090a00000, 0x0000000090a00000|100%| E|CS|TAMS 0x0000000090900000, 0x0000000090900000| Complete 
| 266|0x0000000090a00000, 0x0000000090b00000, 0x0000000090b00000|100%| E|CS|TAMS 0x0000000090a00000, 0x0000000090a00000| Complete 

Card table byte_map: [0x000002731d410000,0x000002731d810000] _byte_map_base: 0x000002731d010000

Marking Bits (Prev, Next): (CMBitMap*) 0x000002730a53f8e8, (CMBitMap*) 0x000002730a53f920
 Prev Bits: [0x000002731dc10000, 0x000002731fc10000)
 Next Bits: [0x000002731fc10000, 0x0000027321c10000)

Polling page: 0x0000027308470000

Metaspace:

Usage:
  Non-class:    135.86 MB capacity,   133.73 MB ( 98%) used,     1.65 MB (  1%) free+waste,   480.63 KB ( <1%) overhead. 
      Class:     20.24 MB capacity,    18.80 MB ( 93%) used,     1.24 MB (  6%) free+waste,   206.94 KB ( <1%) overhead. 
       Both:    156.10 MB capacity,   152.53 MB ( 98%) used,     2.90 MB (  2%) free+waste,   687.56 KB ( <1%) overhead. 

Virtual space:
  Non-class space:      138.00 MB reserved,     136.45 MB ( 99%) committed 
      Class space:        1.00 GB reserved,      20.38 MB (  2%) committed 
             Both:        1.13 GB reserved,     156.82 MB ( 13%) committed 

Chunk freelists:
   Non-Class:  416.00 KB
       Class:  136.00 KB
        Both:  552.00 KB

MaxMetaspaceSize: 17179869184.00 GB
CompressedClassSpaceSize: 1.00 GB
Initial GC threshold: 20.80 MB
Current GC threshold: 261.38 MB
CDS: off

CodeHeap 'non-profiled nmethods': size=120064Kb used=19291Kb max_used=19291Kb free=100772Kb
 bounds [0x0000027315ad0000, 0x0000027316db0000, 0x000002731d010000]
CodeHeap 'profiled nmethods': size=120000Kb used=56110Kb max_used=56411Kb free=63889Kb
 bounds [0x000002730e5a0000, 0x0000027311cd0000, 0x0000027315ad0000]
CodeHeap 'non-nmethods': size=5696Kb used=2546Kb max_used=2630Kb free=3149Kb
 bounds [0x000002730e010000, 0x000002730e2c0000, 0x000002730e5a0000]
 total_blobs=25809 nmethods=24720 adapters=999
 compilation: enabled
              stopped_count=0, restarted_count=0
 full_count=0

Compilation events (20 events):
Event: 16329.607 Thread 0x000002732411c000 28289       3       com.android.tools.r8.internal.Xt::m (202 bytes)
Event: 16329.609 Thread 0x000002732411c000 nmethod 28289 0x000002730fdeb490 code [0x000002730fdeb7e0, 0x000002730fdec748]
Event: 16329.609 Thread 0x000002732411c000 28290       3       com.android.tools.r8.internal.lI::a (34 bytes)
Event: 16329.609 Thread 0x000002732411c000 nmethod 28290 0x000002730fdead90 code [0x000002730fdeaf60, 0x000002730fdeb1f8]
Event: 16329.609 Thread 0x000002732411c000 28291       3       com.android.tools.r8.dex.j$$Lambda$2163/0x0000000101038840::get (8 bytes)
Event: 16329.609 Thread 0x000002732411c000 nmethod 28291 0x000002730f9a1310 code [0x000002730f9a14c0, 0x000002730f9a15e8]
Event: 16329.689 Thread 0x000002732411c000 28296       3       com.android.tools.r8.dex.j::l (52 bytes)
Event: 16329.690 Thread 0x000002732411c000 nmethod 28296 0x000002731068ce90 code [0x000002731068d0e0, 0x000002731068d988]
Event: 16329.807 Thread 0x000002732411c000 28304       2       com.android.tools.r8.internal.Xt::a (159 bytes)
Event: 16329.808 Thread 0x000002732411c000 nmethod 28304 0x00000273107d4090 code [0x00000273107d4260, 0x00000273107d45f8]
Event: 16329.903 Thread 0x0000027335685000 nmethod 28257 0x0000027316d87c10 code [0x0000027316d885c0, 0x0000027316d94378]
Event: 16329.903 Thread 0x0000027335685000 28292       4       com.android.tools.r8.graph.c1::a (258 bytes)
Event: 16329.911 Thread 0x0000027335685000 nmethod 28292 0x0000027316d9b610 code [0x0000027316d9b7c0, 0x0000027316d9bc18]
Event: 16329.911 Thread 0x0000027335685000 28294       4       java.lang.AbstractStringBuilder::append (33 bytes)
Event: 16329.912 Thread 0x0000027324118000 nmethod 28287 0x0000027316d9bf10 code [0x0000027316d9c500, 0x0000027316da1430]
Event: 16329.912 Thread 0x0000027324118000 28293       4       com.android.tools.r8.internal.Xt::b (639 bytes)
Event: 16329.939 Thread 0x0000027335685000 nmethod 28294 0x0000027316da5390 code [0x0000027316da5560, 0x0000027316da6138]
Event: 16329.939 Thread 0x0000027335685000 28297       4       com.android.tools.r8.internal.Iq::get (106 bytes)
Event: 16329.942 Thread 0x0000027335685000 nmethod 28297 0x0000027316da6890 code [0x0000027316da6a40, 0x0000027316da6c38]
Event: 16329.942 Thread 0x0000027335685000 28298       4       com.android.tools.r8.internal.Iq::a (175 bytes)

GC Heap History (20 events):
Event: 16322.922 GC heap after
{Heap after GC invocations=99 (full 0):
 garbage-first heap   total 227328K, used 186989K [0x0000000080000000, 0x0000000100000000)
  region size 1024K, 2 young (2048K), 2 survivors (2048K)
 Metaspace       used 152693K, capacity 156379K, committed 157260K, reserved 1185792K
  class space    used 18970K, capacity 20432K, committed 20608K, reserved 1048576K
}
Event: 16323.119 GC heap before
{Heap before GC invocations=99 (full 0):
 garbage-first heap   total 227328K, used 196205K [0x0000000080000000, 0x0000000100000000)
  region size 1024K, 11 young (11264K), 2 survivors (2048K)
 Metaspace       used 154286K, capacity 157979K, committed 158924K, reserved 1187840K
  class space    used 19100K, capacity 20560K, committed 20736K, reserved 1048576K
}
Event: 16323.127 GC heap after
{Heap after GC invocations=100 (full 0):
 garbage-first heap   total 227328K, used 187560K [0x0000000080000000, 0x0000000100000000)
  region size 1024K, 2 young (2048K), 2 survivors (2048K)
 Metaspace       used 154286K, capacity 157979K, committed 158924K, reserved 1187840K
  class space    used 19100K, capacity 20560K, committed 20736K, reserved 1048576K
}
Event: 16323.348 GC heap before
{Heap before GC invocations=100 (full 0):
 garbage-first heap   total 227328K, used 196776K [0x0000000080000000, 0x0000000100000000)
  region size 1024K, 11 young (11264K), 2 survivors (2048K)
 Metaspace       used 154554K, capacity 158235K, committed 159180K, reserved 1187840K
  class space    used 19107K, capacity 20560K, committed 20736K, reserved 1048576K
}
Event: 16323.355 GC heap after
{Heap after GC invocations=101 (full 0):
 garbage-first heap   total 227328K, used 188835K [0x0000000080000000, 0x0000000100000000)
  region size 1024K, 2 young (2048K), 2 survivors (2048K)
 Metaspace       used 154554K, capacity 158235K, committed 159180K, reserved 1187840K
  class space    used 19107K, capacity 20560K, committed 20736K, reserved 1048576K
}
Event: 16323.661 GC heap before
{Heap before GC invocations=101 (full 0):
 garbage-first heap   total 227328K, used 179619K [0x0000000080000000, 0x0000000100000000)
  region size 1024K, 11 young (11264K), 2 survivors (2048K)
 Metaspace       used 154719K, capacity 158363K, committed 159180K, reserved 1187840K
  class space    used 19117K, capacity 20560K, committed 20736K, reserved 1048576K
}
Event: 16323.667 GC heap after
{Heap after GC invocations=102 (full 0):
 garbage-first heap   total 227328K, used 172277K [0x0000000080000000, 0x0000000100000000)
  region size 1024K, 2 young (2048K), 2 survivors (2048K)
 Metaspace       used 154719K, capacity 158363K, committed 159180K, reserved 1187840K
  class space    used 19117K, capacity 20560K, committed 20736K, reserved 1048576K
}
Event: 16323.797 GC heap before
{Heap before GC invocations=103 (full 0):
 garbage-first heap   total 227328K, used 189685K [0x0000000080000000, 0x0000000100000000)
  region size 1024K, 19 young (19456K), 2 survivors (2048K)
 Metaspace       used 154928K, capacity 158587K, committed 159564K, reserved 1187840K
  class space    used 19132K, capacity 20592K, committed 20864K, reserved 1048576K
}
Event: 16323.805 GC heap after
{Heap after GC invocations=104 (full 0):
 garbage-first heap   total 273408K, used 176362K [0x0000000080000000, 0x0000000100000000)
  region size 1024K, 3 young (3072K), 3 survivors (3072K)
 Metaspace       used 154928K, capacity 158587K, committed 159564K, reserved 1187840K
  class space    used 19132K, capacity 20592K, committed 20864K, reserved 1048576K
}
Event: 16324.311 GC heap before
{Heap before GC invocations=104 (full 0):
 garbage-first heap   total 273408K, used 186602K [0x0000000080000000, 0x0000000100000000)
  region size 1024K, 13 young (13312K), 3 survivors (3072K)
 Metaspace       used 154974K, capacity 158651K, committed 159564K, reserved 1187840K
  class space    used 19132K, capacity 20592K, committed 20864K, reserved 1048576K
}
Event: 16324.322 GC heap after
{Heap after GC invocations=105 (full 0):
 garbage-first heap   total 273408K, used 161792K [0x0000000080000000, 0x0000000100000000)
  region size 1024K, 2 young (2048K), 2 survivors (2048K)
 Metaspace       used 154974K, capacity 158651K, committed 159564K, reserved 1187840K
  class space    used 19132K, capacity 20592K, committed 20864K, reserved 1048576K
}
Event: 16326.607 GC heap before
{Heap before GC invocations=105 (full 0):
 garbage-first heap   total 273408K, used 197632K [0x0000000080000000, 0x0000000100000000)
  region size 1024K, 38 young (38912K), 2 survivors (2048K)
 Metaspace       used 155112K, capacity 158779K, committed 159820K, reserved 1187840K
  class space    used 19135K, capacity 20592K, committed 20864K, reserved 1048576K
}
Event: 16326.613 GC heap after
{Heap after GC invocations=106 (full 0):
 garbage-first heap   total 273408K, used 161792K [0x0000000080000000, 0x0000000100000000)
  region size 1024K, 2 young (2048K), 2 survivors (2048K)
 Metaspace       used 155112K, capacity 158779K, committed 159820K, reserved 1187840K
  class space    used 19135K, capacity 20592K, committed 20864K, reserved 1048576K
}
Event: 16327.702 GC heap before
{Heap before GC invocations=107 (full 0):
 garbage-first heap   total 273408K, used 200704K [0x0000000080000000, 0x0000000100000000)
  region size 1024K, 42 young (43008K), 2 survivors (2048K)
 Metaspace       used 155619K, capacity 159241K, committed 160076K, reserved 1187840K
  class space    used 19193K, capacity 20635K, committed 20864K, reserved 1048576K
}
Event: 16327.712 GC heap after
{Heap after GC invocations=108 (full 0):
 garbage-first heap   total 273408K, used 164135K [0x0000000080000000, 0x0000000100000000)
  region size 1024K, 6 young (6144K), 6 survivors (6144K)
 Metaspace       used 155619K, capacity 159241K, committed 160076K, reserved 1187840K
  class space    used 19193K, capacity 20635K, committed 20864K, reserved 1048576K
}
Event: 16327.845 GC heap before
{Heap before GC invocations=108 (full 0):
 garbage-first heap   total 273408K, used 171303K [0x0000000080000000, 0x0000000100000000)
  region size 1024K, 13 young (13312K), 6 survivors (6144K)
 Metaspace       used 155942K, capacity 159563K, committed 160332K, reserved 1189888K
  class space    used 19227K, capacity 20676K, committed 20864K, reserved 1048576K
}
Event: 16327.855 GC heap after
{Heap after GC invocations=109 (full 0):
 garbage-first heap   total 273408K, used 155957K [0x0000000080000000, 0x0000000100000000)
  region size 1024K, 1 young (1024K), 1 survivors (1024K)
 Metaspace       used 155942K, capacity 159563K, committed 160332K, reserved 1189888K
  class space    used 19227K, capacity 20676K, committed 20864K, reserved 1048576K
}
Event: 16328.704 GC heap before
{Heap before GC invocations=109 (full 0):
 garbage-first heap   total 273408K, used 199989K [0x0000000080000000, 0x0000000100000000)
  region size 1024K, 45 young (46080K), 1 survivors (1024K)
 Metaspace       used 156153K, capacity 159822K, committed 160588K, reserved 1189888K
  class space    used 19246K, capacity 20725K, committed 20864K, reserved 1048576K
}
Event: 16328.712 GC heap after
{Heap after GC invocations=110 (full 0):
 garbage-first heap   total 273408K, used 157175K [0x0000000080000000, 0x0000000100000000)
  region size 1024K, 3 young (3072K), 3 survivors (3072K)
 Metaspace       used 156153K, capacity 159822K, committed 160588K, reserved 1189888K
  class space    used 19246K, capacity 20725K, committed 20864K, reserved 1048576K
}
Event: 16329.948 GC heap before
{Heap before GC invocations=111 (full 0):
 garbage-first heap   total 273408K, used 239095K [0x0000000080000000, 0x0000000100000000)
  region size 1024K, 50 young (51200K), 3 survivors (3072K)
 Metaspace       used 156191K, capacity 159844K, committed 160588K, reserved 1189888K
  class space    used 19248K, capacity 20728K, committed 20864K, reserved 1048576K
}

Deoptimization events (20 events):
Event: 16329.789 Thread 0x0000027330d7a800 DEOPT PACKING pc=0x0000027310bcdb5e sp=0x000000def64fd560
Event: 16329.789 Thread 0x0000027330d7a800 DEOPT UNPACKING pc=0x000002730e05a95e sp=0x000000def64fcc10 mode 0
Event: 16329.792 Thread 0x0000027330d7a800 DEOPT PACKING pc=0x0000027310bcdb5e sp=0x000000def64fd560
Event: 16329.792 Thread 0x0000027330d7a800 DEOPT UNPACKING pc=0x000002730e05a95e sp=0x000000def64fcc10 mode 0
Event: 16329.793 Thread 0x0000027330d7a800 DEOPT PACKING pc=0x0000027310bcdb5e sp=0x000000def64fd560
Event: 16329.793 Thread 0x0000027330d7a800 DEOPT UNPACKING pc=0x000002730e05a95e sp=0x000000def64fcc10 mode 0
Event: 16329.799 Thread 0x0000027330d7a800 DEOPT PACKING pc=0x0000027310bcdb5e sp=0x000000def64fd560
Event: 16329.799 Thread 0x0000027330d7a800 DEOPT UNPACKING pc=0x000002730e05a95e sp=0x000000def64fcc10 mode 0
Event: 16329.800 Thread 0x0000027330d7a800 DEOPT PACKING pc=0x0000027310bd3ffe sp=0x000000def64fd570
Event: 16329.800 Thread 0x0000027330d7a800 DEOPT UNPACKING pc=0x000002730e05a95e sp=0x000000def64fc9e8 mode 0
Event: 16329.802 Thread 0x0000027330d7a800 DEOPT PACKING pc=0x0000027310bcdb5e sp=0x000000def64fd560
Event: 16329.803 Thread 0x0000027330d7a800 DEOPT UNPACKING pc=0x000002730e05a95e sp=0x000000def64fcc10 mode 0
Event: 16329.804 Thread 0x0000027330d7a800 DEOPT PACKING pc=0x0000027310bcdb5e sp=0x000000def64fd560
Event: 16329.804 Thread 0x0000027330d7a800 DEOPT UNPACKING pc=0x000002730e05a95e sp=0x000000def64fcc10 mode 0
Event: 16329.805 Thread 0x0000027330d7a800 DEOPT PACKING pc=0x0000027310bcdb5e sp=0x000000def64fd560
Event: 16329.805 Thread 0x0000027330d7a800 DEOPT UNPACKING pc=0x000002730e05a95e sp=0x000000def64fcc10 mode 0
Event: 16329.807 Thread 0x0000027330d7a800 DEOPT PACKING pc=0x0000027310bd3ffe sp=0x000000def64fd570
Event: 16329.807 Thread 0x0000027330d7a800 DEOPT UNPACKING pc=0x000002730e05a95e sp=0x000000def64fc9e8 mode 0
Event: 16329.812 Thread 0x0000027330d7a800 DEOPT PACKING pc=0x0000027310bcdb5e sp=0x000000def64fd560
Event: 16329.812 Thread 0x0000027330d7a800 DEOPT UNPACKING pc=0x000002730e05a95e sp=0x000000def64fcc10 mode 0

Classes redefined (0 events):
No events

Internal exceptions (20 events):
Event: 16316.764 Thread 0x0000027330fcd800 Exception <a 'java/lang/NoSuchMethodError'{0x000000008d183e68}: <clinit>> (0x000000008d183e68) thrown at [./src/hotspot/share/prims/jni.cpp, line 1365]
Event: 16316.764 Thread 0x0000027330fcd800 Exception <a 'java/lang/NoSuchMethodError'{0x000000008d185140}: <clinit>> (0x000000008d185140) thrown at [./src/hotspot/share/prims/jni.cpp, line 1365]
Event: 16316.771 Thread 0x0000027330fcd800 Exception <a 'java/lang/NoSuchMethodError'{0x000000008d1a4200}: <clinit>> (0x000000008d1a4200) thrown at [./src/hotspot/share/prims/jni.cpp, line 1365]
Event: 16322.438 Thread 0x0000027326117000 Exception <a 'java/lang/NoSuchMethodError'{0x000000008d7a7098}: <clinit>> (0x000000008d7a7098) thrown at [./src/hotspot/share/prims/jni.cpp, line 1365]
Event: 16322.448 Thread 0x0000027326117000 Exception <a 'java/lang/NoSuchMethodError'{0x000000008d52ce60}: <clinit>> (0x000000008d52ce60) thrown at [./src/hotspot/share/prims/jni.cpp, line 1365]
Event: 16322.516 Thread 0x0000027326117000 Exception <a 'java/lang/NoSuchMethodError'{0x000000008d23bff8}: <clinit>> (0x000000008d23bff8) thrown at [./src/hotspot/share/prims/jni.cpp, line 1365]
Event: 16326.048 Thread 0x0000027326117800 Exception <a 'sun/nio/fs/WindowsException'{0x000000008e9bdaf0}> (0x000000008e9bdaf0) thrown at [./src/hotspot/share/prims/jni.cpp, line 615]
Event: 16326.051 Thread 0x0000027326117800 Exception <a 'sun/nio/fs/WindowsException'{0x000000008e9bee28}> (0x000000008e9bee28) thrown at [./src/hotspot/share/prims/jni.cpp, line 615]
Event: 16326.384 Thread 0x0000027326117800 Exception <a 'sun/nio/fs/WindowsException'{0x000000008e8f5af8}> (0x000000008e8f5af8) thrown at [./src/hotspot/share/prims/jni.cpp, line 615]
Event: 16326.485 Thread 0x0000027326117800 Exception <a 'sun/nio/fs/WindowsException'{0x000000008e617340}> (0x000000008e617340) thrown at [./src/hotspot/share/prims/jni.cpp, line 615]
Event: 16326.492 Thread 0x0000027326117800 Exception <a 'sun/nio/fs/WindowsException'{0x000000008e6187c8}> (0x000000008e6187c8) thrown at [./src/hotspot/share/prims/jni.cpp, line 615]
Event: 16328.411 Thread 0x000002732611d800 Exception <a 'java/lang/NoSuchMethodError'{0x000000008ec487f0}: <clinit>> (0x000000008ec487f0) thrown at [./src/hotspot/share/prims/jni.cpp, line 1365]
Event: 16328.411 Thread 0x000002732611d800 Exception <a 'java/lang/NoSuchMethodError'{0x000000008ec4a0b8}: <clinit>> (0x000000008ec4a0b8) thrown at [./src/hotspot/share/prims/jni.cpp, line 1365]
Event: 16328.412 Thread 0x000002732611d800 Exception <a 'java/lang/NoSuchMethodError'{0x000000008ec4d218}: <clinit>> (0x000000008ec4d218) thrown at [./src/hotspot/share/prims/jni.cpp, line 1365]
Event: 16328.413 Thread 0x000002732611d800 Exception <a 'java/lang/NoSuchMethodError'{0x000000008ec666e8}: <clinit>> (0x000000008ec666e8) thrown at [./src/hotspot/share/prims/jni.cpp, line 1365]
Event: 16328.413 Thread 0x000002732611d800 Exception <a 'java/lang/NoSuchMethodError'{0x000000008ec67b88}: <clinit>> (0x000000008ec67b88) thrown at [./src/hotspot/share/prims/jni.cpp, line 1365]
Event: 16328.659 Thread 0x000002732611d800 Exception <a 'java/lang/NoSuchMethodError'{0x000000008e02af28}: <clinit>> (0x000000008e02af28) thrown at [./src/hotspot/share/prims/jni.cpp, line 1365]
Event: 16328.662 Thread 0x000002732611d800 Exception <a 'java/lang/NoSuchMethodError'{0x000000008e064908}: <clinit>> (0x000000008e064908) thrown at [./src/hotspot/share/prims/jni.cpp, line 1365]
Event: 16328.663 Thread 0x000002732611d800 Exception <a 'java/lang/NoSuchMethodError'{0x000000008e079160}: <clinit>> (0x000000008e079160) thrown at [./src/hotspot/share/prims/jni.cpp, line 1365]
Event: 16329.560 Thread 0x0000027330d7a800 Exception <a 'sun/nio/fs/WindowsException'{0x000000008fdac410}> (0x000000008fdac410) thrown at [./src/hotspot/share/prims/jni.cpp, line 615]

Events (20 events):
Event: 16328.142 loading class com/android/build/gradle/internal/tasks/CheckDuplicateClassesDelegate
Event: 16328.142 loading class com/android/build/gradle/internal/tasks/CheckDuplicateClassesDelegate done
Event: 16328.173 loading class kotlin/io/FilesKt__FileReadWriteKt$readLines$1
Event: 16328.173 loading class kotlin/io/FilesKt__FileReadWriteKt$readLines$1 done
Event: 16328.634 Executing VM operation: RevokeBias
Event: 16328.634 Executing VM operation: RevokeBias done
Event: 16328.704 Executing VM operation: G1CollectForAllocation
Event: 16328.712 Executing VM operation: G1CollectForAllocation done
Event: 16328.943 Executing VM operation: CGC_Operation
Event: 16328.977 Executing VM operation: CGC_Operation done
Event: 16329.105 Executing VM operation: CGC_Operation
Event: 16329.105 Executing VM operation: CGC_Operation done
Event: 16329.150 Executing VM operation: RevokeBias
Event: 16329.150 Executing VM operation: RevokeBias done
Event: 16329.150 Thread 0x0000027335680000 Thread added: 0x0000027335680000
Event: 16329.217 Thread 0x0000027335685800 Thread added: 0x0000027335685800
Event: 16329.218 Thread 0x0000027335684000 Thread added: 0x0000027335684000
Event: 16329.290 Executing VM operation: BulkRevokeBias
Event: 16329.292 Executing VM operation: BulkRevokeBias done
Event: 16329.948 Executing VM operation: G1CollectForAllocation


Dynamic libraries:
0x00007ff7595d0000 - 0x00007ff7595da000 	C:\Program Files\Android\Android Studio\jre\bin\java.exe
0x00007fffa6130000 - 0x00007fffa6325000 	C:\WINDOWS\SYSTEM32\ntdll.dll
0x00007fffa5d30000 - 0x00007fffa5ded000 	C:\WINDOWS\System32\KERNEL32.DLL
0x00007fffa3da0000 - 0x00007fffa406d000 	C:\WINDOWS\System32\KERNELBASE.dll
0x00007fffa3b70000 - 0x00007fffa3c70000 	C:\WINDOWS\System32\ucrtbase.dll
0x00007fff913d0000 - 0x00007fff913e7000 	C:\Program Files\Android\Android Studio\jre\bin\VCRUNTIME140.dll
0x00007fff88590000 - 0x00007fff885a9000 	C:\Program Files\Android\Android Studio\jre\bin\jli.dll
0x00007fffa4a20000 - 0x00007fffa4bc0000 	C:\WINDOWS\System32\USER32.dll
0x00007fffa3840000 - 0x00007fffa3862000 	C:\WINDOWS\System32\win32u.dll
0x00007fff902a0000 - 0x00007fff9053a000 	C:\WINDOWS\WinSxS\amd64_microsoft.windows.common-controls_6595b64144ccf1df_6.0.19041.1110_none_60b5254171f9507e\COMCTL32.dll
0x00007fffa59a0000 - 0x00007fffa59ca000 	C:\WINDOWS\System32\GDI32.dll
0x00007fffa48d0000 - 0x00007fffa496e000 	C:\WINDOWS\System32\msvcrt.dll
0x00007fffa4070000 - 0x00007fffa417b000 	C:\WINDOWS\System32\gdi32full.dll
0x00007fffa3ad0000 - 0x00007fffa3b6d000 	C:\WINDOWS\System32\msvcp_win.dll
0x00007fffa5df0000 - 0x00007fffa5e20000 	C:\WINDOWS\System32\IMM32.DLL
0x00007fff881c0000 - 0x00007fff8825d000 	C:\Program Files\Android\Android Studio\jre\bin\msvcp140.dll
0x00007fff46510000 - 0x00007fff46ff5000 	C:\Program Files\Android\Android Studio\jre\bin\server\jvm.dll
0x00007fffa5e20000 - 0x00007fffa5ece000 	C:\WINDOWS\System32\ADVAPI32.dll
0x00007fffa5ee0000 - 0x00007fffa5f7c000 	C:\WINDOWS\System32\sechost.dll
0x00007fffa5020000 - 0x00007fffa5145000 	C:\WINDOWS\System32\RPCRT4.dll
0x00007fffa5ed0000 - 0x00007fffa5ed8000 	C:\WINDOWS\System32\PSAPI.DLL
0x00007fff92760000 - 0x00007fff92769000 	C:\WINDOWS\SYSTEM32\WSOCK32.dll
0x00007fff95760000 - 0x00007fff95787000 	C:\WINDOWS\SYSTEM32\WINMM.dll
0x00007fffa5150000 - 0x00007fffa51bb000 	C:\WINDOWS\System32\WS2_32.dll
0x00007fff9dea0000 - 0x00007fff9deaa000 	C:\WINDOWS\SYSTEM32\VERSION.dll
0x00007fffa1760000 - 0x00007fffa1772000 	C:\WINDOWS\SYSTEM32\kernel.appcore.dll
0x00007fff88410000 - 0x00007fff88421000 	C:\Program Files\Android\Android Studio\jre\bin\verify.dll
0x00007fff93a70000 - 0x00007fff93c54000 	C:\WINDOWS\SYSTEM32\DBGHELP.DLL
0x00007fff919a0000 - 0x00007fff919cc000 	C:\WINDOWS\SYSTEM32\dbgcore.DLL
0x00007fffa3a40000 - 0x00007fffa3ac2000 	C:\WINDOWS\System32\bcryptPrimitives.dll
0x00007fff86730000 - 0x00007fff86759000 	C:\Program Files\Android\Android Studio\jre\bin\java.dll
0x00007fff913f0000 - 0x00007fff913fb000 	C:\Program Files\Android\Android Studio\jre\bin\jimage.dll
0x00007fff88100000 - 0x00007fff88118000 	C:\Program Files\Android\Android Studio\jre\bin\zip.dll
0x00007fffa4180000 - 0x00007fffa48c4000 	C:\WINDOWS\System32\SHELL32.dll
0x00007fffa1960000 - 0x00007fffa20f4000 	C:\WINDOWS\SYSTEM32\windows.storage.dll
0x00007fffa59d0000 - 0x00007fffa5d24000 	C:\WINDOWS\System32\combase.dll
0x00007fffa31d0000 - 0x00007fffa31fc000 	C:\WINDOWS\SYSTEM32\Wldp.dll
0x00007fffa4ca0000 - 0x00007fffa4d4d000 	C:\WINDOWS\System32\SHCORE.dll
0x00007fffa51e0000 - 0x00007fffa5235000 	C:\WINDOWS\System32\shlwapi.dll
0x00007fffa3780000 - 0x00007fffa379f000 	C:\WINDOWS\SYSTEM32\profapi.dll
0x00007fff86810000 - 0x00007fff8682a000 	C:\Program Files\Android\Android Studio\jre\bin\net.dll
0x00007fff9c6b0000 - 0x00007fff9c7ba000 	C:\WINDOWS\SYSTEM32\WINHTTP.dll
0x00007fffa2f30000 - 0x00007fffa2f9a000 	C:\WINDOWS\system32\mswsock.dll
0x00007fff86710000 - 0x00007fff86724000 	C:\Program Files\Android\Android Studio\jre\bin\nio.dll
0x00007fff884b0000 - 0x00007fff884d7000 	C:\Users\VINICIUS\.gradle\native\e1d6ef7f7dcc3fd88c89a11ec53ec762bb8ba0a96d01ffa2cd45eb1d1d8dd5c5\windows-amd64\native-platform.dll
0x00007fff85a30000 - 0x00007fff85b74000 	C:\Users\VINICIUS\.gradle\native\5664cfc778a61ccfe75a443a1ab52a65af34e5dc3c78e0209fed803814484fcb\windows-amd64\native-platform-file-events.dll
0x00007fff8ebf0000 - 0x00007fff8ebfa000 	C:\Program Files\Android\Android Studio\jre\bin\management.dll
0x00007fff87c90000 - 0x00007fff87c9d000 	C:\Program Files\Android\Android Studio\jre\bin\management_ext.dll
0x00007fffa3130000 - 0x00007fffa3148000 	C:\WINDOWS\SYSTEM32\CRYPTSP.dll
0x00007fffa28b0000 - 0x00007fffa28e4000 	C:\WINDOWS\system32\rsaenh.dll
0x00007fffa3cc0000 - 0x00007fffa3ce7000 	C:\WINDOWS\System32\bcrypt.dll
0x00007fffa3740000 - 0x00007fffa376e000 	C:\WINDOWS\SYSTEM32\USERENV.dll
0x00007fffa3120000 - 0x00007fffa312c000 	C:\WINDOWS\SYSTEM32\CRYPTBASE.dll
0x00007fffa2c20000 - 0x00007fffa2c5b000 	C:\WINDOWS\SYSTEM32\IPHLPAPI.DLL
0x00007fffa4a10000 - 0x00007fffa4a18000 	C:\WINDOWS\System32\NSI.dll
0x00007fff9e130000 - 0x00007fff9e147000 	C:\WINDOWS\SYSTEM32\dhcpcsvc6.DLL
0x00007fff9e110000 - 0x00007fff9e12d000 	C:\WINDOWS\SYSTEM32\dhcpcsvc.DLL
0x00007fffa2c60000 - 0x00007fffa2d2b000 	C:\WINDOWS\SYSTEM32\DNSAPI.dll
0x00007fffa2540000 - 0x00007fffa2573000 	C:\WINDOWS\SYSTEM32\ntmarta.dll
0x00007fff88490000 - 0x00007fff884ae000 	C:\Users\VINICIUS\AppData\Local\Temp\native-platform12587551415014392484dir\native-platform.dll
0x00007fff9f2e0000 - 0x00007fff9f2e8000 	C:\Program Files\Android\Android Studio\jre\bin\rmi.dll
0x00007fff833a0000 - 0x00007fff833c7000 	C:\Program Files\Android\Android Studio\jre\bin\sunec.dll

dbghelp: loaded successfully - version: 4.0.5 - missing functions: none
symbol engine: initialized successfully - sym options: 0x614 - pdb path: .;C:\Program Files\Android\Android Studio\jre\bin;C:\WINDOWS\SYSTEM32;C:\WINDOWS\WinSxS\amd64_microsoft.windows.common-controls_6595b64144ccf1df_6.0.19041.1110_none_60b5254171f9507e;C:\Program Files\Android\Android Studio\jre\bin\server;C:\Users\VINICIUS\.gradle\native\e1d6ef7f7dcc3fd88c89a11ec53ec762bb8ba0a96d01ffa2cd45eb1d1d8dd5c5\windows-amd64;C:\Users\VINICIUS\.gradle\native\5664cfc778a61ccfe75a443a1ab52a65af34e5dc3c78e0209fed803814484fcb\windows-amd64;C:\Users\VINICIUS\AppData\Local\Temp\native-platform12587551415014392484dir

VM Arguments:
jvm_args: --add-opens=java.base/java.util=ALL-UNNAMED --add-opens=java.base/java.lang=ALL-UNNAMED --add-opens=java.base/java.lang.invoke=ALL-UNNAMED --add-opens=java.base/java.util=ALL-UNNAMED --add-opens=java.prefs/java.util.prefs=ALL-UNNAMED --add-opens=java.prefs/java.util.prefs=ALL-UNNAMED --add-opens=java.base/java.nio.charset=ALL-UNNAMED --add-opens=java.base/java.net=ALL-UNNAMED --add-opens=java.base/java.util.concurrent.atomic=ALL-UNNAMED -Xmx2048m -Dfile.encoding=UTF-8 -Duser.country=BR -Duser.language=pt -Duser.variant 
java_command: org.gradle.launcher.daemon.bootstrap.GradleDaemon 7.3.3
java_class_path (initial): C:\Users\VINICIUS\.gradle\wrapper\dists\gradle-7.3.3-bin\6a41zxkdtcxs8rphpq6y0069z\gradle-7.3.3\lib\gradle-launcher-7.3.3.jar
Launcher Type: SUN_STANDARD

[Global flags]
     intx CICompilerCount                          = 3                                         {product} {ergonomic}
     uint ConcGCThreads                            = 1                                         {product} {ergonomic}
     uint G1ConcRefinementThreads                  = 4                                         {product} {ergonomic}
   size_t G1HeapRegionSize                         = 1048576                                   {product} {ergonomic}
    uintx GCDrainStackTargetSize                   = 64                                        {product} {ergonomic}
   size_t InitialHeapSize                          = 134217728                                 {product} {ergonomic}
   size_t MarkStackSize                            = 4194304                                   {product} {ergonomic}
   size_t MaxHeapSize                              = 2147483648                                {product} {command line}
   size_t MaxNewSize                               = 1287651328                                {product} {ergonomic}
   size_t MinHeapDeltaBytes                        = 1048576                                   {product} {ergonomic}
    uintx NonNMethodCodeHeapSize                   = 5830732                                {pd product} {ergonomic}
    uintx NonProfiledCodeHeapSize                  = 122913754                              {pd product} {ergonomic}
    uintx ProfiledCodeHeapSize                     = 122913754                              {pd product} {ergonomic}
    uintx ReservedCodeCacheSize                    = 251658240                              {pd product} {ergonomic}
     bool SegmentedCodeCache                       = true                                      {product} {ergonomic}
     bool UseCompressedClassPointers               = true                                 {lp64_product} {ergonomic}
     bool UseCompressedOops                        = true                                 {lp64_product} {ergonomic}
     bool UseG1GC                                  = true                                      {product} {ergonomic}
     bool UseLargePagesIndividualAllocation        = false                                  {pd product} {ergonomic}

Logging:
Log output configuration:
 #0: stdout all=warning uptime,level,tags
 #1: stderr all=off uptime,level,tags

Environment Variables:
JAVA_HOME=D:\java
PATH=C:\Python310\Scripts\;C:\Python310\;C:\Program Files (x86)\Common Files\Oracle\Java\javapath;C:\Windows\system32;C:\Windows;C:\Windows\System32\Wbem;C:\Windows\System32\WindowsPowerShell\v1.0\;C:\Windows\System32\OpenSSH\;C:\Program Files (x86)\NVIDIA Corporation\PhysX\Common;D:\java\bin;C:\WINDOWS\system32;C:\WINDOWS;C:\WINDOWS\System32\Wbem;C:\WINDOWS\System32\WindowsPowerShell\v1.0\;C:\WINDOWS\System32\OpenSSH\;C:\Program Files\NVIDIA Corporation\NVIDIA NvDLISR;C:\WINDOWS\system32;C:\WINDOWS;C:\WINDOWS\System32\Wbem;C:\WINDOWS\System32\WindowsPowerShell\v1.0\;C:\WINDOWS\System32\OpenSSH\;C:\Program Files\Git\cmd;C:\Program Files\Microsoft SQL Server\120\Tools\Binn\;C:\Program Files\Common Files\Autodesk Shared\;C:\Program Files\nodejs\;C:\ProgramData\chocolatey\bin;C:\Users\VINICIUS\AppData\Local\Microsoft\WindowsApps;C:\Users\VINICIUS\AppData\Roaming\npm
USERNAME=VINICIUS
OS=Windows_NT
PROCESSOR_IDENTIFIER=Intel64 Family 6 Model 42 Stepping 7, GenuineIntel



---------------  S Y S T E M  ---------------

OS: Windows 10 , 64 bit Build 19041 (10.0.19041.1706)
OS uptime: 0 days 5:38 hours

CPU:total 4 (initial active 4) (4 cores per cpu, 1 threads per core) family 6 model 42 stepping 7 microcode 0x2f, cmov, cx8, fxsr, mmx, sse, sse2, sse3, ssse3, sse4.1, sse4.2, popcnt, avx, aes, clmul, tsc, tscinvbit

Memory: 4k page, system-wide physical 8136M (1298M free)
TotalPageFile size 12299M (AvailPageFile size 2256M)
current process WorkingSet (physical memory assigned to process): 617M, peak: 622M
current process commit charge ("private bytes"): 718M, peak: 724M

vm_info: OpenJDK 64-Bit Server VM (11.0.12+7-b1504.28-7817840) for windows-amd64 JRE (11.0.12+7-b1504.28-7817840), built on Oct 13 2021 22:12:33 by "builder" with MS VC++ 14.0 (VS2015)

END.
