#
# A fatal error has been detected by the Java Runtime Environment:
#
#  EXCEPTION_ACCESS_VIOLATION (0xc0000005) at pc=0x00007fff466a1a86, pid=5032, tid=13860
#
# JRE version: OpenJDK Runtime Environment (11.0.12+7) (build 11.0.12+7-b1504.28-7817840)
# Java VM: OpenJDK 64-Bit Server VM (11.0.12+7-b1504.28-7817840, mixed mode, tiered, compressed oops, g1 gc, windows-amd64)
# Problematic frame:
# V  [jvm.dll+0x191a86]
#
# No core dump will be written. Minidumps are not enabled by default on client versions of Windows
#
# If you would like to submit a bug report, please visit:
#   https://bugreport.java.com/bugreport/crash.jsp
#

---------------  S U M M A R Y ------------

Command Line: --add-opens=java.base/java.util=ALL-UNNAMED --add-opens=java.base/java.lang=ALL-UNNAMED --add-opens=java.base/java.lang.invoke=ALL-UNNAMED --add-opens=java.base/java.util=ALL-UNNAMED --add-opens=java.prefs/java.util.prefs=ALL-UNNAMED --add-opens=java.prefs/java.util.prefs=ALL-UNNAMED --add-opens=java.base/java.nio.charset=ALL-UNNAMED --add-opens=java.base/java.net=ALL-UNNAMED --add-opens=java.base/java.util.concurrent.atomic=ALL-UNNAMED -Xmx2048m -Dfile.encoding=UTF-8 -Duser.country=BR -Duser.language=pt -Duser.variant org.gradle.launcher.daemon.bootstrap.GradleDaemon 7.3.3

Host: Intel(R) Core(TM) i5-2310 CPU @ 2.90GHz, 4 cores, 7G,  Windows 10 , 64 bit Build 19041 (10.0.19041.1706)
Time: Mon May 16 19:44:40 2022 Hora oficial do Brasil elapsed time: 23.843873 seconds (0d 0h 0m 23s)

---------------  T H R E A D  ---------------

Current thread (0x0000023d7a28f800):  GCTaskThread "GC Thread#1" [stack: 0x000000a83fb00000,0x000000a83fc00000] [id=13860]

Stack: [0x000000a83fb00000,0x000000a83fc00000],  sp=0x000000a83fbff628,  free space=1021k
Native frames: (J=compiled Java code, j=interpreted, Vv=VM code, C=native code)
V  [jvm.dll+0x191a86]


siginfo: EXCEPTION_ACCESS_VIOLATION (0xc0000005), reading address 0x0000000140cc7010


Register to memory mapping:

RIP=0x00007fff466a1a86 jvm.dll
RAX=0x0000000000000001 is an unknown value
RBX=0x000000008b72a264 is pointing into object: [Lcom.android.tools.r8.graph.B; 
{0x000000008b72a250} - klass: 'com/android/tools/r8/graph/B'[]
 - length: 2
RCX=
[error occurred during error reporting (printing register info), id 0xc0000005, EXCEPTION_ACCESS_VIOLATION (0xc0000005) at pc=0x00007fff466a1a86]

Registers:
RAX=0x0000000000000001, RBX=0x000000008b72a264, RCX=0x000000008f6ac4a0, RDX=0x000000008f6ac4a0
RSP=0x000000a83fbff628, RBP=0x000000000000000d, RSI=0x0000023d1529e970, RDI=0x0000023d1529e970
R8 =0x000000008f6ac4a0, R9 =0x0000000140cc7008, R10=0x000000008f6ac4a0, R11=0x0000023d1529eae0
R12=0x0000000000000000, R13=0x00000000000007b0, R14=0x0000023d6e53a8a0, R15=0x000000008f6ac4a0
RIP=0x00007fff466a1a86, EFLAGS=0x0000000000010202

Top of Stack: (sp=0x000000a83fbff628)
0x000000a83fbff628:   00007fff4681725c 0000000000000002
0x000000a83fbff638:   0000023d1529e970 0000023d1529e970
0x000000a83fbff648:   00007fff467e81be 0000023d1529e988
0x000000a83fbff658:   00007fff46861ca8 000000018b6af3a8
0x000000a83fbff668:   0000000000000009 00000000000007b0
0x000000a83fbff678:   0000023d1529e970 0000000000000040
0x000000a83fbff688:   0000023d6e53a8a0 0000000000000000
0x000000a83fbff698:   0000023d1529e970 0000000086376000
0x000000a83fbff6a8:   00007fff467e9052 0000023d1529e970
0x000000a83fbff6b8:   0000000000020001 00000000880ff9f0
0x000000a83fbff6c8:   000000008b72a264 0000023d6e53a820
0x000000a83fbff6d8:   00007fff468157ab 0000000000001454
0x000000a83fbff6e8:   00007fff4681c9a8 00000000880ffc00
0x000000a83fbff6f8:   00007fff4681d7b7 0000000086300000
0x000000a83fbff708:   0000000000020000 0000000000000000
0x000000a83fbff718:   00007fff46b05ccf 000000a83fbff7c0 

Instructions: (pc=0x00007fff466a1a86)
0x00007fff466a1986:   48 89 5c 24 20 e8 f0 00 00 00 80 7f 30 00 48 63
0x00007fff466a1996:   c8 48 89 4c 24 28 0f 28 44 24 20 74 17 0f 11 86
0x00007fff466a19a6:   98 03 00 00 48 8b 5c 24 40 48 8b 74 24 48 48 83
0x00007fff466a19b6:   c4 30 5f c3 48 8b 07 48 8d 54 24 20 48 8b cf 66
0x00007fff466a19c6:   0f 7f 44 24 20 ff 50 38 48 8b 5c 24 40 48 8b 74
0x00007fff466a19d6:   24 48 48 83 c4 30 5f c3 cc cc 40 53 48 83 ec 30
0x00007fff466a19e6:   0f 10 82 98 03 00 00 48 8b da 0f 10 c8 66 0f 73
0x00007fff466a19f6:   d9 08 66 48 0f 7e c8 48 85 c0 74 28 48 8b 01 48
0x00007fff466a1a06:   8d 54 24 20 0f 29 44 24 20 ff 50 40 33 c0 48 89
0x00007fff466a1a16:   44 24 20 48 89 44 24 28 0f 10 44 24 20 0f 11 83
0x00007fff466a1a26:   98 03 00 00 48 83 c4 30 5b c3 48 8b 49 38 48 8b
0x00007fff466a1a36:   01 48 ff 60 28 cc cc cc cc cc 80 3d 91 a6 87 00
0x00007fff466a1a46:   00 48 8b c1 74 1b 8b 51 08 8b 0d 83 13 83 00 48
0x00007fff466a1a56:   d3 e2 48 8b c8 48 03 15 6e 13 83 00 e9 19 00 00
0x00007fff466a1a66:   00 48 8b 51 08 48 8b c8 e9 0d 00 00 00 cc cc cc
0x00007fff466a1a76:   cc cc cc cc cc cc cc cc cc cc 4c 8b ca 48 8b d1
0x00007fff466a1a86:   45 8b 41 08 45 85 c0 7e 0e 41 f6 c0 01 75 59 41
0x00007fff466a1a96:   c1 f8 03 41 8b c0 c3 79 4f 80 3d 32 a6 87 00 00
0x00007fff466a1aa6:   b8 0c 00 00 00 b9 10 00 00 00 0f 45 c8 8b 05 ab
0x00007fff466a1ab6:   5c 81 00 ff c8 4c 63 c8 48 63 c1 41 8b c8 83 e1
0x00007fff466a1ac6:   3f 48 63 14 10 41 8b c0 48 c1 f8 10 0f b6 c0 48
0x00007fff466a1ad6:   d3 e2 49 8d 0c 11 49 f7 d1 48 03 c1 49 c1 e9 03
0x00007fff466a1ae6:   48 c1 e8 03 41 23 c1 c3 49 8b 01 49 8b c9 48 ff
0x00007fff466a1af6:   a0 10 01 00 00 cc cc cc cc cc 48 83 ec 38 0f 10
0x00007fff466a1b06:   02 48 8b 49 38 48 8d 54 24 20 0f 29 44 24 20 e8
0x00007fff466a1b16:   66 f0 ff ff 48 83 c4 38 c3 cc 48 89 5c 24 08 55
0x00007fff466a1b26:   56 57 41 54 41 55 41 56 41 57 48 8d 6c 24 e0 48
0x00007fff466a1b36:   81 ec 20 01 00 00 48 8b 05 7d 99 84 00 48 33 c4
0x00007fff466a1b46:   48 89 45 10 48 8b 05 ff 0f 87 00 45 33 ed 4c 8b
0x00007fff466a1b56:   b5 80 00 00 00 4c 8b fa 48 8b bd 88 00 00 00 4d
0x00007fff466a1b66:   8b c6 49 8b d6 49 8b f1 48 8b 48 38 48 8b 59 48
0x00007fff466a1b76:   49 8b cf c7 45 c0 ff ff ff ff 44 89 6d d4 4c 89 


Stack slot to memory mapping:
stack at sp + 0 slots: 0x00007fff4681725c jvm.dll
stack at sp + 1 slots: 0x0000000000000002 is an unknown value
stack at sp + 2 slots: 0x0000023d1529e970 points into unknown readable memory: 0x00007fff46d444e8 | e8 44 d4 46 ff 7f 00 00
stack at sp + 3 slots: 0x0000023d1529e970 points into unknown readable memory: 0x00007fff46d444e8 | e8 44 d4 46 ff 7f 00 00
stack at sp + 4 slots: 0x00007fff467e81be jvm.dll
stack at sp + 5 slots: 0x0000023d1529e988 points into unknown readable memory: 0x00007fff46d3a788 | 88 a7 d3 46 ff 7f 00 00
stack at sp + 6 slots: 0x00007fff46861ca8 jvm.dll
stack at sp + 7 slots: 0x000000018b6af3a8 is an unknown value


---------------  P R O C E S S  ---------------

Threads class SMR info:
_java_thread_list=0x0000023d7ea0ec00, length=95, elements={
0x0000023d6e520000, 0x0000023d79111000, 0x0000023d79116800, 0x0000023d79ac3800,
0x0000023d7912d000, 0x0000023d7912f800, 0x0000023d7913a800, 0x0000023d7914c800,
0x0000023d7913e000, 0x0000023d79c16800, 0x0000023d7914d000, 0x0000023d7b085000,
0x0000023d7bb18800, 0x0000023d7b493000, 0x0000023d7bfbf000, 0x0000023d7bae1000,
0x0000023d7c444800, 0x0000023d7da64800, 0x0000023d7b1b0800, 0x0000023d7c100000,
0x0000023d79149000, 0x0000023d7914a000, 0x0000023d79148800, 0x0000023d7914b000,
0x0000023d7914b800, 0x0000023d7914f000, 0x0000023d7dbba800, 0x0000023d7dbbf000,
0x0000023d7dbbd800, 0x0000023d7dbbb000, 0x0000023d7dbb9800, 0x0000023d7dbc0000,
0x0000023d7dbc1000, 0x0000023d7dbbd000, 0x0000023d7dbc6800, 0x0000023d7dbc8000,
0x0000023d7dbc5800, 0x0000023d7dbc4000, 0x0000023d7dbc3800, 0x0000023d7dbc7800,
0x0000023d7dbc5000, 0x0000023d7d3c0800, 0x0000023d7d3c0000, 0x0000023d7d3c2800,
0x0000023d7d3bf000, 0x0000023d7d3c5000, 0x0000023d7d3c1800, 0x0000023d7d3c9000,
0x0000023d7d3c8000, 0x0000023d7d3c5800, 0x0000023d7d3c6800, 0x0000023d7d3c3000,
0x0000023d7d3c7800, 0x0000023d7d3c9800, 0x0000023d7d3c4000, 0x0000023d7d3ca800,
0x0000023d7d3cc000, 0x0000023d7d3cb800, 0x0000023d7d3cd000, 0x0000023d7d3ce000,
0x0000023d7b2c3800, 0x0000023d7b2c1000, 0x0000023d7b2c4800, 0x0000023d7b2c2000,
0x0000023d7b2c6000, 0x0000023d7b2c3000, 0x0000023d7b2c5800, 0x0000023d7b2c0800,
0x0000023d7b2cc000, 0x0000023d7b2cc800, 0x0000023d7b2c9800, 0x0000023d7b2c7000,
0x0000023d7b2cd800, 0x0000023d7b2ca000, 0x0000023d7b2c7800, 0x0000023d7b2cb000,
0x0000023d7b2ce800, 0x0000023d7b2c8800, 0x0000023d7b2cf000, 0x0000023d7dde5000,
0x0000023d7dde6000, 0x0000023d7dde6800, 0x0000023d7dde7800, 0x0000023d7dde8800,
0x0000023d7dde2800, 0x0000023d7dde3800, 0x0000023d7ddee000, 0x0000023d7dde9000,
0x0000023d7ddea000, 0x0000023d7ddec800, 0x0000023d7ddef000, 0x0000023d7ddf0800,
0x0000023d7ddef800, 0x0000023d7ddeb000, 0x0000023d7ddf1800
}

Java Threads: ( => current thread )
  0x0000023d6e520000 JavaThread "main" [_thread_blocked, id=11272, stack(0x000000a83e900000,0x000000a83ea00000)]
  0x0000023d79111000 JavaThread "Reference Handler" daemon [_thread_blocked, id=8304, stack(0x000000a83f000000,0x000000a83f100000)]
  0x0000023d79116800 JavaThread "Finalizer" daemon [_thread_blocked, id=4796, stack(0x000000a83f100000,0x000000a83f200000)]
  0x0000023d79ac3800 JavaThread "Signal Dispatcher" daemon [_thread_blocked, id=10988, stack(0x000000a83f200000,0x000000a83f300000)]
  0x0000023d7912d000 JavaThread "Attach Listener" daemon [_thread_blocked, id=5400, stack(0x000000a83f300000,0x000000a83f400000)]
  0x0000023d7912f800 JavaThread "Service Thread" daemon [_thread_blocked, id=6972, stack(0x000000a83f400000,0x000000a83f500000)]
  0x0000023d7913a800 JavaThread "C2 CompilerThread0" daemon [_thread_in_native, id=4636, stack(0x000000a83f500000,0x000000a83f600000)]
  0x0000023d7914c800 JavaThread "C1 CompilerThread0" daemon [_thread_blocked, id=5132, stack(0x000000a83f600000,0x000000a83f700000)]
  0x0000023d7913e000 JavaThread "Sweeper thread" daemon [_thread_blocked, id=11380, stack(0x000000a83f700000,0x000000a83f800000)]
  0x0000023d79c16800 JavaThread "Common-Cleaner" daemon [_thread_blocked, id=5304, stack(0x000000a83f800000,0x000000a83f900000)]
  0x0000023d7914d000 JavaThread "C2 CompilerThread1" daemon [_thread_in_native, id=9000, stack(0x000000a83fa00000,0x000000a83fb00000)]
  0x0000023d7b085000 JavaThread "Daemon health stats" [_thread_blocked, id=12608, stack(0x000000a83fd00000,0x000000a83fe00000)]
  0x0000023d7bb18800 JavaThread "Incoming local TCP Connector on port 62105" [_thread_in_native, id=6108, stack(0x000000a83fe00000,0x000000a83ff00000)]
  0x0000023d7b493000 JavaThread "Daemon periodic checks" [_thread_blocked, id=8640, stack(0x000000a83ff00000,0x000000a840000000)]
  0x0000023d7bfbf000 JavaThread "Daemon" [_thread_blocked, id=6224, stack(0x000000a840000000,0x000000a840100000)]
  0x0000023d7bae1000 JavaThread "Handler for socket connection from /127.0.0.1:62105 to /127.0.0.1:62106" [_thread_in_native, id=7224, stack(0x000000a840100000,0x000000a840200000)]
  0x0000023d7c444800 JavaThread "Cancel handler" [_thread_blocked, id=10676, stack(0x000000a840200000,0x000000a840300000)]
  0x0000023d7da64800 JavaThread "Daemon worker" [_thread_blocked, id=6100, stack(0x000000a840300000,0x000000a840400000)]
  0x0000023d7b1b0800 JavaThread "Asynchronous log dispatcher for DefaultDaemonConnection: socket connection from /127.0.0.1:62105 to /127.0.0.1:62106" [_thread_blocked, id=8864, stack(0x000000a840400000,0x000000a840500000)]
  0x0000023d7c100000 JavaThread "Stdin handler" [_thread_blocked, id=11880, stack(0x000000a840500000,0x000000a840600000)]
  0x0000023d79149000 JavaThread "Daemon client event forwarder" [_thread_blocked, id=5156, stack(0x000000a840600000,0x000000a840700000)]
  0x0000023d7914a000 JavaThread "Cache worker for journal cache (C:\Users\VINICIUS\.gradle\caches\journal-1)" [_thread_blocked, id=3364, stack(0x000000a840800000,0x000000a840900000)]
  0x0000023d79148800 JavaThread "File lock request listener" [_thread_in_native, id=1276, stack(0x000000a840900000,0x000000a840a00000)]
  0x0000023d7914b000 JavaThread "Cache worker for file hash cache (C:\Users\VINICIUS\.gradle\caches\7.3.3\fileHashes)" [_thread_blocked, id=5952, stack(0x000000a840a00000,0x000000a840b00000)]
  0x0000023d7914b800 JavaThread "Cache worker for file hash cache (C:\Users\VINICIUS\AndroidStudioProjects\Testesuasorte\.gradle\7.3.3\fileHashes)" [_thread_blocked, id=11112, stack(0x000000a840b00000,0x000000a840c00000)]
  0x0000023d7914f000 JavaThread "File watcher server" daemon [_thread_in_native, id=14288, stack(0x000000a840c00000,0x000000a840d00000)]
  0x0000023d7dbba800 JavaThread "File watcher consumer" daemon [_thread_blocked, id=11932, stack(0x000000a840d00000,0x000000a840e00000)]
  0x0000023d7dbbf000 JavaThread "Cache worker for checksums cache (C:\Users\VINICIUS\AndroidStudioProjects\Testesuasorte\.gradle\7.3.3\checksums)" [_thread_blocked, id=7752, stack(0x000000a840e00000,0x000000a840f00000)]
  0x0000023d7dbbd800 JavaThread "Cache worker for cache directory md-supplier (C:\Users\VINICIUS\.gradle\caches\7.3.3\md-supplier)" [_thread_blocked, id=9912, stack(0x000000a840f00000,0x000000a841000000)]
  0x0000023d7dbbb000 JavaThread "Cache worker for cache directory md-rule (C:\Users\VINICIUS\.gradle\caches\7.3.3\md-rule)" [_thread_blocked, id=9816, stack(0x000000a841000000,0x000000a841100000)]
  0x0000023d7dbb9800 JavaThread "Cache worker for execution history cache (C:\Users\VINICIUS\.gradle\caches\7.3.3\executionHistory)" [_thread_blocked, id=7796, stack(0x000000a841100000,0x000000a841200000)]
  0x0000023d7dbc0000 JavaThread "jar transforms" [_thread_blocked, id=5152, stack(0x000000a841200000,0x000000a841300000)]
  0x0000023d7dbc1000 JavaThread "Cache worker for file content cache (C:\Users\VINICIUS\.gradle\caches\7.3.3\fileContent)" [_thread_blocked, id=14092, stack(0x000000a841300000,0x000000a841400000)]
  0x0000023d7dbbd000 JavaThread "jar transforms Thread 2" [_thread_blocked, id=12040, stack(0x000000a841400000,0x000000a841500000)]
  0x0000023d7dbc6800 JavaThread "Cache worker for dependencies-accessors (C:\Users\VINICIUS\AndroidStudioProjects\Testesuasorte\.gradle\7.3.3\dependencies-accessors)" [_thread_blocked, id=7932, stack(0x000000a841500000,0x000000a841600000)]
  0x0000023d7dbc8000 JavaThread "jar transforms Thread 3" [_thread_blocked, id=6096, stack(0x000000a841600000,0x000000a841700000)]
  0x0000023d7dbc5800 JavaThread "Cache worker for Build Output Cleanup Cache (C:\Users\VINICIUS\AndroidStudioProjects\Testesuasorte\.gradle\buildOutputCleanup)" [_thread_blocked, id=2960, stack(0x000000a841700000,0x000000a841800000)]
  0x0000023d7dbc4000 JavaThread "Unconstrained build operations" [_thread_blocked, id=12400, stack(0x000000a841800000,0x000000a841900000)]
  0x0000023d7dbc3800 JavaThread "Unconstrained build operations Thread 2" [_thread_blocked, id=5896, stack(0x000000a841900000,0x000000a841a00000)]
  0x0000023d7dbc7800 JavaThread "Unconstrained build operations Thread 3" [_thread_blocked, id=12684, stack(0x000000a841a00000,0x000000a841b00000)]
  0x0000023d7dbc5000 JavaThread "Unconstrained build operations Thread 4" [_thread_blocked, id=14196, stack(0x000000a841b00000,0x000000a841c00000)]
  0x0000023d7d3c0800 JavaThread "Unconstrained build operations Thread 5" [_thread_blocked, id=7980, stack(0x000000a841c00000,0x000000a841d00000)]
  0x0000023d7d3c0000 JavaThread "Unconstrained build operations Thread 6" [_thread_blocked, id=7936, stack(0x000000a841d00000,0x000000a841e00000)]
  0x0000023d7d3c2800 JavaThread "Unconstrained build operations Thread 7" [_thread_blocked, id=14148, stack(0x000000a841e00000,0x000000a841f00000)]
  0x0000023d7d3bf000 JavaThread "Unconstrained build operations Thread 8" [_thread_blocked, id=8916, stack(0x000000a841f00000,0x000000a842000000)]
  0x0000023d7d3c5000 JavaThread "Unconstrained build operations Thread 9" [_thread_blocked, id=5204, stack(0x000000a842000000,0x000000a842100000)]
  0x0000023d7d3c1800 JavaThread "Unconstrained build operations Thread 10" [_thread_blocked, id=14292, stack(0x000000a842100000,0x000000a842200000)]
  0x0000023d7d3c9000 JavaThread "Unconstrained build operations Thread 11" [_thread_blocked, id=13444, stack(0x000000a842200000,0x000000a842300000)]
  0x0000023d7d3c8000 JavaThread "Unconstrained build operations Thread 12" [_thread_blocked, id=4836, stack(0x000000a842300000,0x000000a842400000)]
  0x0000023d7d3c5800 JavaThread "Unconstrained build operations Thread 13" [_thread_blocked, id=7060, stack(0x000000a842400000,0x000000a842500000)]
  0x0000023d7d3c6800 JavaThread "Unconstrained build operations Thread 14" [_thread_blocked, id=14004, stack(0x000000a842500000,0x000000a842600000)]
  0x0000023d7d3c3000 JavaThread "Unconstrained build operations Thread 15" [_thread_blocked, id=10352, stack(0x000000a842600000,0x000000a842700000)]
  0x0000023d7d3c7800 JavaThread "Unconstrained build operations Thread 16" [_thread_blocked, id=1328, stack(0x000000a842700000,0x000000a842800000)]
  0x0000023d7d3c9800 JavaThread "Unconstrained build operations Thread 17" [_thread_blocked, id=3420, stack(0x000000a842800000,0x000000a842900000)]
  0x0000023d7d3c4000 JavaThread "Unconstrained build operations Thread 18" [_thread_blocked, id=9024, stack(0x000000a842900000,0x000000a842a00000)]
  0x0000023d7d3ca800 JavaThread "Unconstrained build operations Thread 19" [_thread_blocked, id=7528, stack(0x000000a842a00000,0x000000a842b00000)]
  0x0000023d7d3cc000 JavaThread "Unconstrained build operations Thread 20" [_thread_blocked, id=3224, stack(0x000000a842b00000,0x000000a842c00000)]
  0x0000023d7d3cb800 JavaThread "Unconstrained build operations Thread 21" [_thread_blocked, id=7208, stack(0x000000a842c00000,0x000000a842d00000)]
  0x0000023d7d3cd000 JavaThread "Unconstrained build operations Thread 22" [_thread_blocked, id=11936, stack(0x000000a842d00000,0x000000a842e00000)]
  0x0000023d7d3ce000 JavaThread "Unconstrained build operations Thread 23" [_thread_blocked, id=8052, stack(0x000000a842e00000,0x000000a842f00000)]
  0x0000023d7b2c3800 JavaThread "Unconstrained build operations Thread 24" [_thread_blocked, id=9492, stack(0x000000a842f00000,0x000000a843000000)]
  0x0000023d7b2c1000 JavaThread "Unconstrained build operations Thread 25" [_thread_blocked, id=12504, stack(0x000000a843000000,0x000000a843100000)]
  0x0000023d7b2c4800 JavaThread "Unconstrained build operations Thread 26" [_thread_blocked, id=3184, stack(0x000000a843100000,0x000000a843200000)]
  0x0000023d7b2c2000 JavaThread "Unconstrained build operations Thread 27" [_thread_blocked, id=11416, stack(0x000000a843200000,0x000000a843300000)]
  0x0000023d7b2c6000 JavaThread "Unconstrained build operations Thread 28" [_thread_blocked, id=6132, stack(0x000000a843300000,0x000000a843400000)]
  0x0000023d7b2c3000 JavaThread "Unconstrained build operations Thread 29" [_thread_blocked, id=12552, stack(0x000000a843400000,0x000000a843500000)]
  0x0000023d7b2c5800 JavaThread "Unconstrained build operations Thread 30" [_thread_blocked, id=4412, stack(0x000000a843500000,0x000000a843600000)]
  0x0000023d7b2c0800 JavaThread "Unconstrained build operations Thread 31" [_thread_blocked, id=13632, stack(0x000000a843600000,0x000000a843700000)]
  0x0000023d7b2cc000 JavaThread "Unconstrained build operations Thread 32" [_thread_blocked, id=3488, stack(0x000000a843700000,0x000000a843800000)]
  0x0000023d7b2cc800 JavaThread "Unconstrained build operations Thread 33" [_thread_blocked, id=12824, stack(0x000000a843800000,0x000000a843900000)]
  0x0000023d7b2c9800 JavaThread "Unconstrained build operations Thread 34" [_thread_blocked, id=11576, stack(0x000000a843900000,0x000000a843a00000)]
  0x0000023d7b2c7000 JavaThread "Unconstrained build operations Thread 35" [_thread_blocked, id=13320, stack(0x000000a843a00000,0x000000a843b00000)]
  0x0000023d7b2cd800 JavaThread "Unconstrained build operations Thread 36" [_thread_blocked, id=13756, stack(0x000000a843b00000,0x000000a843c00000)]
  0x0000023d7b2ca000 JavaThread "Unconstrained build operations Thread 37" [_thread_blocked, id=13540, stack(0x000000a843c00000,0x000000a843d00000)]
  0x0000023d7b2c7800 JavaThread "Unconstrained build operations Thread 38" [_thread_blocked, id=9672, stack(0x000000a843d00000,0x000000a843e00000)]
  0x0000023d7b2cb000 JavaThread "Unconstrained build operations Thread 39" [_thread_blocked, id=4020, stack(0x000000a843e00000,0x000000a843f00000)]
  0x0000023d7b2ce800 JavaThread "Unconstrained build operations Thread 40" [_thread_blocked, id=9228, stack(0x000000a843f00000,0x000000a844000000)]
  0x0000023d7b2c8800 JavaThread "jar transforms Thread 4" [_thread_blocked, id=12568, stack(0x000000a844000000,0x000000a844100000)]
  0x0000023d7b2cf000 JavaThread "Memory manager" [_thread_blocked, id=856, stack(0x000000a844100000,0x000000a844200000)]
  0x0000023d7dde5000 JavaThread "build event listener" [_thread_blocked, id=12644, stack(0x000000a844200000,0x000000a844300000)]
  0x0000023d7dde6000 JavaThread "Execution worker for ':'" [_thread_blocked, id=13344, stack(0x000000a844300000,0x000000a844400000)]
  0x0000023d7dde6800 JavaThread "Execution worker for ':' Thread 2" [_thread_blocked, id=12476, stack(0x000000a844400000,0x000000a844500000)]
  0x0000023d7dde7800 JavaThread "Execution worker for ':' Thread 3" [_thread_blocked, id=2820, stack(0x000000a844500000,0x000000a844600000)]
  0x0000023d7dde8800 JavaThread "Cache worker for execution history cache (C:\Users\VINICIUS\AndroidStudioProjects\Testesuasorte\.gradle\7.3.3\executionHistory)" [_thread_blocked, id=7808, stack(0x000000a844600000,0x000000a844700000)]
  0x0000023d7dde2800 JavaThread "WorkerExecutor Queue" [_thread_blocked, id=976, stack(0x000000a844700000,0x000000a844800000)]
  0x0000023d7dde3800 JavaThread "WorkerExecutor Queue Thread 2" [_thread_blocked, id=5428, stack(0x000000a844800000,0x000000a844900000)]
  0x0000023d7ddee000 JavaThread "WorkerExecutor Queue Thread 3" [_thread_blocked, id=1616, stack(0x000000a844900000,0x000000a844a00000)]
  0x0000023d7dde9000 JavaThread "WorkerExecutor Queue Thread 4" [_thread_blocked, id=7788, stack(0x000000a844a00000,0x000000a844b00000)]
  0x0000023d7ddea000 JavaThread "pool-3-thread-1" [_thread_blocked, id=11876, stack(0x000000a844b00000,0x000000a844c00000)]
  0x0000023d7ddec800 JavaThread "stderr" [_thread_in_native, id=6876, stack(0x000000a844c00000,0x000000a844d00000)]
  0x0000023d7ddef000 JavaThread "stdout" [_thread_in_native, id=12928, stack(0x000000a844d00000,0x000000a844e00000)]
  0x0000023d7ddf0800 JavaThread "ForkJoinPool-1-worker-3" daemon [_thread_blocked, id=11168, stack(0x000000a844e00000,0x000000a844f00000)]
  0x0000023d7ddef800 JavaThread "ForkJoinPool-1-worker-5" daemon [_thread_blocked, id=2848, stack(0x000000a844f00000,0x000000a845000000)]
  0x0000023d7ddeb000 JavaThread "ForkJoinPool-1-worker-7" daemon [_thread_blocked, id=11404, stack(0x000000a845000000,0x000000a845100000)]
  0x0000023d7ddf1800 JavaThread "ForkJoinPool-1-worker-1" daemon [_thread_blocked, id=1672, stack(0x000000a845100000,0x000000a845200000)]

Other Threads:
  0x0000023d7910d000 VMThread "VM Thread" [stack: 0x000000a83ef00000,0x000000a83f000000] [id=9236]
  0x0000023d79c29000 WatcherThread [stack: 0x000000a83f900000,0x000000a83fa00000] [id=13908]
  0x0000023d6e538000 GCTaskThread "GC Thread#0" [stack: 0x000000a83ea00000,0x000000a83eb00000] [id=13236]
=>0x0000023d7a28f800 GCTaskThread "GC Thread#1" [stack: 0x000000a83fb00000,0x000000a83fc00000] [id=13860]
  0x0000023d79f77000 GCTaskThread "GC Thread#2" [stack: 0x000000a83fc00000,0x000000a83fd00000] [id=9044]
  0x0000023d7c07b000 GCTaskThread "GC Thread#3" [stack: 0x000000a840700000,0x000000a840800000] [id=4488]
  0x0000023d6e56a800 ConcurrentGCThread "G1 Main Marker" [stack: 0x000000a83eb00000,0x000000a83ec00000] [id=1800]
  0x0000023d6e56b800 ConcurrentGCThread "G1 Conc#0" [stack: 0x000000a83ec00000,0x000000a83ed00000] [id=3200]
  0x0000023d6e5fa800 ConcurrentGCThread "G1 Refine#0" [stack: 0x000000a83ed00000,0x000000a83ee00000] [id=7908]
  0x0000023d7f01b000 ConcurrentGCThread "G1 Refine#1" [stack: 0x000000a845200000,0x000000a845300000] [id=1484]
  0x0000023d7f01c800 ConcurrentGCThread "G1 Refine#2" [stack: 0x000000a845300000,0x000000a845400000] [id=1244]
  0x0000023d7f01d800 ConcurrentGCThread "G1 Refine#3" [stack: 0x000000a845400000,0x000000a845500000] [id=5972]
  0x0000023d6e5fb800 ConcurrentGCThread "G1 Young RemSet Sampling" [stack: 0x000000a83ee00000,0x000000a83ef00000] [id=4376]

Threads with active compile tasks:
C2 CompilerThread0  23873 12856       4       com.android.tools.r8.graph.q0::a (82 bytes)
C2 CompilerThread1  23873 12916       4       com.android.tools.r8.internal.aZ::a (20 bytes)

VM state:at safepoint (normal execution)

VM Mutex/Monitor currently owned by a thread:  ([mutex/lock_event])
[0x0000023d6e51bfa0] Threads_lock - owner thread: 0x0000023d7910d000
[0x0000023d6e51c030] Heap_lock - owner thread: 0x0000023d7ddee000

Heap address: 0x0000000080000000, size: 2048 MB, Compressed Oops mode: 32-bit
Narrow klass base: 0x0000000000000000, Narrow klass shift: 3
Compressed class space size: 1073741824 Address: 0x0000000100000000

Heap:
 garbage-first heap   total 285696K, used 225644K [0x0000000080000000, 0x0000000100000000)
  region size 1024K, 34 young (34816K), 2 survivors (2048K)
 Metaspace       used 100275K, capacity 102709K, committed 102956K, reserved 1138688K
  class space    used 13130K, capacity 14105K, committed 14208K, reserved 1048576K
Heap Regions: E=young(eden), S=young(survivor), O=old, HS=humongous(starts), HC=humongous(continues), CS=collection set, F=free, A=archive, TAMS=top-at-mark-start (previous, next)
|   0|0x0000000080000000, 0x0000000080100000, 0x0000000080100000|100%| O|  |TAMS 0x0000000080100000, 0x0000000080000000| Untracked 
|   1|0x0000000080100000, 0x0000000080200000, 0x0000000080200000|100%| O|  |TAMS 0x0000000080200000, 0x0000000080100000| Untracked 
|   2|0x0000000080200000, 0x0000000080300000, 0x0000000080300000|100%| O|  |TAMS 0x0000000080300000, 0x0000000080200000| Untracked 
|   3|0x0000000080300000, 0x0000000080400000, 0x0000000080400000|100%|HS|  |TAMS 0x0000000080400000, 0x0000000080300000| Complete 
|   4|0x0000000080400000, 0x0000000080500000, 0x0000000080500000|100%|HC|  |TAMS 0x0000000080500000, 0x0000000080400000| Complete 
|   5|0x0000000080500000, 0x0000000080600000, 0x0000000080600000|100%|HC|  |TAMS 0x0000000080600000, 0x0000000080500000| Complete 
|   6|0x0000000080600000, 0x0000000080700000, 0x0000000080700000|100%| O|  |TAMS 0x0000000080700000, 0x0000000080600000| Untracked 
|   7|0x0000000080700000, 0x0000000080800000, 0x0000000080800000|100%| O|  |TAMS 0x0000000080800000, 0x0000000080700000| Untracked 
|   8|0x0000000080800000, 0x0000000080900000, 0x0000000080900000|100%| O|  |TAMS 0x0000000080900000, 0x0000000080800000| Complete 
|   9|0x0000000080900000, 0x0000000080a00000, 0x0000000080a00000|100%| O|  |TAMS 0x0000000080a00000, 0x0000000080900000| Untracked 
|  10|0x0000000080a00000, 0x0000000080b00000, 0x0000000080b00000|100%| O|  |TAMS 0x0000000080b00000, 0x0000000080a00000| Untracked 
|  11|0x0000000080b00000, 0x0000000080c00000, 0x0000000080c00000|100%| O|  |TAMS 0x0000000080c00000, 0x0000000080b00000| Untracked 
|  12|0x0000000080c00000, 0x0000000080d00000, 0x0000000080d00000|100%| O|  |TAMS 0x0000000080d00000, 0x0000000080c00000| Complete 
|  13|0x0000000080d00000, 0x0000000080e00000, 0x0000000080e00000|100%| O|  |TAMS 0x0000000080e00000, 0x0000000080d00000| Complete 
|  14|0x0000000080e00000, 0x0000000080f00000, 0x0000000080f00000|100%| O|  |TAMS 0x0000000080f00000, 0x0000000080e00000| Untracked 
|  15|0x0000000080f00000, 0x0000000081000000, 0x0000000081000000|100%| O|  |TAMS 0x0000000081000000, 0x0000000080f00000| Complete 
|  16|0x0000000081000000, 0x0000000081100000, 0x0000000081100000|100%|HS|  |TAMS 0x0000000081100000, 0x0000000081000000| Complete 
|  17|0x0000000081100000, 0x0000000081200000, 0x0000000081200000|100%| O|  |TAMS 0x0000000081200000, 0x0000000081100000| Untracked 
|  18|0x0000000081200000, 0x0000000081300000, 0x0000000081300000|100%| O|  |TAMS 0x0000000081300000, 0x0000000081200000| Untracked 
|  19|0x0000000081300000, 0x0000000081400000, 0x0000000081400000|100%| O|  |TAMS 0x0000000081400000, 0x0000000081300000| Untracked 
|  20|0x0000000081400000, 0x0000000081500000, 0x0000000081500000|100%| O|  |TAMS 0x0000000081500000, 0x0000000081400000| Untracked 
|  21|0x0000000081500000, 0x0000000081600000, 0x0000000081600000|100%| O|  |TAMS 0x0000000081600000, 0x0000000081500000| Untracked 
|  22|0x0000000081600000, 0x0000000081700000, 0x0000000081700000|100%| O|  |TAMS 0x0000000081700000, 0x0000000081600000| Complete 
|  23|0x0000000081700000, 0x0000000081800000, 0x0000000081800000|100%|HS|  |TAMS 0x0000000081800000, 0x0000000081700000| Complete 
|  24|0x0000000081800000, 0x0000000081900000, 0x0000000081900000|100%|HS|  |TAMS 0x0000000081900000, 0x0000000081800000| Complete 
|  25|0x0000000081900000, 0x0000000081a00000, 0x0000000081a00000|100%|HS|  |TAMS 0x0000000081a00000, 0x0000000081900000| Complete 
|  26|0x0000000081a00000, 0x0000000081b00000, 0x0000000081b00000|100%|HC|  |TAMS 0x0000000081b00000, 0x0000000081a00000| Complete 
|  27|0x0000000081b00000, 0x0000000081c00000, 0x0000000081c00000|100%|HC|  |TAMS 0x0000000081c00000, 0x0000000081b00000| Complete 
|  28|0x0000000081c00000, 0x0000000081d00000, 0x0000000081d00000|100%|HS|  |TAMS 0x0000000081d00000, 0x0000000081c00000| Complete 
|  29|0x0000000081d00000, 0x0000000081e00000, 0x0000000081e00000|100%|HC|  |TAMS 0x0000000081e00000, 0x0000000081d00000| Complete 
|  30|0x0000000081e00000, 0x0000000081f00000, 0x0000000081f00000|100%| O|  |TAMS 0x0000000081f00000, 0x0000000081e00000| Untracked 
|  31|0x0000000081f00000, 0x0000000082000000, 0x0000000082000000|100%| O|  |TAMS 0x0000000082000000, 0x0000000081f00000| Untracked 
|  32|0x0000000082000000, 0x0000000082100000, 0x0000000082100000|100%| O|  |TAMS 0x0000000082100000, 0x0000000082000000| Untracked 
|  33|0x0000000082100000, 0x0000000082200000, 0x0000000082200000|100%| O|  |TAMS 0x0000000082200000, 0x0000000082100000| Untracked 
|  34|0x0000000082200000, 0x0000000082300000, 0x0000000082300000|100%| O|  |TAMS 0x0000000082300000, 0x0000000082200000| Untracked 
|  35|0x0000000082300000, 0x0000000082400000, 0x0000000082400000|100%| O|  |TAMS 0x0000000082400000, 0x0000000082300000| Complete 
|  36|0x0000000082400000, 0x0000000082500000, 0x0000000082500000|100%| O|  |TAMS 0x0000000082500000, 0x0000000082400000| Untracked 
|  37|0x0000000082500000, 0x0000000082600000, 0x0000000082600000|100%| O|  |TAMS 0x0000000082600000, 0x0000000082500000| Untracked 
|  38|0x0000000082600000, 0x0000000082700000, 0x0000000082700000|100%| O|  |TAMS 0x0000000082700000, 0x0000000082600000| Untracked 
|  39|0x0000000082700000, 0x0000000082800000, 0x0000000082800000|100%| O|  |TAMS 0x0000000082800000, 0x0000000082700000| Untracked 
|  40|0x0000000082800000, 0x0000000082900000, 0x0000000082900000|100%| O|  |TAMS 0x0000000082900000, 0x0000000082800000| Untracked 
|  41|0x0000000082900000, 0x0000000082a00000, 0x0000000082a00000|100%| O|  |TAMS 0x0000000082a00000, 0x0000000082900000| Untracked 
|  42|0x0000000082a00000, 0x0000000082b00000, 0x0000000082b00000|100%| O|  |TAMS 0x0000000082b00000, 0x0000000082a00000| Untracked 
|  43|0x0000000082b00000, 0x0000000082c00000, 0x0000000082c00000|100%| O|  |TAMS 0x0000000082c00000, 0x0000000082b00000| Untracked 
|  44|0x0000000082c00000, 0x0000000082d00000, 0x0000000082d00000|100%| O|  |TAMS 0x0000000082d00000, 0x0000000082c00000| Untracked 
|  45|0x0000000082d00000, 0x0000000082e00000, 0x0000000082e00000|100%| O|  |TAMS 0x0000000082e00000, 0x0000000082d00000| Untracked 
|  46|0x0000000082e00000, 0x0000000082f00000, 0x0000000082f00000|100%| O|  |TAMS 0x0000000082f00000, 0x0000000082e00000| Untracked 
|  47|0x0000000082f00000, 0x0000000083000000, 0x0000000083000000|100%| O|  |TAMS 0x0000000083000000, 0x0000000082f00000| Complete 
|  48|0x0000000083000000, 0x0000000083100000, 0x0000000083100000|100%| O|  |TAMS 0x0000000083100000, 0x0000000083000000| Complete 
|  49|0x0000000083100000, 0x0000000083200000, 0x0000000083200000|100%| O|  |TAMS 0x0000000083200000, 0x0000000083100000| Untracked 
|  50|0x0000000083200000, 0x0000000083300000, 0x0000000083300000|100%| O|  |TAMS 0x0000000083300000, 0x0000000083200000| Complete 
|  51|0x0000000083300000, 0x0000000083400000, 0x0000000083400000|100%| O|  |TAMS 0x0000000083400000, 0x0000000083300000| Untracked 
|  52|0x0000000083400000, 0x0000000083500000, 0x0000000083500000|100%| O|  |TAMS 0x0000000083500000, 0x0000000083400000| Untracked 
|  53|0x0000000083500000, 0x0000000083600000, 0x0000000083600000|100%| O|  |TAMS 0x0000000083600000, 0x0000000083500000| Untracked 
|  54|0x0000000083600000, 0x0000000083700000, 0x0000000083700000|100%| O|  |TAMS 0x0000000083700000, 0x0000000083600000| Untracked 
|  55|0x0000000083700000, 0x0000000083800000, 0x0000000083800000|100%| O|  |TAMS 0x0000000083800000, 0x0000000083700000| Untracked 
|  56|0x0000000083800000, 0x0000000083900000, 0x0000000083900000|100%| O|  |TAMS 0x0000000083900000, 0x0000000083800000| Untracked 
|  57|0x0000000083900000, 0x0000000083a00000, 0x0000000083a00000|100%| O|  |TAMS 0x0000000083a00000, 0x0000000083900000| Untracked 
|  58|0x0000000083a00000, 0x0000000083b00000, 0x0000000083b00000|100%| O|  |TAMS 0x0000000083b00000, 0x0000000083a00000| Untracked 
|  59|0x0000000083b00000, 0x0000000083c00000, 0x0000000083c00000|100%| O|  |TAMS 0x0000000083c00000, 0x0000000083b00000| Untracked 
|  60|0x0000000083c00000, 0x0000000083d00000, 0x0000000083d00000|100%| O|  |TAMS 0x0000000083d00000, 0x0000000083c00000| Untracked 
|  61|0x0000000083d00000, 0x0000000083e00000, 0x0000000083e00000|100%| O|  |TAMS 0x0000000083e00000, 0x0000000083d00000| Untracked 
|  62|0x0000000083e00000, 0x0000000083f00000, 0x0000000083f00000|100%| O|  |TAMS 0x0000000083f00000, 0x0000000083e00000| Complete 
|  63|0x0000000083f00000, 0x0000000084000000, 0x0000000084000000|100%| O|  |TAMS 0x0000000084000000, 0x0000000083f00000| Untracked 
|  64|0x0000000084000000, 0x0000000084100000, 0x0000000084100000|100%| O|  |TAMS 0x0000000084100000, 0x0000000084000000| Untracked 
|  65|0x0000000084100000, 0x0000000084200000, 0x0000000084200000|100%| O|  |TAMS 0x0000000084200000, 0x0000000084100000| Untracked 
|  66|0x0000000084200000, 0x0000000084300000, 0x0000000084300000|100%| O|  |TAMS 0x0000000084300000, 0x0000000084200000| Untracked 
|  67|0x0000000084300000, 0x0000000084400000, 0x0000000084400000|100%| O|  |TAMS 0x0000000084400000, 0x0000000084300000| Complete 
|  68|0x0000000084400000, 0x0000000084500000, 0x0000000084500000|100%| O|  |TAMS 0x0000000084500000, 0x0000000084400000| Untracked 
|  69|0x0000000084500000, 0x0000000084600000, 0x0000000084600000|100%| O|  |TAMS 0x0000000084600000, 0x0000000084500000| Untracked 
|  70|0x0000000084600000, 0x0000000084700000, 0x0000000084700000|100%| O|  |TAMS 0x0000000084700000, 0x0000000084600000| Untracked 
|  71|0x0000000084700000, 0x0000000084800000, 0x0000000084800000|100%| O|  |TAMS 0x0000000084800000, 0x0000000084700000| Complete 
|  72|0x0000000084800000, 0x0000000084900000, 0x0000000084900000|100%| O|  |TAMS 0x0000000084900000, 0x0000000084800000| Complete 
|  73|0x0000000084900000, 0x0000000084a00000, 0x0000000084a00000|100%| O|  |TAMS 0x0000000084a00000, 0x0000000084900000| Untracked 
|  74|0x0000000084a00000, 0x0000000084b00000, 0x0000000084b00000|100%| O|  |TAMS 0x0000000084b00000, 0x0000000084a00000| Untracked 
|  75|0x0000000084b00000, 0x0000000084c00000, 0x0000000084c00000|100%| O|  |TAMS 0x0000000084c00000, 0x0000000084b00000| Untracked 
|  76|0x0000000084c00000, 0x0000000084d00000, 0x0000000084d00000|100%| O|  |TAMS 0x0000000084d00000, 0x0000000084c00000| Complete 
|  77|0x0000000084d00000, 0x0000000084e00000, 0x0000000084e00000|100%| O|  |TAMS 0x0000000084e00000, 0x0000000084d00000| Complete 
|  78|0x0000000084e00000, 0x0000000084f00000, 0x0000000084f00000|100%|HS|  |TAMS 0x0000000084f00000, 0x0000000084e00000| Complete 
|  79|0x0000000084f00000, 0x0000000085000000, 0x0000000085000000|100%|HC|  |TAMS 0x0000000085000000, 0x0000000084f00000| Complete 
|  80|0x0000000085000000, 0x0000000085100000, 0x0000000085100000|100%|HS|  |TAMS 0x0000000085100000, 0x0000000085000000| Complete 
|  81|0x0000000085100000, 0x0000000085200000, 0x0000000085200000|100%|HS|  |TAMS 0x0000000085200000, 0x0000000085100000| Complete 
|  82|0x0000000085200000, 0x0000000085300000, 0x0000000085300000|100%|HS|  |TAMS 0x0000000085300000, 0x0000000085200000| Complete 
|  83|0x0000000085300000, 0x0000000085400000, 0x0000000085400000|100%| O|  |TAMS 0x0000000085400000, 0x0000000085300000| Untracked 
|  84|0x0000000085400000, 0x0000000085500000, 0x0000000085500000|100%| O|  |TAMS 0x0000000085500000, 0x0000000085400000| Untracked 
|  85|0x0000000085500000, 0x0000000085600000, 0x0000000085600000|100%| O|  |TAMS 0x0000000085600000, 0x0000000085500000| Untracked 
|  86|0x0000000085600000, 0x0000000085700000, 0x0000000085700000|100%| O|  |TAMS 0x0000000085700000, 0x0000000085600000| Complete 
|  87|0x0000000085700000, 0x0000000085800000, 0x0000000085800000|100%|HS|  |TAMS 0x0000000085800000, 0x0000000085700000| Complete 
|  88|0x0000000085800000, 0x0000000085900000, 0x0000000085900000|100%|HC|  |TAMS 0x0000000085900000, 0x0000000085800000| Complete 
|  89|0x0000000085900000, 0x0000000085a00000, 0x0000000085a00000|100%|HS|  |TAMS 0x0000000085a00000, 0x0000000085900000| Complete 
|  90|0x0000000085a00000, 0x0000000085b00000, 0x0000000085b00000|100%|HC|  |TAMS 0x0000000085b00000, 0x0000000085a00000| Complete 
|  91|0x0000000085b00000, 0x0000000085c00000, 0x0000000085c00000|100%|HC|  |TAMS 0x0000000085c00000, 0x0000000085b00000| Complete 
|  92|0x0000000085c00000, 0x0000000085d00000, 0x0000000085d00000|100%| O|  |TAMS 0x0000000085d00000, 0x0000000085c00000| Untracked 
|  93|0x0000000085d00000, 0x0000000085e00000, 0x0000000085e00000|100%| O|  |TAMS 0x0000000085e00000, 0x0000000085d00000| Complete 
|  94|0x0000000085e00000, 0x0000000085f00000, 0x0000000085f00000|100%| O|  |TAMS 0x0000000085f00000, 0x0000000085e00000| Complete 
|  95|0x0000000085f00000, 0x0000000086000000, 0x0000000086000000|100%|HS|  |TAMS 0x0000000086000000, 0x0000000085f00000| Complete 
|  96|0x0000000086000000, 0x0000000086100000, 0x0000000086100000|100%|HS|  |TAMS 0x0000000086100000, 0x0000000086000000| Complete 
|  97|0x0000000086100000, 0x0000000086200000, 0x0000000086200000|100%| O|  |TAMS 0x0000000086200000, 0x0000000086100000| Untracked 
|  98|0x0000000086200000, 0x0000000086300000, 0x0000000086300000|100%| O|  |TAMS 0x0000000086300000, 0x0000000086200000| Complete 
|  99|0x0000000086300000, 0x0000000086400000, 0x0000000086400000|100%| O|  |TAMS 0x0000000086400000, 0x0000000086300000| Complete 
| 100|0x0000000086400000, 0x0000000086500000, 0x0000000086500000|100%| O|  |TAMS 0x0000000086500000, 0x0000000086400000| Untracked 
| 101|0x0000000086500000, 0x0000000086600000, 0x0000000086600000|100%| O|  |TAMS 0x0000000086600000, 0x0000000086500000| Complete 
| 102|0x0000000086600000, 0x0000000086700000, 0x0000000086700000|100%| O|  |TAMS 0x0000000086700000, 0x0000000086600000| Untracked 
| 103|0x0000000086700000, 0x0000000086800000, 0x0000000086800000|100%| O|  |TAMS 0x0000000086800000, 0x0000000086700000| Untracked 
| 104|0x0000000086800000, 0x0000000086900000, 0x0000000086900000|100%| O|  |TAMS 0x0000000086900000, 0x0000000086800000| Untracked 
| 105|0x0000000086900000, 0x0000000086a00000, 0x0000000086a00000|100%| O|  |TAMS 0x0000000086a00000, 0x0000000086900000| Untracked 
| 106|0x0000000086a00000, 0x0000000086b00000, 0x0000000086b00000|100%| O|  |TAMS 0x0000000086b00000, 0x0000000086a00000| Untracked 
| 107|0x0000000086b00000, 0x0000000086c00000, 0x0000000086c00000|100%| O|  |TAMS 0x0000000086c00000, 0x0000000086b00000| Untracked 
| 108|0x0000000086c00000, 0x0000000086d00000, 0x0000000086d00000|100%| O|  |TAMS 0x0000000086d00000, 0x0000000086c00000| Untracked 
| 109|0x0000000086d00000, 0x0000000086e00000, 0x0000000086e00000|100%| O|  |TAMS 0x0000000086e00000, 0x0000000086d00000| Untracked 
| 110|0x0000000086e00000, 0x0000000086f00000, 0x0000000086f00000|100%| O|  |TAMS 0x0000000086f00000, 0x0000000086e00000| Untracked 
| 111|0x0000000086f00000, 0x0000000087000000, 0x0000000087000000|100%| O|  |TAMS 0x0000000087000000, 0x0000000086f00000| Complete 
| 112|0x0000000087000000, 0x0000000087100000, 0x0000000087100000|100%| O|  |TAMS 0x0000000087100000, 0x0000000087000000| Complete 
| 113|0x0000000087100000, 0x0000000087200000, 0x0000000087200000|100%| O|  |TAMS 0x0000000087200000, 0x0000000087100000| Untracked 
| 114|0x0000000087200000, 0x0000000087300000, 0x0000000087300000|100%| O|  |TAMS 0x0000000087300000, 0x0000000087200000| Untracked 
| 115|0x0000000087300000, 0x0000000087400000, 0x0000000087400000|100%| O|  |TAMS 0x0000000087400000, 0x0000000087300000| Complete 
| 116|0x0000000087400000, 0x0000000087500000, 0x0000000087500000|100%| O|  |TAMS 0x0000000087500000, 0x0000000087400000| Complete 
| 117|0x0000000087500000, 0x0000000087600000, 0x0000000087600000|100%| O|  |TAMS 0x0000000087600000, 0x0000000087500000| Complete 
| 118|0x0000000087600000, 0x0000000087700000, 0x0000000087700000|100%| O|  |TAMS 0x000000008765b200, 0x0000000087600000| Untracked 
| 119|0x0000000087700000, 0x0000000087800000, 0x0000000087800000|100%|HS|  |TAMS 0x0000000087700000, 0x0000000087700000| Complete 
| 120|0x0000000087800000, 0x0000000087900000, 0x0000000087900000|100%| O|  |TAMS 0x0000000087900000, 0x0000000087800000| Untracked 
| 121|0x0000000087900000, 0x0000000087a00000, 0x0000000087a00000|100%| O|  |TAMS 0x0000000087a00000, 0x0000000087900000| Complete 
| 122|0x0000000087a00000, 0x0000000087b00000, 0x0000000087b00000|100%| O|  |TAMS 0x0000000087b00000, 0x0000000087a00000| Untracked 
| 123|0x0000000087b00000, 0x0000000087c00000, 0x0000000087c00000|100%| O|  |TAMS 0x0000000087c00000, 0x0000000087b00000| Untracked 
| 124|0x0000000087c00000, 0x0000000087d00000, 0x0000000087d00000|100%| O|  |TAMS 0x0000000087d00000, 0x0000000087c00000| Untracked 
| 125|0x0000000087d00000, 0x0000000087e00000, 0x0000000087e00000|100%| O|  |TAMS 0x0000000087e00000, 0x0000000087d00000| Untracked 
| 126|0x0000000087e00000, 0x0000000087f00000, 0x0000000087f00000|100%| O|  |TAMS 0x0000000087f00000, 0x0000000087e00000| Untracked 
| 127|0x0000000087f00000, 0x0000000088000000, 0x0000000088000000|100%|HS|  |TAMS 0x0000000087f00000, 0x0000000087f00000| Complete 
| 128|0x0000000088000000, 0x0000000088100000, 0x0000000088100000|100%| O|  |TAMS 0x0000000088100000, 0x0000000088000000| Untracked 
| 129|0x0000000088100000, 0x0000000088200000, 0x0000000088200000|100%| O|  |TAMS 0x0000000088200000, 0x0000000088100000| Untracked 
| 130|0x0000000088200000, 0x0000000088300000, 0x0000000088300000|100%| O|  |TAMS 0x0000000088300000, 0x0000000088200000| Untracked 
| 131|0x0000000088300000, 0x0000000088400000, 0x0000000088400000|100%| O|  |TAMS 0x0000000088400000, 0x0000000088300000| Untracked 
| 132|0x0000000088400000, 0x0000000088500000, 0x0000000088500000|100%| O|  |TAMS 0x0000000088500000, 0x0000000088400000| Complete 
| 133|0x0000000088500000, 0x0000000088600000, 0x0000000088600000|100%| O|  |TAMS 0x0000000088600000, 0x0000000088500000| Complete 
| 134|0x0000000088600000, 0x0000000088700000, 0x0000000088700000|100%| O|  |TAMS 0x0000000088700000, 0x0000000088600000| Untracked 
| 135|0x0000000088700000, 0x0000000088800000, 0x0000000088800000|100%| O|  |TAMS 0x0000000088800000, 0x0000000088700000| Complete 
| 136|0x0000000088800000, 0x0000000088900000, 0x0000000088900000|100%| O|  |TAMS 0x0000000088900000, 0x0000000088800000| Complete 
| 137|0x0000000088900000, 0x0000000088a00000, 0x0000000088a00000|100%| O|  |TAMS 0x0000000088a00000, 0x0000000088900000| Untracked 
| 138|0x0000000088a00000, 0x0000000088b00000, 0x0000000088b00000|100%| O|  |TAMS 0x0000000088b00000, 0x0000000088a00000| Untracked 
| 139|0x0000000088b00000, 0x0000000088c00000, 0x0000000088c00000|100%| O|  |TAMS 0x0000000088c00000, 0x0000000088b00000| Untracked 
| 140|0x0000000088c00000, 0x0000000088d00000, 0x0000000088d00000|100%| O|  |TAMS 0x0000000088d00000, 0x0000000088c00000| Untracked 
| 141|0x0000000088d00000, 0x0000000088e00000, 0x0000000088e00000|100%| O|  |TAMS 0x0000000088e00000, 0x0000000088d00000| Untracked 
| 142|0x0000000088e00000, 0x0000000088f00000, 0x0000000088f00000|100%| O|  |TAMS 0x0000000088f00000, 0x0000000088e00000| Complete 
| 143|0x0000000088f00000, 0x0000000089000000, 0x0000000089000000|100%| O|  |TAMS 0x0000000089000000, 0x0000000088f00000| Complete 
| 144|0x0000000089000000, 0x0000000089100000, 0x0000000089100000|100%| O|  |TAMS 0x0000000089100000, 0x0000000089000000| Complete 
| 145|0x0000000089100000, 0x0000000089200000, 0x0000000089200000|100%| O|  |TAMS 0x0000000089200000, 0x0000000089100000| Complete 
| 146|0x0000000089200000, 0x0000000089300000, 0x0000000089300000|100%| O|  |TAMS 0x0000000089300000, 0x0000000089200000| Untracked 
| 147|0x0000000089300000, 0x0000000089400000, 0x0000000089400000|100%| O|  |TAMS 0x0000000089400000, 0x0000000089300000| Untracked 
| 148|0x0000000089400000, 0x0000000089500000, 0x0000000089500000|100%| O|  |TAMS 0x0000000089500000, 0x0000000089400000| Complete 
| 149|0x0000000089500000, 0x0000000089600000, 0x0000000089600000|100%| O|  |TAMS 0x0000000089600000, 0x0000000089500000| Untracked 
| 150|0x0000000089600000, 0x0000000089700000, 0x0000000089700000|100%| O|  |TAMS 0x0000000089700000, 0x0000000089600000| Complete 
| 151|0x0000000089700000, 0x0000000089800000, 0x0000000089800000|100%| O|  |TAMS 0x0000000089800000, 0x0000000089700000| Untracked 
| 152|0x0000000089800000, 0x0000000089900000, 0x0000000089900000|100%| O|  |TAMS 0x0000000089900000, 0x0000000089800000| Complete 
| 153|0x0000000089900000, 0x0000000089a00000, 0x0000000089a00000|100%| O|  |TAMS 0x0000000089a00000, 0x0000000089900000| Untracked 
| 154|0x0000000089a00000, 0x0000000089b00000, 0x0000000089b00000|100%| O|  |TAMS 0x0000000089b00000, 0x0000000089a00000| Untracked 
| 155|0x0000000089b00000, 0x0000000089c00000, 0x0000000089c00000|100%| O|  |TAMS 0x0000000089c00000, 0x0000000089b00000| Untracked 
| 156|0x0000000089c00000, 0x0000000089d00000, 0x0000000089d00000|100%| O|  |TAMS 0x0000000089d00000, 0x0000000089c00000| Complete 
| 157|0x0000000089d00000, 0x0000000089e00000, 0x0000000089e00000|100%| O|  |TAMS 0x0000000089e00000, 0x0000000089d00000| Untracked 
| 158|0x0000000089e00000, 0x0000000089f00000, 0x0000000089f00000|100%| O|  |TAMS 0x0000000089f00000, 0x0000000089e00000| Untracked 
| 159|0x0000000089f00000, 0x000000008a000000, 0x000000008a000000|100%| O|  |TAMS 0x000000008a000000, 0x0000000089f00000| Complete 
| 160|0x000000008a000000, 0x000000008a100000, 0x000000008a100000|100%| O|  |TAMS 0x000000008a100000, 0x000000008a000000| Complete 
| 161|0x000000008a100000, 0x000000008a200000, 0x000000008a200000|100%| O|  |TAMS 0x000000008a200000, 0x000000008a100000| Complete 
| 162|0x000000008a200000, 0x000000008a300000, 0x000000008a300000|100%| O|  |TAMS 0x000000008a300000, 0x000000008a200000| Complete 
| 163|0x000000008a300000, 0x000000008a400000, 0x000000008a400000|100%| O|  |TAMS 0x000000008a400000, 0x000000008a300000| Untracked 
| 164|0x000000008a400000, 0x000000008a500000, 0x000000008a500000|100%| O|  |TAMS 0x000000008a500000, 0x000000008a400000| Complete 
| 165|0x000000008a500000, 0x000000008a600000, 0x000000008a600000|100%| O|  |TAMS 0x000000008a600000, 0x000000008a500000| Untracked 
| 166|0x000000008a600000, 0x000000008a700000, 0x000000008a700000|100%| O|  |TAMS 0x000000008a700000, 0x000000008a600000| Untracked 
| 167|0x000000008a700000, 0x000000008a800000, 0x000000008a800000|100%| O|  |TAMS 0x000000008a800000, 0x000000008a700000| Complete 
| 168|0x000000008a800000, 0x000000008a900000, 0x000000008a900000|100%| O|  |TAMS 0x000000008a900000, 0x000000008a800000| Untracked 
| 169|0x000000008a900000, 0x000000008aa00000, 0x000000008aa00000|100%| O|  |TAMS 0x000000008aa00000, 0x000000008a900000| Untracked 
| 170|0x000000008aa00000, 0x000000008ab00000, 0x000000008ab00000|100%| O|  |TAMS 0x000000008ab00000, 0x000000008aa00000| Complete 
| 171|0x000000008ab00000, 0x000000008ac00000, 0x000000008ac00000|100%| O|  |TAMS 0x000000008ac00000, 0x000000008ab00000| Complete 
| 172|0x000000008ac00000, 0x000000008ad00000, 0x000000008ad00000|100%| O|  |TAMS 0x000000008ad00000, 0x000000008ac00000| Complete 
| 173|0x000000008ad00000, 0x000000008ae00000, 0x000000008ae00000|100%| O|  |TAMS 0x000000008ae00000, 0x000000008ad00000| Untracked 
| 174|0x000000008ae00000, 0x000000008af00000, 0x000000008af00000|100%| O|  |TAMS 0x000000008af00000, 0x000000008ae00000| Untracked 
| 175|0x000000008af00000, 0x000000008b000000, 0x000000008b000000|100%| O|  |TAMS 0x000000008b000000, 0x000000008af00000| Complete 
| 176|0x000000008b000000, 0x000000008b100000, 0x000000008b100000|100%| O|  |TAMS 0x000000008b100000, 0x000000008b000000| Complete 
| 177|0x000000008b100000, 0x000000008b200000, 0x000000008b200000|100%|HS|  |TAMS 0x000000008b100000, 0x000000008b100000| Complete 
| 178|0x000000008b200000, 0x000000008b300000, 0x000000008b300000|100%|HC|  |TAMS 0x000000008b200000, 0x000000008b200000| Complete 
| 179|0x000000008b300000, 0x000000008b400000, 0x000000008b400000|100%|HS|  |TAMS 0x000000008b300000, 0x000000008b300000| Complete 
| 180|0x000000008b400000, 0x000000008b500000, 0x000000008b500000|100%|HC|  |TAMS 0x000000008b400000, 0x000000008b400000| Complete 
| 181|0x000000008b500000, 0x000000008b600000, 0x000000008b600000|100%| O|  |TAMS 0x000000008b500000, 0x000000008b500000| Untracked 
| 182|0x000000008b600000, 0x000000008b700000, 0x000000008b700000|100%| O|  |TAMS 0x000000008b600000, 0x000000008b600000| Untracked 
| 183|0x000000008b700000, 0x000000008b7845d0, 0x000000008b800000| 51%| O|  |TAMS 0x000000008b700000, 0x000000008b700000| Untracked 
| 184|0x000000008b800000, 0x000000008b800000, 0x000000008b900000|  0%| F|  |TAMS 0x000000008b800000, 0x000000008b800000| Untracked 
| 185|0x000000008b900000, 0x000000008ba00000, 0x000000008ba00000|100%| O|  |TAMS 0x000000008ba00000, 0x000000008b900000| Complete 
| 186|0x000000008ba00000, 0x000000008ba00000, 0x000000008bb00000|  0%| F|  |TAMS 0x000000008ba00000, 0x000000008ba00000| Untracked 
| 187|0x000000008bb00000, 0x000000008bb00000, 0x000000008bc00000|  0%| F|  |TAMS 0x000000008bb00000, 0x000000008bb00000| Untracked 
| 188|0x000000008bc00000, 0x000000008bd00000, 0x000000008bd00000|100%| O|  |TAMS 0x000000008bd00000, 0x000000008bc00000| Complete 
| 189|0x000000008bd00000, 0x000000008be00000, 0x000000008be00000|100%| O|  |TAMS 0x000000008be00000, 0x000000008bd00000| Untracked 
| 190|0x000000008be00000, 0x000000008bf00000, 0x000000008bf00000|100%| O|  |TAMS 0x000000008bf00000, 0x000000008be00000| Complete 
| 191|0x000000008bf00000, 0x000000008bf00000, 0x000000008c000000|  0%| F|  |TAMS 0x000000008bf00000, 0x000000008bf00000| Untracked 
| 192|0x000000008c000000, 0x000000008c000000, 0x000000008c100000|  0%| F|  |TAMS 0x000000008c000000, 0x000000008c000000| Untracked 
| 193|0x000000008c100000, 0x000000008c100000, 0x000000008c200000|  0%| F|  |TAMS 0x000000008c100000, 0x000000008c100000| Untracked 
| 194|0x000000008c200000, 0x000000008c200000, 0x000000008c300000|  0%| F|  |TAMS 0x000000008c200000, 0x000000008c200000| Untracked 
| 195|0x000000008c300000, 0x000000008c300000, 0x000000008c400000|  0%| F|  |TAMS 0x000000008c300000, 0x000000008c300000| Untracked 
| 196|0x000000008c400000, 0x000000008c400000, 0x000000008c500000|  0%| F|  |TAMS 0x000000008c400000, 0x000000008c400000| Untracked 
| 197|0x000000008c500000, 0x000000008c500000, 0x000000008c600000|  0%| F|  |TAMS 0x000000008c500000, 0x000000008c500000| Untracked 
| 198|0x000000008c600000, 0x000000008c600000, 0x000000008c700000|  0%| F|  |TAMS 0x000000008c600000, 0x000000008c600000| Untracked 
| 199|0x000000008c700000, 0x000000008c700000, 0x000000008c800000|  0%| F|  |TAMS 0x000000008c700000, 0x000000008c700000| Untracked 
| 200|0x000000008c800000, 0x000000008c800000, 0x000000008c900000|  0%| F|  |TAMS 0x000000008c800000, 0x000000008c800000| Untracked 
| 201|0x000000008c900000, 0x000000008c900000, 0x000000008ca00000|  0%| F|  |TAMS 0x000000008c900000, 0x000000008c900000| Untracked 
| 202|0x000000008ca00000, 0x000000008ca00000, 0x000000008cb00000|  0%| F|  |TAMS 0x000000008ca00000, 0x000000008ca00000| Untracked 
| 203|0x000000008cb00000, 0x000000008cb00000, 0x000000008cc00000|  0%| F|  |TAMS 0x000000008cb00000, 0x000000008cb00000| Untracked 
| 204|0x000000008cc00000, 0x000000008cc00000, 0x000000008cd00000|  0%| F|  |TAMS 0x000000008cc00000, 0x000000008cc00000| Untracked 
| 205|0x000000008cd00000, 0x000000008cd00000, 0x000000008ce00000|  0%| F|  |TAMS 0x000000008cd00000, 0x000000008cd00000| Untracked 
| 206|0x000000008ce00000, 0x000000008ce00000, 0x000000008cf00000|  0%| F|  |TAMS 0x000000008ce00000, 0x000000008ce00000| Untracked 
| 207|0x000000008cf00000, 0x000000008cf00000, 0x000000008d000000|  0%| F|  |TAMS 0x000000008cf00000, 0x000000008cf00000| Untracked 
| 208|0x000000008d000000, 0x000000008d000000, 0x000000008d100000|  0%| F|  |TAMS 0x000000008d000000, 0x000000008d000000| Untracked 
| 209|0x000000008d100000, 0x000000008d100000, 0x000000008d200000|  0%| F|  |TAMS 0x000000008d100000, 0x000000008d100000| Untracked 
| 210|0x000000008d200000, 0x000000008d200000, 0x000000008d300000|  0%| F|  |TAMS 0x000000008d200000, 0x000000008d200000| Untracked 
| 211|0x000000008d300000, 0x000000008d300000, 0x000000008d400000|  0%| F|  |TAMS 0x000000008d300000, 0x000000008d300000| Untracked 
| 212|0x000000008d400000, 0x000000008d400000, 0x000000008d500000|  0%| F|  |TAMS 0x000000008d400000, 0x000000008d400000| Untracked 
| 213|0x000000008d500000, 0x000000008d500000, 0x000000008d600000|  0%| F|  |TAMS 0x000000008d500000, 0x000000008d500000| Untracked 
| 214|0x000000008d600000, 0x000000008d600000, 0x000000008d700000|  0%| F|  |TAMS 0x000000008d600000, 0x000000008d600000| Untracked 
| 215|0x000000008d700000, 0x000000008d700000, 0x000000008d800000|  0%| F|  |TAMS 0x000000008d700000, 0x000000008d700000| Untracked 
| 216|0x000000008d800000, 0x000000008d800000, 0x000000008d900000|  0%| F|  |TAMS 0x000000008d800000, 0x000000008d800000| Untracked 
| 217|0x000000008d900000, 0x000000008d900000, 0x000000008da00000|  0%| F|  |TAMS 0x000000008d900000, 0x000000008d900000| Untracked 
| 218|0x000000008da00000, 0x000000008da00000, 0x000000008db00000|  0%| F|  |TAMS 0x000000008da00000, 0x000000008da00000| Untracked 
| 219|0x000000008db00000, 0x000000008db00000, 0x000000008dc00000|  0%| F|  |TAMS 0x000000008db00000, 0x000000008db00000| Untracked 
| 220|0x000000008dc00000, 0x000000008dc00000, 0x000000008dd00000|  0%| F|  |TAMS 0x000000008dc00000, 0x000000008dc00000| Untracked 
| 221|0x000000008dd00000, 0x000000008dd00000, 0x000000008de00000|  0%| F|  |TAMS 0x000000008dd00000, 0x000000008dd00000| Untracked 
| 222|0x000000008de00000, 0x000000008de00000, 0x000000008df00000|  0%| F|  |TAMS 0x000000008de00000, 0x000000008de00000| Untracked 
| 223|0x000000008df00000, 0x000000008df00000, 0x000000008e000000|  0%| F|  |TAMS 0x000000008df00000, 0x000000008df00000| Untracked 
| 224|0x000000008e000000, 0x000000008e000000, 0x000000008e100000|  0%| F|  |TAMS 0x000000008e000000, 0x000000008e000000| Untracked 
| 225|0x000000008e100000, 0x000000008e100000, 0x000000008e200000|  0%| F|  |TAMS 0x000000008e100000, 0x000000008e100000| Untracked 
| 226|0x000000008e200000, 0x000000008e200000, 0x000000008e300000|  0%| F|  |TAMS 0x000000008e200000, 0x000000008e200000| Untracked 
| 227|0x000000008e300000, 0x000000008e300000, 0x000000008e400000|  0%| F|  |TAMS 0x000000008e300000, 0x000000008e300000| Untracked 
| 228|0x000000008e400000, 0x000000008e400000, 0x000000008e500000|  0%| F|  |TAMS 0x000000008e400000, 0x000000008e400000| Untracked 
| 229|0x000000008e500000, 0x000000008e500000, 0x000000008e600000|  0%| F|  |TAMS 0x000000008e500000, 0x000000008e500000| Untracked 
| 230|0x000000008e600000, 0x000000008e600000, 0x000000008e700000|  0%| F|  |TAMS 0x000000008e600000, 0x000000008e600000| Untracked 
| 231|0x000000008e700000, 0x000000008e700000, 0x000000008e800000|  0%| F|  |TAMS 0x000000008e700000, 0x000000008e700000| Untracked 
| 232|0x000000008e800000, 0x000000008e800000, 0x000000008e900000|  0%| F|  |TAMS 0x000000008e800000, 0x000000008e800000| Untracked 
| 233|0x000000008e900000, 0x000000008e900000, 0x000000008ea00000|  0%| F|  |TAMS 0x000000008e900000, 0x000000008e900000| Untracked 
| 234|0x000000008ea00000, 0x000000008ea00000, 0x000000008eb00000|  0%| F|  |TAMS 0x000000008ea00000, 0x000000008ea00000| Untracked 
| 235|0x000000008eb00000, 0x000000008eb00000, 0x000000008ec00000|  0%| F|  |TAMS 0x000000008eb00000, 0x000000008eb00000| Untracked 
| 236|0x000000008ec00000, 0x000000008ec00000, 0x000000008ed00000|  0%| F|  |TAMS 0x000000008ec00000, 0x000000008ec00000| Untracked 
| 237|0x000000008ed00000, 0x000000008ed00000, 0x000000008ee00000|  0%| F|  |TAMS 0x000000008ed00000, 0x000000008ed00000| Untracked 
| 238|0x000000008ee00000, 0x000000008ee00000, 0x000000008ef00000|  0%| F|  |TAMS 0x000000008ee00000, 0x000000008ee00000| Untracked 
| 239|0x000000008ef00000, 0x000000008ef00000, 0x000000008f000000|  0%| F|  |TAMS 0x000000008ef00000, 0x000000008ef00000| Untracked 
| 240|0x000000008f000000, 0x000000008f000000, 0x000000008f100000|  0%| F|  |TAMS 0x000000008f000000, 0x000000008f000000| Untracked 
| 241|0x000000008f100000, 0x000000008f1e2730, 0x000000008f200000| 88%| S|  |TAMS 0x000000008f100000, 0x000000008f100000| Complete 
| 242|0x000000008f200000, 0x000000008f300000, 0x000000008f300000|100%| S|  |TAMS 0x000000008f200000, 0x000000008f200000| Complete 
| 243|0x000000008f300000, 0x000000008f400000, 0x000000008f400000|100%| E|CS|TAMS 0x000000008f300000, 0x000000008f300000| Complete 
| 244|0x000000008f400000, 0x000000008f500000, 0x000000008f500000|100%| E|CS|TAMS 0x000000008f400000, 0x000000008f400000| Complete 
| 245|0x000000008f500000, 0x000000008f600000, 0x000000008f600000|100%| E|CS|TAMS 0x000000008f500000, 0x000000008f500000| Complete 
| 246|0x000000008f600000, 0x000000008f700000, 0x000000008f700000|100%| E|CS|TAMS 0x000000008f600000, 0x000000008f600000| Complete 
| 247|0x000000008f700000, 0x000000008f800000, 0x000000008f800000|100%| E|CS|TAMS 0x000000008f700000, 0x000000008f700000| Complete 
| 248|0x000000008f800000, 0x000000008f900000, 0x000000008f900000|100%| E|CS|TAMS 0x000000008f800000, 0x000000008f800000| Complete 
| 249|0x000000008f900000, 0x000000008fa00000, 0x000000008fa00000|100%| E|CS|TAMS 0x000000008f900000, 0x000000008f900000| Complete 
| 250|0x000000008fa00000, 0x000000008fb00000, 0x000000008fb00000|100%| E|CS|TAMS 0x000000008fa00000, 0x000000008fa00000| Complete 
| 251|0x000000008fb00000, 0x000000008fc00000, 0x000000008fc00000|100%| E|CS|TAMS 0x000000008fb00000, 0x000000008fb00000| Complete 
| 252|0x000000008fc00000, 0x000000008fd00000, 0x000000008fd00000|100%| E|CS|TAMS 0x000000008fc00000, 0x000000008fc00000| Complete 
| 253|0x000000008fd00000, 0x000000008fe00000, 0x000000008fe00000|100%| E|CS|TAMS 0x000000008fd00000, 0x000000008fd00000| Complete 
| 254|0x000000008fe00000, 0x000000008ff00000, 0x000000008ff00000|100%| E|CS|TAMS 0x000000008fe00000, 0x000000008fe00000| Complete 
| 255|0x000000008ff00000, 0x0000000090000000, 0x0000000090000000|100%| E|CS|TAMS 0x000000008ff00000, 0x000000008ff00000| Complete 
| 256|0x0000000090000000, 0x0000000090100000, 0x0000000090100000|100%| E|CS|TAMS 0x0000000090000000, 0x0000000090000000| Complete 
| 257|0x0000000090100000, 0x0000000090200000, 0x0000000090200000|100%| E|CS|TAMS 0x0000000090100000, 0x0000000090100000| Complete 
| 258|0x0000000090200000, 0x0000000090300000, 0x0000000090300000|100%| E|CS|TAMS 0x0000000090200000, 0x0000000090200000| Complete 
| 259|0x0000000090300000, 0x0000000090400000, 0x0000000090400000|100%| E|CS|TAMS 0x0000000090300000, 0x0000000090300000| Complete 
| 260|0x0000000090400000, 0x0000000090500000, 0x0000000090500000|100%| E|CS|TAMS 0x0000000090400000, 0x0000000090400000| Complete 
| 261|0x0000000090500000, 0x0000000090600000, 0x0000000090600000|100%| E|CS|TAMS 0x0000000090500000, 0x0000000090500000| Complete 
| 262|0x0000000090600000, 0x0000000090700000, 0x0000000090700000|100%| E|CS|TAMS 0x0000000090600000, 0x0000000090600000| Complete 
| 263|0x0000000090700000, 0x0000000090800000, 0x0000000090800000|100%| E|CS|TAMS 0x0000000090700000, 0x0000000090700000| Complete 
| 264|0x0000000090800000, 0x0000000090900000, 0x0000000090900000|100%| E|CS|TAMS 0x0000000090800000, 0x0000000090800000| Complete 
| 265|0x0000000090900000, 0x0000000090a00000, 0x0000000090a00000|100%| E|CS|TAMS 0x0000000090900000, 0x0000000090900000| Complete 
| 266|0x0000000090a00000, 0x0000000090b00000, 0x0000000090b00000|100%| E|CS|TAMS 0x0000000090a00000, 0x0000000090a00000| Complete 
| 267|0x0000000090b00000, 0x0000000090c00000, 0x0000000090c00000|100%| E|CS|TAMS 0x0000000090b00000, 0x0000000090b00000| Complete 
| 268|0x0000000090c00000, 0x0000000090d00000, 0x0000000090d00000|100%| E|CS|TAMS 0x0000000090c00000, 0x0000000090c00000| Complete 
| 269|0x0000000090d00000, 0x0000000090e00000, 0x0000000090e00000|100%| E|CS|TAMS 0x0000000090d00000, 0x0000000090d00000| Complete 
| 270|0x0000000090e00000, 0x0000000090f00000, 0x0000000090f00000|100%| E|CS|TAMS 0x0000000090e00000, 0x0000000090e00000| Complete 
| 271|0x0000000090f00000, 0x0000000091000000, 0x0000000091000000|100%| E|CS|TAMS 0x0000000090f00000, 0x0000000090f00000| Complete 
| 272|0x0000000091000000, 0x0000000091100000, 0x0000000091100000|100%| E|CS|TAMS 0x0000000091000000, 0x0000000091000000| Complete 
| 273|0x0000000091100000, 0x0000000091200000, 0x0000000091200000|100%| E|CS|TAMS 0x0000000091100000, 0x0000000091100000| Complete 
| 274|0x0000000091200000, 0x0000000091300000, 0x0000000091300000|100%| E|CS|TAMS 0x0000000091200000, 0x0000000091200000| Complete 
| 275|0x0000000091300000, 0x0000000091400000, 0x0000000091400000|100%| E|CS|TAMS 0x0000000091300000, 0x0000000091300000| Complete 
| 276|0x0000000091400000, 0x0000000091500000, 0x0000000091500000|100%| E|CS|TAMS 0x0000000091400000, 0x0000000091400000| Complete 
| 277|0x0000000091500000, 0x0000000091600000, 0x0000000091600000|100%| E|CS|TAMS 0x0000000091500000, 0x0000000091500000| Complete 
| 278|0x0000000091600000, 0x0000000091700000, 0x0000000091700000|100%| E|CS|TAMS 0x0000000091600000, 0x0000000091600000| Complete 

Card table byte_map: [0x0000023d72430000,0x0000023d72830000] _byte_map_base: 0x0000023d72030000

Marking Bits (Prev, Next): (CMBitMap*) 0x0000023d6e5616e8, (CMBitMap*) 0x0000023d6e561720
 Prev Bits: [0x0000023d72c30000, 0x0000023d74c30000)
 Next Bits: [0x0000023d74c30000, 0x0000023d76c30000)

Polling page: 0x0000023d6c4e0000

Metaspace:

Usage:
  Non-class:     86.53 MB capacity,    85.10 MB ( 98%) used,     1.13 MB (  1%) free+waste,   305.38 KB ( <1%) overhead. 
      Class:     13.77 MB capacity,    12.82 MB ( 93%) used,   838.33 KB (  6%) free+waste,   135.75 KB ( <1%) overhead. 
       Both:    100.30 MB capacity,    97.93 MB ( 98%) used,     1.95 MB (  2%) free+waste,   441.13 KB ( <1%) overhead. 

Virtual space:
  Non-class space:       88.00 MB reserved,      86.67 MB ( 98%) committed 
      Class space:        1.00 GB reserved,      13.88 MB (  1%) committed 
             Both:        1.09 GB reserved,     100.54 MB (  9%) committed 

Chunk freelists:
   Non-Class:  16.00 KB
       Class:  7.00 KB
        Both:  23.00 KB

MaxMetaspaceSize: 17179869184.00 GB
CompressedClassSpaceSize: 1.00 GB
Initial GC threshold: 20.80 MB
Current GC threshold: 167.57 MB
CDS: off

CodeHeap 'non-profiled nmethods': size=120064Kb used=8953Kb max_used=8953Kb free=111111Kb
 bounds [0x0000023d07ac0000, 0x0000023d08380000, 0x0000023d0f000000]
CodeHeap 'profiled nmethods': size=120000Kb used=27677Kb max_used=27677Kb free=92322Kb
 bounds [0x0000023d00590000, 0x0000023d020a0000, 0x0000023d07ac0000]
CodeHeap 'non-nmethods': size=5696Kb used=2405Kb max_used=2466Kb free=3290Kb
 bounds [0x0000023d00000000, 0x0000023d00270000, 0x0000023d00590000]
 total_blobs=13740 nmethods=12818 adapters=834
 compilation: enabled
              stopped_count=0, restarted_count=0
 full_count=0

Compilation events (20 events):
Event: 23.673 Thread 0x0000023d7914c800 12926       2       com.android.tools.r8.code.t2::a (1 bytes)
Event: 23.673 Thread 0x0000023d7914c800 nmethod 12926 0x0000023d02095a90 code [0x0000023d02095c40, 0x0000023d02095d38]
Event: 23.706 Thread 0x0000023d7914c800 12929       2       com.android.tools.r8.code.G2::a (1 bytes)
Event: 23.706 Thread 0x0000023d7914c800 nmethod 12929 0x0000023d02095e10 code [0x0000023d02095fc0, 0x0000023d020960b8]
Event: 23.721 Thread 0x0000023d7914d000 nmethod 12915 0x0000023d0837a610 code [0x0000023d0837a920, 0x0000023d0837caa0]
Event: 23.721 Thread 0x0000023d7914d000 12921       4       com.android.tools.r8.internal.aZ$$Lambda$1358/0x0000000100dbb840::apply (15 bytes)
Event: 23.722 Thread 0x0000023d7914d000 nmethod 12921 0x0000023d0837e010 code [0x0000023d0837e1c0, 0x0000023d0837e2c8]
Event: 23.722 Thread 0x0000023d7914d000 12916       4       com.android.tools.r8.internal.aZ::a (20 bytes)
Event: 23.733 Thread 0x0000023d7914c800 12933       2       com.android.tools.r8.code.N0::a (1 bytes)
Event: 23.734 Thread 0x0000023d7914c800 nmethod 12933 0x0000023d02096190 code [0x0000023d02096340, 0x0000023d02096438]
Event: 23.734 Thread 0x0000023d7914c800 12934       2       com.android.tools.r8.code.D1::a (1 bytes)
Event: 23.734 Thread 0x0000023d7914c800 nmethod 12934 0x0000023d02096510 code [0x0000023d020966c0, 0x0000023d020967b8]
Event: 23.735 Thread 0x0000023d7914c800 12936       2       com.android.tools.r8.code.r::a (1 bytes)
Event: 23.735 Thread 0x0000023d7914c800 nmethod 12936 0x0000023d02096890 code [0x0000023d02096a40, 0x0000023d02096b38]
Event: 23.736 Thread 0x0000023d7914c800 12938       2       com.android.tools.r8.code.c0::a (1 bytes)
Event: 23.736 Thread 0x0000023d7914c800 nmethod 12938 0x0000023d02096c10 code [0x0000023d02096dc0, 0x0000023d02096eb8]
Event: 23.736 Thread 0x0000023d7914c800 12939       2       com.android.tools.r8.code.L::a (1 bytes)
Event: 23.736 Thread 0x0000023d7914c800 nmethod 12939 0x0000023d02096f90 code [0x0000023d02097140, 0x0000023d02097238]
Event: 23.821 Thread 0x0000023d7914c800 12949       2       com.android.tools.r8.code.a::a (1 bytes)
Event: 23.821 Thread 0x0000023d7914c800 nmethod 12949 0x0000023d02097310 code [0x0000023d020974c0, 0x0000023d020975b8]

GC Heap History (20 events):
Event: 19.085 GC heap after
{Heap after GC invocations=26 (full 0):
 garbage-first heap   total 189440K, used 103605K [0x0000000080000000, 0x0000000100000000)
  region size 1024K, 7 young (7168K), 7 survivors (7168K)
 Metaspace       used 94235K, capacity 96391K, committed 96684K, reserved 1132544K
  class space    used 12196K, capacity 13000K, committed 13056K, reserved 1048576K
}
Event: 19.358 GC heap before
{Heap before GC invocations=27 (full 0):
 garbage-first heap   total 189440K, used 171189K [0x0000000080000000, 0x0000000100000000)
  region size 1024K, 50 young (51200K), 7 survivors (7168K)
 Metaspace       used 94472K, capacity 96623K, committed 96684K, reserved 1132544K
  class space    used 12219K, capacity 13034K, committed 13056K, reserved 1048576K
}
Event: 19.427 GC heap after
{Heap after GC invocations=28 (full 0):
 garbage-first heap   total 195584K, used 128962K [0x0000000080000000, 0x0000000100000000)
  region size 1024K, 7 young (7168K), 7 survivors (7168K)
 Metaspace       used 94472K, capacity 96623K, committed 96684K, reserved 1132544K
  class space    used 12219K, capacity 13034K, committed 13056K, reserved 1048576K
}
Event: 19.867 GC heap before
{Heap before GC invocations=29 (full 0):
 garbage-first heap   total 195584K, used 159682K [0x0000000080000000, 0x0000000100000000)
  region size 1024K, 36 young (36864K), 7 survivors (7168K)
 Metaspace       used 96826K, capacity 98966K, committed 99244K, reserved 1134592K
  class space    used 12683K, capacity 13518K, committed 13568K, reserved 1048576K
}
Event: 19.904 GC heap after
{Heap after GC invocations=30 (full 0):
 garbage-first heap   total 237568K, used 141661K [0x0000000080000000, 0x0000000100000000)
  region size 1024K, 5 young (5120K), 5 survivors (5120K)
 Metaspace       used 96826K, capacity 98966K, committed 99244K, reserved 1134592K
  class space    used 12683K, capacity 13518K, committed 13568K, reserved 1048576K
}
Event: 20.148 GC heap before
{Heap before GC invocations=30 (full 0):
 garbage-first heap   total 237568K, used 178525K [0x0000000080000000, 0x0000000100000000)
  region size 1024K, 42 young (43008K), 5 survivors (5120K)
 Metaspace       used 96907K, capacity 99036K, committed 99244K, reserved 1134592K
  class space    used 12683K, capacity 13518K, committed 13568K, reserved 1048576K
}
Event: 20.179 GC heap after
{Heap after GC invocations=31 (full 0):
 garbage-first heap   total 237568K, used 161280K [0x0000000080000000, 0x0000000100000000)
  region size 1024K, 6 young (6144K), 6 survivors (6144K)
 Metaspace       used 96907K, capacity 99036K, committed 99244K, reserved 1134592K
  class space    used 12683K, capacity 13518K, committed 13568K, reserved 1048576K
}
Event: 20.588 GC heap before
{Heap before GC invocations=31 (full 0):
 garbage-first heap   total 237568K, used 186880K [0x0000000080000000, 0x0000000100000000)
  region size 1024K, 32 young (32768K), 6 survivors (6144K)
 Metaspace       used 96926K, capacity 99101K, committed 99244K, reserved 1134592K
  class space    used 12683K, capacity 13518K, committed 13568K, reserved 1048576K
}
Event: 20.611 GC heap after
{Heap after GC invocations=32 (full 0):
 garbage-first heap   total 237568K, used 176128K [0x0000000080000000, 0x0000000100000000)
  region size 1024K, 4 young (4096K), 4 survivors (4096K)
 Metaspace       used 96926K, capacity 99101K, committed 99244K, reserved 1134592K
  class space    used 12683K, capacity 13518K, committed 13568K, reserved 1048576K
}
Event: 21.455 GC heap before
{Heap before GC invocations=33 (full 0):
 garbage-first heap   total 237568K, used 192512K [0x0000000080000000, 0x0000000100000000)
  region size 1024K, 21 young (21504K), 4 survivors (4096K)
 Metaspace       used 96928K, capacity 99101K, committed 99244K, reserved 1134592K
  class space    used 12684K, capacity 13518K, committed 13568K, reserved 1048576K
}
Event: 21.470 GC heap after
{Heap after GC invocations=34 (full 0):
 garbage-first heap   total 237568K, used 186368K [0x0000000080000000, 0x0000000100000000)
  region size 1024K, 3 young (3072K), 3 survivors (3072K)
 Metaspace       used 96928K, capacity 99101K, committed 99244K, reserved 1134592K
  class space    used 12684K, capacity 13518K, committed 13568K, reserved 1048576K
}
Event: 21.983 GC heap before
{Heap before GC invocations=34 (full 0):
 garbage-first heap   total 237568K, used 197632K [0x0000000080000000, 0x0000000100000000)
  region size 1024K, 15 young (15360K), 3 survivors (3072K)
 Metaspace       used 98828K, capacity 101032K, committed 101292K, reserved 1136640K
  class space    used 12942K, capacity 13817K, committed 13824K, reserved 1048576K
}
Event: 21.995 GC heap after
{Heap after GC invocations=35 (full 0):
 garbage-first heap   total 285696K, used 189440K [0x0000000080000000, 0x0000000100000000)
  region size 1024K, 2 young (2048K), 2 survivors (2048K)
 Metaspace       used 98828K, capacity 101032K, committed 101292K, reserved 1136640K
  class space    used 12942K, capacity 13817K, committed 13824K, reserved 1048576K
}
Event: 22.660 GC heap before
{Heap before GC invocations=36 (full 0):
 garbage-first heap   total 285696K, used 205824K [0x0000000080000000, 0x0000000100000000)
  region size 1024K, 29 young (29696K), 2 survivors (2048K)
 Metaspace       used 99688K, capacity 102122K, committed 102316K, reserved 1138688K
  class space    used 13066K, capacity 14025K, committed 14080K, reserved 1048576K
}
Event: 22.675 GC heap after
{Heap after GC invocations=37 (full 0):
 garbage-first heap   total 285696K, used 184320K [0x0000000080000000, 0x0000000100000000)
  region size 1024K, 4 young (4096K), 4 survivors (4096K)
 Metaspace       used 99688K, capacity 102122K, committed 102316K, reserved 1138688K
  class space    used 13066K, capacity 14025K, committed 14080K, reserved 1048576K
}
Event: 22.761 GC heap before
{Heap before GC invocations=37 (full 0):
 garbage-first heap   total 285696K, used 193536K [0x0000000080000000, 0x0000000100000000)
  region size 1024K, 13 young (13312K), 4 survivors (4096K)
 Metaspace       used 99691K, capacity 102123K, committed 102316K, reserved 1138688K
  class space    used 13066K, capacity 14025K, committed 14080K, reserved 1048576K
}
Event: 22.772 GC heap after
{Heap after GC invocations=38 (full 0):
 garbage-first heap   total 285696K, used 182933K [0x0000000080000000, 0x0000000100000000)
  region size 1024K, 2 young (2048K), 2 survivors (2048K)
 Metaspace       used 99691K, capacity 102123K, committed 102316K, reserved 1138688K
  class space    used 13066K, capacity 14025K, committed 14080K, reserved 1048576K
}
Event: 23.050 GC heap before
{Heap before GC invocations=38 (full 0):
 garbage-first heap   total 285696K, used 212629K [0x0000000080000000, 0x0000000100000000)
  region size 1024K, 32 young (32768K), 2 survivors (2048K)
 Metaspace       used 100264K, capacity 102726K, committed 102956K, reserved 1138688K
  class space    used 13134K, capacity 14111K, committed 14208K, reserved 1048576K
}
Event: 23.059 GC heap after
{Heap after GC invocations=39 (full 0):
 garbage-first heap   total 285696K, used 186732K [0x0000000080000000, 0x0000000100000000)
  region size 1024K, 4 young (4096K), 4 survivors (4096K)
 Metaspace       used 100264K, capacity 102726K, committed 102956K, reserved 1138688K
  class space    used 13134K, capacity 14111K, committed 14208K, reserved 1048576K
}
Event: 23.822 GC heap before
{Heap before GC invocations=40 (full 0):
 garbage-first heap   total 285696K, used 224620K [0x0000000080000000, 0x0000000100000000)
  region size 1024K, 36 young (36864K), 4 survivors (4096K)
 Metaspace       used 100275K, capacity 102709K, committed 102956K, reserved 1138688K
  class space    used 13130K, capacity 14105K, committed 14208K, reserved 1048576K
}

Deoptimization events (20 events):
Event: 23.075 Thread 0x0000023d7ddee000 DEOPT PACKING pc=0x0000023d0207bd0e sp=0x000000a8449fd4b0
Event: 23.075 Thread 0x0000023d7ddee000 DEOPT UNPACKING pc=0x0000023d0004a95e sp=0x000000a8449fc940 mode 0
Event: 23.075 Thread 0x0000023d7ddee000 DEOPT PACKING pc=0x0000023d0207bd0e sp=0x000000a8449fd500
Event: 23.075 Thread 0x0000023d7ddee000 DEOPT UNPACKING pc=0x0000023d0004a95e sp=0x000000a8449fc990 mode 0
Event: 23.078 Thread 0x0000023d7ddee000 DEOPT PACKING pc=0x0000023d0207bd0e sp=0x000000a8449fd4b0
Event: 23.078 Thread 0x0000023d7ddee000 DEOPT UNPACKING pc=0x0000023d0004a95e sp=0x000000a8449fc940 mode 0
Event: 23.078 Thread 0x0000023d7ddee000 DEOPT PACKING pc=0x0000023d0207bd0e sp=0x000000a8449fd500
Event: 23.078 Thread 0x0000023d7ddee000 DEOPT UNPACKING pc=0x0000023d0004a95e sp=0x000000a8449fc990 mode 0
Event: 23.082 Thread 0x0000023d7ddee000 DEOPT PACKING pc=0x0000023d0207bd0e sp=0x000000a8449fd4b0
Event: 23.082 Thread 0x0000023d7ddee000 DEOPT UNPACKING pc=0x0000023d0004a95e sp=0x000000a8449fc940 mode 0
Event: 23.082 Thread 0x0000023d7ddee000 DEOPT PACKING pc=0x0000023d0207bd0e sp=0x000000a8449fd500
Event: 23.082 Thread 0x0000023d7ddee000 DEOPT UNPACKING pc=0x0000023d0004a95e sp=0x000000a8449fc990 mode 0
Event: 23.084 Thread 0x0000023d7ddee000 DEOPT PACKING pc=0x0000023d0207bd0e sp=0x000000a8449fd4b0
Event: 23.084 Thread 0x0000023d7ddee000 DEOPT UNPACKING pc=0x0000023d0004a95e sp=0x000000a8449fc940 mode 0
Event: 23.085 Thread 0x0000023d7ddee000 DEOPT PACKING pc=0x0000023d0207bd0e sp=0x000000a8449fd500
Event: 23.085 Thread 0x0000023d7ddee000 DEOPT UNPACKING pc=0x0000023d0004a95e sp=0x000000a8449fc990 mode 0
Event: 23.732 Thread 0x0000023d7ddee000 Uncommon trap: trap_request=0xffffff5c fr.pc=0x0000023d08360f34 relative=0x0000000000000c54
Event: 23.732 Thread 0x0000023d7ddee000 Uncommon trap: reason=speculate_null_assert action=make_not_entrant pc=0x0000023d08360f34 method=com.android.tools.r8.graph.V2.a(Lcom/android/tools/r8/graph/h2;Lcom/android/tools/r8/graph/R0;)Lcom/android/tools/r8/graph/h2; @ 139 c2
Event: 23.732 Thread 0x0000023d7ddee000 DEOPT PACKING pc=0x0000023d08360f34 sp=0x000000a8449fd0e0
Event: 23.732 Thread 0x0000023d7ddee000 DEOPT UNPACKING pc=0x0000023d0004a1af sp=0x000000a8449fce58 mode 2

Classes redefined (0 events):
No events

Internal exceptions (20 events):
Event: 18.821 Thread 0x0000023d7ddee000 Exception <a 'sun/nio/fs/WindowsException'{0x000000008a852b28}> (0x000000008a852b28) thrown at [./src/hotspot/share/prims/jni.cpp, line 615]
Event: 18.912 Thread 0x0000023d7dde2800 Exception <a 'java/lang/NoSuchMethodError'{0x000000008a532010}: 'void java.lang.invoke.DirectMethodHandle$Holder.invokeStatic(java.lang.Object, long)'> (0x000000008a532010) thrown at [./src/hotspot/share/interpreter/linkResolver.cpp, line 773]
Event: 18.913 Thread 0x0000023d7dde2800 Exception <a 'java/lang/NoSuchMethodError'{0x000000008a537228}: 'java.lang.Object java.lang.invoke.DirectMethodHandle$Holder.invokeStatic(java.lang.Object, long)'> (0x000000008a537228) thrown at [./src/hotspot/share/interpreter/linkResolver.cpp, line 773]
Event: 18.916 Thread 0x0000023d7dde2800 Exception <a 'java/lang/NoSuchMethodError'{0x000000008a545590}: 'java.lang.Object java.lang.invoke.DirectMethodHandle$Holder.invokeStaticInit(java.lang.Object, java.lang.Object, long, java.lang.Object)'> (0x000000008a545590) thrown at [./src/hotspot/share/interpreter/linkResolver.cpp, line 773]
Event: 18.916 Thread 0x0000023d7dde2800 Exception <a 'java/lang/NoSuchMethodError'{0x000000008a54b728}: 'java.lang.Object java.lang.invoke.DirectMethodHandle$Holder.invokeStatic(java.lang.Object, java.lang.Object, long)'> (0x000000008a54b728) thrown at [./src/hotspot/share/interpreter/linkResolver.cpp, line 773]
Event: 18.916 Thread 0x0000023d7dde2800 Exception <a 'java/lang/NoSuchMethodError'{0x000000008a551ca0}: 'java.lang.Object java.lang.invoke.Invokers$Holder.linkToTargetMethod(java.lang.Object, long, java.lang.Object)'> (0x000000008a551ca0) thrown at [./src/hotspot/share/interpreter/linkResolver.cpp, line 773]
Event: 19.065 Thread 0x0000023d7ddee000 Exception <a 'java/lang/NoSuchMethodError'{0x0000000089f9e538}: 'java.lang.Object java.lang.invoke.DirectMethodHandle$Holder.invokeStaticInit(java.lang.Object, java.lang.Object, java.lang.Object, java.lang.Object, java.lang.Object, java.lang.Object, java.lang.Object, java.lang.Object, java.lang.Object, java.lang.Object, java.lang.Object, java.lang.Object, java.lang.Object, java.lang.Object, java.lang.Object, java.lang.Object, java.lang.Object, java.lang.Object, int, java.lang.Object, java.lang.Object)'> (0
Event: 19.555 Thread 0x0000023d7ddef800 Exception <a 'java/lang/NoSuchMethodError'{0x000000008aae18f8}: 'java.lang.Object java.lang.invoke.DirectMethodHandle$Holder.newInvokeSpecial(java.lang.Object, int)'> (0x000000008aae18f8) thrown at [./src/hotspot/share/interpreter/linkResolver.cpp, line 773]
Event: 19.659 Thread 0x0000023d7ddef800 Exception <a 'java/lang/IncompatibleClassChangeError'{0x000000008a905a60}: Found class java.lang.Object, but interface was expected> (0x000000008a905a60) thrown at [./src/hotspot/share/interpreter/linkResolver.cpp, line 839]
Event: 19.662 Thread 0x0000023d7ddf1800 Exception <a 'java/lang/IncompatibleClassChangeError'{0x000000008a666b18}: Found class java.lang.Object, but interface was expected> (0x000000008a666b18) thrown at [./src/hotspot/share/interpreter/linkResolver.cpp, line 839]
Event: 19.663 Thread 0x0000023d7ddf1800 Exception <a 'java/lang/IncompatibleClassChangeError'{0x000000008a677598}: Found class java.lang.Object, but interface was expected> (0x000000008a677598) thrown at [./src/hotspot/share/interpreter/linkResolver.cpp, line 839]
Event: 19.753 Thread 0x0000023d7dde2800 Exception <a 'java/lang/NoSuchMethodError'{0x000000008a247a08}: 'int java.lang.invoke.DirectMethodHandle$Holder.invokeSpecialIFC(java.lang.Object, java.lang.Object, java.lang.Object)'> (0x000000008a247a08) thrown at [./src/hotspot/share/interpreter/linkResolver.cpp, line 773]
Event: 21.832 Thread 0x0000023d7ddee000 Exception <a 'java/lang/IncompatibleClassChangeError'{0x000000008e142dc8}: Found class java.lang.Object, but interface was expected> (0x000000008e142dc8) thrown at [./src/hotspot/share/interpreter/linkResolver.cpp, line 839]
Event: 22.379 Thread 0x0000023d7ddee000 Exception <a 'java/lang/NoSuchMethodError'{0x00000000907ffd98}: 'int java.lang.invoke.DirectMethodHandle$Holder.invokeSpecial(java.lang.Object, java.lang.Object, java.lang.Object, java.lang.Object, java.lang.Object)'> (0x00000000907ffd98) thrown at [./src/hotspot/share/interpreter/linkResolver.cpp, line 773]
Event: 22.481 Thread 0x0000023d7ddee000 Exception <a 'java/lang/IncompatibleClassChangeError'{0x0000000090182490}: Found class java.lang.Object, but interface was expected> (0x0000000090182490) thrown at [./src/hotspot/share/interpreter/linkResolver.cpp, line 839]
Event: 22.497 Thread 0x0000023d7ddee000 Exception <a 'java/lang/NoSuchMethodError'{0x00000000901f2048}: 'java.lang.Object java.lang.invoke.Invokers$Holder.linkToTargetMethod(java.lang.Object, int, java.lang.Object, java.lang.Object, java.lang.Object, java.lang.Object)'> (0x00000000901f2048) thrown at [./src/hotspot/share/interpreter/linkResolver.cpp, line 773]
Event: 22.514 Thread 0x0000023d7ddee000 Exception <a 'java/lang/NoSuchMethodError'{0x00000000900448a8}: 'java.lang.Object java.lang.invoke.Invokers$Holder.linkToTargetMethod(java.lang.Object, java.lang.Object, java.lang.Object, int, java.lang.Object, java.lang.Object, java.lang.Object)'> (0x00000000900448a8) thrown at [./src/hotspot/share/interpreter/linkResolver.cpp, line 773]
Event: 22.557 Thread 0x0000023d7ddee000 Exception <a 'java/lang/NoSuchMethodError'{0x000000008ff1ae70}: 'void java.lang.invoke.DirectMethodHandle$Holder.invokeStatic(java.lang.Object, java.lang.Object, java.lang.Object, java.lang.Object, java.lang.Object, java.lang.Object, java.lang.Object, java.lang.Object)'> (0x000000008ff1ae70) thrown at [./src/hotspot/share/interpreter/linkResolver.cpp, line 773]
Event: 22.566 Thread 0x0000023d7ddee000 Implicit null exception at 0x0000023d082e1d9e to 0x0000023d082e2bf0
Event: 22.572 Thread 0x0000023d7ddee000 Implicit null exception at 0x0000023d083114f2 to 0x0000023d083115f8

Events (20 events):
Event: 22.941 loading class com/android/tools/r8/graph/c2 done
Event: 22.941 loading class com/android/tools/r8/graph/i2
Event: 22.941 loading class com/android/tools/r8/graph/i2 done
Event: 22.942 loading class com/android/tools/r8/graph/d1
Event: 22.942 loading class com/android/tools/r8/graph/d1 done
Event: 22.942 loading class com/android/tools/r8/graph/d1
Event: 22.942 loading class com/android/tools/r8/graph/d1 done
Event: 22.942 loading class com/android/tools/r8/graph/V2
Event: 22.942 loading class com/android/tools/r8/graph/V2 done
Event: 22.942 loading class com/android/tools/r8/graph/V2
Event: 22.942 loading class com/android/tools/r8/graph/V2 done
Event: 23.049 Executing VM operation: G1CollectForAllocation
Event: 23.059 Executing VM operation: G1CollectForAllocation done
Event: 23.329 loading class com/android/tools/r8/graph/X1
Event: 23.329 loading class com/android/tools/r8/graph/X1 done
Event: 23.444 Executing VM operation: CGC_Operation
Event: 23.460 Executing VM operation: CGC_Operation done
Event: 23.667 Executing VM operation: CGC_Operation
Event: 23.667 Executing VM operation: CGC_Operation done
Event: 23.822 Executing VM operation: G1CollectForAllocation


Dynamic libraries:
0x00007ff7595d0000 - 0x00007ff7595da000 	C:\Program Files\Android\Android Studio\jre\bin\java.exe
0x00007fffa6130000 - 0x00007fffa6325000 	C:\WINDOWS\SYSTEM32\ntdll.dll
0x00007fffa5d30000 - 0x00007fffa5ded000 	C:\WINDOWS\System32\KERNEL32.DLL
0x00007fffa3da0000 - 0x00007fffa406d000 	C:\WINDOWS\System32\KERNELBASE.dll
0x00007fffa3b70000 - 0x00007fffa3c70000 	C:\WINDOWS\System32\ucrtbase.dll
0x00007fff942a0000 - 0x00007fff942b9000 	C:\Program Files\Android\Android Studio\jre\bin\jli.dll
0x00007fff94280000 - 0x00007fff94297000 	C:\Program Files\Android\Android Studio\jre\bin\VCRUNTIME140.dll
0x00007fffa4a20000 - 0x00007fffa4bc0000 	C:\WINDOWS\System32\USER32.dll
0x00007fff902a0000 - 0x00007fff9053a000 	C:\WINDOWS\WinSxS\amd64_microsoft.windows.common-controls_6595b64144ccf1df_6.0.19041.1110_none_60b5254171f9507e\COMCTL32.dll
0x00007fffa3840000 - 0x00007fffa3862000 	C:\WINDOWS\System32\win32u.dll
0x00007fffa48d0000 - 0x00007fffa496e000 	C:\WINDOWS\System32\msvcrt.dll
0x00007fffa59a0000 - 0x00007fffa59ca000 	C:\WINDOWS\System32\GDI32.dll
0x00007fffa4070000 - 0x00007fffa417b000 	C:\WINDOWS\System32\gdi32full.dll
0x00007fffa3ad0000 - 0x00007fffa3b6d000 	C:\WINDOWS\System32\msvcp_win.dll
0x00007fffa5df0000 - 0x00007fffa5e20000 	C:\WINDOWS\System32\IMM32.DLL
0x00007fff85ae0000 - 0x00007fff85b7d000 	C:\Program Files\Android\Android Studio\jre\bin\msvcp140.dll
0x00007fff46510000 - 0x00007fff46ff5000 	C:\Program Files\Android\Android Studio\jre\bin\server\jvm.dll
0x00007fffa5e20000 - 0x00007fffa5ece000 	C:\WINDOWS\System32\ADVAPI32.dll
0x00007fffa5ee0000 - 0x00007fffa5f7c000 	C:\WINDOWS\System32\sechost.dll
0x00007fffa5020000 - 0x00007fffa5145000 	C:\WINDOWS\System32\RPCRT4.dll
0x00007fffa5ed0000 - 0x00007fffa5ed8000 	C:\WINDOWS\System32\PSAPI.DLL
0x00007fff95760000 - 0x00007fff95787000 	C:\WINDOWS\SYSTEM32\WINMM.dll
0x00007fff92760000 - 0x00007fff92769000 	C:\WINDOWS\SYSTEM32\WSOCK32.dll
0x00007fff9dea0000 - 0x00007fff9deaa000 	C:\WINDOWS\SYSTEM32\VERSION.dll
0x00007fffa5150000 - 0x00007fffa51bb000 	C:\WINDOWS\System32\WS2_32.dll
0x00007fffa1760000 - 0x00007fffa1772000 	C:\WINDOWS\SYSTEM32\kernel.appcore.dll
0x00007fff88410000 - 0x00007fff88421000 	C:\Program Files\Android\Android Studio\jre\bin\verify.dll
0x00007fff93a70000 - 0x00007fff93c54000 	C:\WINDOWS\SYSTEM32\DBGHELP.DLL
0x00007fff919a0000 - 0x00007fff919cc000 	C:\WINDOWS\SYSTEM32\dbgcore.DLL
0x00007fffa3a40000 - 0x00007fffa3ac2000 	C:\WINDOWS\System32\bcryptPrimitives.dll
0x00007fff86730000 - 0x00007fff86759000 	C:\Program Files\Android\Android Studio\jre\bin\java.dll
0x00007fff913f0000 - 0x00007fff913fb000 	C:\Program Files\Android\Android Studio\jre\bin\jimage.dll
0x00007fff88100000 - 0x00007fff88118000 	C:\Program Files\Android\Android Studio\jre\bin\zip.dll
0x00007fffa4180000 - 0x00007fffa48c4000 	C:\WINDOWS\System32\SHELL32.dll
0x00007fffa1960000 - 0x00007fffa20f4000 	C:\WINDOWS\SYSTEM32\windows.storage.dll
0x00007fffa59d0000 - 0x00007fffa5d24000 	C:\WINDOWS\System32\combase.dll
0x00007fffa31d0000 - 0x00007fffa31fc000 	C:\WINDOWS\SYSTEM32\Wldp.dll
0x00007fffa4ca0000 - 0x00007fffa4d4d000 	C:\WINDOWS\System32\SHCORE.dll
0x00007fffa51e0000 - 0x00007fffa5235000 	C:\WINDOWS\System32\shlwapi.dll
0x00007fffa3780000 - 0x00007fffa379f000 	C:\WINDOWS\SYSTEM32\profapi.dll
0x00007fff86810000 - 0x00007fff8682a000 	C:\Program Files\Android\Android Studio\jre\bin\net.dll
0x00007fff9c6b0000 - 0x00007fff9c7ba000 	C:\WINDOWS\SYSTEM32\WINHTTP.dll
0x00007fffa2f30000 - 0x00007fffa2f9a000 	C:\WINDOWS\system32\mswsock.dll
0x00007fff86710000 - 0x00007fff86724000 	C:\Program Files\Android\Android Studio\jre\bin\nio.dll
0x00007fff884b0000 - 0x00007fff884d7000 	C:\Users\VINICIUS\.gradle\native\e1d6ef7f7dcc3fd88c89a11ec53ec762bb8ba0a96d01ffa2cd45eb1d1d8dd5c5\windows-amd64\native-platform.dll
0x00007fff49220000 - 0x00007fff49364000 	C:\Users\VINICIUS\.gradle\native\5664cfc778a61ccfe75a443a1ab52a65af34e5dc3c78e0209fed803814484fcb\windows-amd64\native-platform-file-events.dll
0x00007fff8ebf0000 - 0x00007fff8ebfa000 	C:\Program Files\Android\Android Studio\jre\bin\management.dll
0x00007fff87c90000 - 0x00007fff87c9d000 	C:\Program Files\Android\Android Studio\jre\bin\management_ext.dll
0x00007fffa3130000 - 0x00007fffa3148000 	C:\WINDOWS\SYSTEM32\CRYPTSP.dll
0x00007fffa28b0000 - 0x00007fffa28e4000 	C:\WINDOWS\system32\rsaenh.dll
0x00007fffa3cc0000 - 0x00007fffa3ce7000 	C:\WINDOWS\System32\bcrypt.dll
0x00007fffa3740000 - 0x00007fffa376e000 	C:\WINDOWS\SYSTEM32\USERENV.dll
0x00007fffa3120000 - 0x00007fffa312c000 	C:\WINDOWS\SYSTEM32\CRYPTBASE.dll
0x00007fffa2c20000 - 0x00007fffa2c5b000 	C:\WINDOWS\SYSTEM32\IPHLPAPI.DLL
0x00007fffa4a10000 - 0x00007fffa4a18000 	C:\WINDOWS\System32\NSI.dll
0x00007fff9e130000 - 0x00007fff9e147000 	C:\WINDOWS\SYSTEM32\dhcpcsvc6.DLL
0x00007fff9e110000 - 0x00007fff9e12d000 	C:\WINDOWS\SYSTEM32\dhcpcsvc.DLL
0x00007fffa2c60000 - 0x00007fffa2d2b000 	C:\WINDOWS\SYSTEM32\DNSAPI.dll

dbghelp: loaded successfully - version: 4.0.5 - missing functions: none
symbol engine: initialized successfully - sym options: 0x614 - pdb path: .;C:\Program Files\Android\Android Studio\jre\bin;C:\WINDOWS\SYSTEM32;C:\WINDOWS\WinSxS\amd64_microsoft.windows.common-controls_6595b64144ccf1df_6.0.19041.1110_none_60b5254171f9507e;C:\Program Files\Android\Android Studio\jre\bin\server;C:\Users\VINICIUS\.gradle\native\e1d6ef7f7dcc3fd88c89a11ec53ec762bb8ba0a96d01ffa2cd45eb1d1d8dd5c5\windows-amd64;C:\Users\VINICIUS\.gradle\native\5664cfc778a61ccfe75a443a1ab52a65af34e5dc3c78e0209fed803814484fcb\windows-amd64

VM Arguments:
jvm_args: --add-opens=java.base/java.util=ALL-UNNAMED --add-opens=java.base/java.lang=ALL-UNNAMED --add-opens=java.base/java.lang.invoke=ALL-UNNAMED --add-opens=java.base/java.util=ALL-UNNAMED --add-opens=java.prefs/java.util.prefs=ALL-UNNAMED --add-opens=java.prefs/java.util.prefs=ALL-UNNAMED --add-opens=java.base/java.nio.charset=ALL-UNNAMED --add-opens=java.base/java.net=ALL-UNNAMED --add-opens=java.base/java.util.concurrent.atomic=ALL-UNNAMED -Xmx2048m -Dfile.encoding=UTF-8 -Duser.country=BR -Duser.language=pt -Duser.variant 
java_command: org.gradle.launcher.daemon.bootstrap.GradleDaemon 7.3.3
java_class_path (initial): C:\Users\VINICIUS\.gradle\wrapper\dists\gradle-7.3.3-bin\6a41zxkdtcxs8rphpq6y0069z\gradle-7.3.3\lib\gradle-launcher-7.3.3.jar
Launcher Type: SUN_STANDARD

[Global flags]
     intx CICompilerCount                          = 3                                         {product} {ergonomic}
     uint ConcGCThreads                            = 1                                         {product} {ergonomic}
     uint G1ConcRefinementThreads                  = 4                                         {product} {ergonomic}
   size_t G1HeapRegionSize                         = 1048576                                   {product} {ergonomic}
    uintx GCDrainStackTargetSize                   = 64                                        {product} {ergonomic}
   size_t InitialHeapSize                          = 134217728                                 {product} {ergonomic}
   size_t MarkStackSize                            = 4194304                                   {product} {ergonomic}
   size_t MaxHeapSize                              = 2147483648                                {product} {command line}
   size_t MaxNewSize                               = 1287651328                                {product} {ergonomic}
   size_t MinHeapDeltaBytes                        = 1048576                                   {product} {ergonomic}
    uintx NonNMethodCodeHeapSize                   = 5830732                                {pd product} {ergonomic}
    uintx NonProfiledCodeHeapSize                  = 122913754                              {pd product} {ergonomic}
    uintx ProfiledCodeHeapSize                     = 122913754                              {pd product} {ergonomic}
    uintx ReservedCodeCacheSize                    = 251658240                              {pd product} {ergonomic}
     bool SegmentedCodeCache                       = true                                      {product} {ergonomic}
     bool UseCompressedClassPointers               = true                                 {lp64_product} {ergonomic}
     bool UseCompressedOops                        = true                                 {lp64_product} {ergonomic}
     bool UseG1GC                                  = true                                      {product} {ergonomic}
     bool UseLargePagesIndividualAllocation        = false                                  {pd product} {ergonomic}

Logging:
Log output configuration:
 #0: stdout all=warning uptime,level,tags
 #1: stderr all=off uptime,level,tags

Environment Variables:
JAVA_HOME=D:\java
PATH=C:\Python310\Scripts\;C:\Python310\;C:\Program Files (x86)\Common Files\Oracle\Java\javapath;C:\Windows\system32;C:\Windows;C:\Windows\System32\Wbem;C:\Windows\System32\WindowsPowerShell\v1.0\;C:\Windows\System32\OpenSSH\;C:\Program Files (x86)\NVIDIA Corporation\PhysX\Common;D:\java\bin;C:\WINDOWS\system32;C:\WINDOWS;C:\WINDOWS\System32\Wbem;C:\WINDOWS\System32\WindowsPowerShell\v1.0\;C:\WINDOWS\System32\OpenSSH\;C:\Program Files\NVIDIA Corporation\NVIDIA NvDLISR;C:\WINDOWS\system32;C:\WINDOWS;C:\WINDOWS\System32\Wbem;C:\WINDOWS\System32\WindowsPowerShell\v1.0\;C:\WINDOWS\System32\OpenSSH\;C:\Program Files\Git\cmd;C:\Program Files\Microsoft SQL Server\120\Tools\Binn\;C:\Program Files\Common Files\Autodesk Shared\;C:\Program Files\nodejs\;C:\ProgramData\chocolatey\bin;C:\Users\VINICIUS\AppData\Local\Microsoft\WindowsApps;C:\Users\VINICIUS\AppData\Roaming\npm
USERNAME=VINICIUS
OS=Windows_NT
PROCESSOR_IDENTIFIER=Intel64 Family 6 Model 42 Stepping 7, GenuineIntel



---------------  S Y S T E M  ---------------

OS: Windows 10 , 64 bit Build 19041 (10.0.19041.1706)
OS uptime: 0 days 5:39 hours

CPU:total 4 (initial active 4) (4 cores per cpu, 1 threads per core) family 6 model 42 stepping 7 microcode 0x2f, cmov, cx8, fxsr, mmx, sse, sse2, sse3, ssse3, sse4.1, sse4.2, popcnt, avx, aes, clmul, tsc, tscinvbit

Memory: 4k page, system-wide physical 8136M (1300M free)
TotalPageFile size 11976M (AvailPageFile size 1982M)
current process WorkingSet (physical memory assigned to process): 586M, peak: 590M
current process commit charge ("private bytes"): 625M, peak: 630M

vm_info: OpenJDK 64-Bit Server VM (11.0.12+7-b1504.28-7817840) for windows-amd64 JRE (11.0.12+7-b1504.28-7817840), built on Oct 13 2021 22:12:33 by "builder" with MS VC++ 14.0 (VS2015)

END.
